This file contains any messages produced by compilers while
running configure, to aid debugging if configure makes a mistake.

It was created by REDUCE configure 20080421, which was
generated by GNU Autoconf 2.69.  Invocation command line was

  $ ./configure --with-csl

## --------- ##
## Platform. ##
## --------- ##

hostname = loris-5
uname -m = x86_64
uname -r = 3.16.0-30-generic
uname -s = Linux
uname -v = #40~14.04.1-Ubuntu SMP Thu Jan 15 17:43:14 UTC 2015

/usr/bin/uname -p = unknown
/bin/uname -X     = unknown

/bin/arch              = unknown
/usr/bin/arch -k       = unknown
/usr/convex/getsysinfo = unknown
/usr/bin/hostinfo      = unknown
/bin/machine           = unknown
/usr/bin/oslevel       = unknown
/bin/universe          = unknown

PATH: /usr/local/sbin
PATH: /usr/local/bin
PATH: /usr/sbin
PATH: /usr/bin
PATH: /sbin
PATH: /bin


## ----------- ##
## Core tests. ##
## ----------- ##

configure:1782: Absolute path to source directory = /usr/local/etc/reduce
configure:1818: checking build system type
configure:1832: result: x86_64-unknown-linux-gnu
configure:1852: checking host system type
configure:1865: result: x86_64-unknown-linux-gnu
configure:2060: +++ Will build in /usr/local/etc/reduce/cslbuild/x86_64-unknown-ubuntu14.04

## ---------------- ##
## Cache variables. ##
## ---------------- ##

ac_cv_build=x86_64-unknown-linux-gnu
ac_cv_env_build_alias_set=
ac_cv_env_build_alias_value=
ac_cv_env_host_alias_set=
ac_cv_env_host_alias_value=
ac_cv_env_target_alias_set=
ac_cv_env_target_alias_value=
ac_cv_host=x86_64-unknown-linux-gnu

## ----------------- ##
## Output variables. ##
## ----------------- ##

ACLOCAL=''
AMTAR=''
AUTOCONF=''
AUTOHEADER=''
AUTOMAKE=''
AWK=''
CYGPATH_W=''
DEFS=''
ECHO_C=''
ECHO_N='-n'
ECHO_T=''
INSTALL_DATA=''
INSTALL_PROGRAM=''
INSTALL_SCRIPT=''
INSTALL_STRIP_PROGRAM=''
LIBOBJS=''
LIBS=''
LTLIBOBJS=''
MAKEINFO=''
MKDIR_P=''
PACKAGE=''
PACKAGE_BUGREPORT='acn1@cam.ac.uk'
PACKAGE_NAME='REDUCE'
PACKAGE_STRING='REDUCE 20080421'
PACKAGE_TARNAME='reduce'
PACKAGE_URL=''
PACKAGE_VERSION='20080421'
PATH_SEPARATOR=':'
SET_MAKE=''
SHELL='/bin/sh'
STRIP=''
VERSION=''
am__isrc=''
am__leading_dot=''
am__tar=''
am__untar=''
bindir='${exec_prefix}/bin'
build='x86_64-unknown-ubuntu14.04'
build_alias=''
build_cpu='x86_64'
build_os='linux-gnu'
build_vendor='unknown'
csl_FALSE=''
csl_TRUE=''
cslpsl_FALSE=''
cslpsl_TRUE=''
datadir='${datarootdir}'
datarootdir='${prefix}/share'
docdir='${datarootdir}/doc/${PACKAGE_TARNAME}'
dvidir='${docdir}'
exec_prefix='NONE'
host='x86_64-unknown-linux-gnu'
host_alias=''
host_cpu='x86_64'
host_os='linux-gnu'
host_vendor='unknown'
htmldir='${docdir}'
includedir='${prefix}/include'
infodir='${datarootdir}/info'
install_sh=''
libdir='${exec_prefix}/lib'
libexecdir='${exec_prefix}/libexec'
localedir='${datarootdir}/locale'
localstatedir='${prefix}/var'
mandir='${datarootdir}/man'
mkdir_p=''
oldincludedir='/usr/include'
pdfdir='${docdir}'
prefix='NONE'
program_transform_name='s,x,x,'
psdir='${docdir}'
psl_FALSE=''
psl_TRUE=''
sbindir='${exec_prefix}/sbin'
sharedstatedir='${prefix}/com'
sysconfdir='${prefix}/etc'
target_alias=''

## ----------- ##
## confdefs.h. ##
## ----------- ##

/* confdefs.h */
#define PACKAGE_NAME "REDUCE"
#define PACKAGE_TARNAME "reduce"
#define PACKAGE_VERSION "20080421"
#define PACKAGE_STRING "REDUCE 20080421"
#define PACKAGE_BUGREPORT "acn1@cam.ac.uk"
#define PACKAGE_URL ""

configure: exit 0
