This file contains any messages produced by compilers while
running configure, to aid debugging if configure makes a mistake.

It was created by fox configure 1.6.21, which was
generated by GNU Autoconf 2.68.  Invocation command line was

  $ /usr/local/etc/reduce/csl/fox/configure --with-csl --with-build=x86_64-unknown-ubuntu12.04 CPPFLAGS= CFLAGS=  CXXFLAGS=  LDFLAGS= --enable-release --with-opengl=no --disable-jpeg --disable-zlib --disable-bz2lib --disable-png --disable-tiff --prefix=/usr/local/etc/reduce/cslbuild/x86_64-unknown-ubuntu12.04 --with-xft --no-create --no-recursion

## --------- ##
## Platform. ##
## --------- ##

hostname = loris-82
uname -m = x86_64
uname -r = 3.5.0-23-generic
uname -s = Linux
uname -v = #35~precise1-Ubuntu SMP Fri Jan 25 17:13:26 UTC 2013

/usr/bin/uname -p = unknown
/bin/uname -X     = unknown

/bin/arch              = unknown
/usr/bin/arch -k       = unknown
/usr/convex/getsysinfo = unknown
/usr/bin/hostinfo      = unknown
/bin/machine           = unknown
/usr/bin/oslevel       = unknown
/bin/universe          = unknown

PATH: /usr/local/sbin
PATH: /usr/local/bin
PATH: /usr/sbin
PATH: /usr/bin
PATH: /sbin
PATH: /bin
PATH: /usr/games
PATH: /usr/local/etc/reduce/bin


## ----------- ##
## Core tests. ##
## ----------- ##

configure:2316: checking for a BSD-compatible install
configure:2384: result: /usr/local/bin/install -c
configure:2395: checking whether build environment is sane
configure:2432: result: yes
configure:2457: checking for a thread-safe mkdir -p
configure:2496: result: /bin/mkdir -p
configure:2509: checking for gawk
configure:2539: result: no
configure:2509: checking for mawk
configure:2525: found /usr/local/bin/mawk
configure:2536: result: mawk
configure:2547: checking whether make sets $(MAKE)
configure:2569: result: yes
configure:2752: checking major version
configure:2754: result: 1
configure:2756: checking minor version
configure:2758: result: 6
configure:2760: checking patchlevel
configure:2762: result: 21
configure:2895: checking build system type
configure:2909: result: x86_64-unknown-linux-gnu
configure:2929: checking host system type
configure:2942: result: x86_64-unknown-linux-gnu
configure:2962: result: HOST_OS = linux-gnu
configure:3043: checking whether make sets $(MAKE)
configure:3065: result: yes
configure:3122: checking for gcc
configure:3138: found /usr/bin/gcc
configure:3149: result: gcc
configure:3378: checking for C compiler version
configure:3387: gcc --version >&5
gcc (Ubuntu/Linaro 4.6.3-1ubuntu5) 4.6.3
Copyright (C) 2011 Free Software Foundation, Inc.
This is free software; see the source for copying conditions.  There is NO
warranty; not even for MERCHANTABILITY or FITNESS FOR A PARTICULAR PURPOSE.

configure:3398: $? = 0
configure:3387: gcc -v >&5
Using built-in specs.
COLLECT_GCC=gcc
COLLECT_LTO_WRAPPER=/usr/lib/gcc/x86_64-linux-gnu/4.6/lto-wrapper
Target: x86_64-linux-gnu
Configured with: ../src/configure -v --with-pkgversion='Ubuntu/Linaro 4.6.3-1ubuntu5' --with-bugurl=file:///usr/share/doc/gcc-4.6/README.Bugs --enable-languages=c,c++,fortran,objc,obj-c++ --prefix=/usr --program-suffix=-4.6 --enable-shared --enable-linker-build-id --with-system-zlib --libexecdir=/usr/lib --without-included-gettext --enable-threads=posix --with-gxx-include-dir=/usr/include/c++/4.6 --libdir=/usr/lib --enable-nls --with-sysroot=/ --enable-clocale=gnu --enable-libstdcxx-debug --enable-libstdcxx-time=yes --enable-gnu-unique-object --enable-plugin --enable-objc-gc --disable-werror --with-arch-32=i686 --with-tune=generic --enable-checking=release --build=x86_64-linux-gnu --host=x86_64-linux-gnu --target=x86_64-linux-gnu
Thread model: posix
gcc version 4.6.3 (Ubuntu/Linaro 4.6.3-1ubuntu5) 
configure:3398: $? = 0
configure:3387: gcc -V >&5
gcc: error: unrecognized option '-V'
gcc: fatal error: no input files
compilation terminated.
configure:3398: $? = 4
configure:3387: gcc -qversion >&5
gcc: error: unrecognized option '-qversion'
gcc: fatal error: no input files
compilation terminated.
configure:3398: $? = 4
configure:3418: checking whether the C compiler works
configure:3440: gcc     conftest.c  >&5
configure:3444: $? = 0
configure:3492: result: yes
configure:3495: checking for C compiler default output file name
configure:3497: result: a.out
configure:3503: checking for suffix of executables
configure:3510: gcc -o conftest     conftest.c  >&5
configure:3514: $? = 0
configure:3536: result: 
configure:3558: checking whether we are cross compiling
configure:3566: gcc -o conftest     conftest.c  >&5
configure:3570: $? = 0
configure:3577: ./conftest
configure:3581: $? = 0
configure:3596: result: no
configure:3601: checking for suffix of object files
configure:3623: gcc -c    conftest.c >&5
configure:3627: $? = 0
configure:3648: result: o
configure:3652: checking whether we are using the GNU C compiler
configure:3671: gcc -c    conftest.c >&5
configure:3671: $? = 0
configure:3680: result: yes
configure:3689: checking whether gcc accepts -g
configure:3709: gcc -c -g  conftest.c >&5
configure:3709: $? = 0
configure:3750: result: yes
configure:3767: checking for gcc option to accept ISO C89
configure:3831: gcc  -c    conftest.c >&5
configure:3831: $? = 0
configure:3844: result: none needed
configure:3875: checking for style of include used by make
configure:3903: result: GNU
configure:3928: checking dependency style of gcc
configure:4019: result: gcc3
configure:4039: checking how to run the C preprocessor
configure:4070: gcc -E  conftest.c
configure:4070: $? = 0
configure:4084: gcc -E  conftest.c
conftest.c:11:28: fatal error: ac_nonexistent.h: No such file or directory
compilation terminated.
configure:4084: $? = 1
configure: failed program was:
| /* confdefs.h */
| #define PACKAGE_NAME "fox"
| #define PACKAGE_TARNAME "fox"
| #define PACKAGE_VERSION "1.6.21"
| #define PACKAGE_STRING "fox 1.6.21"
| #define PACKAGE_BUGREPORT ""
| #define PACKAGE_URL ""
| #define PACKAGE "fox"
| #define VERSION "1.6.21"
| /* end confdefs.h.  */
| #include <ac_nonexistent.h>
configure:4109: result: gcc -E
configure:4129: gcc -E  conftest.c
configure:4129: $? = 0
configure:4143: gcc -E  conftest.c
conftest.c:11:28: fatal error: ac_nonexistent.h: No such file or directory
compilation terminated.
configure:4143: $? = 1
configure: failed program was:
| /* confdefs.h */
| #define PACKAGE_NAME "fox"
| #define PACKAGE_TARNAME "fox"
| #define PACKAGE_VERSION "1.6.21"
| #define PACKAGE_STRING "fox 1.6.21"
| #define PACKAGE_BUGREPORT ""
| #define PACKAGE_URL ""
| #define PACKAGE "fox"
| #define VERSION "1.6.21"
| /* end confdefs.h.  */
| #include <ac_nonexistent.h>
configure:4229: checking for g++
configure:4245: found /usr/bin/g++
configure:4256: result: g++
configure:4283: checking for C++ compiler version
configure:4292: g++ --version >&5
g++ (Ubuntu/Linaro 4.6.3-1ubuntu5) 4.6.3
Copyright (C) 2011 Free Software Foundation, Inc.
This is free software; see the source for copying conditions.  There is NO
warranty; not even for MERCHANTABILITY or FITNESS FOR A PARTICULAR PURPOSE.

configure:4303: $? = 0
configure:4292: g++ -v >&5
Using built-in specs.
COLLECT_GCC=g++
COLLECT_LTO_WRAPPER=/usr/lib/gcc/x86_64-linux-gnu/4.6/lto-wrapper
Target: x86_64-linux-gnu
Configured with: ../src/configure -v --with-pkgversion='Ubuntu/Linaro 4.6.3-1ubuntu5' --with-bugurl=file:///usr/share/doc/gcc-4.6/README.Bugs --enable-languages=c,c++,fortran,objc,obj-c++ --prefix=/usr --program-suffix=-4.6 --enable-shared --enable-linker-build-id --with-system-zlib --libexecdir=/usr/lib --without-included-gettext --enable-threads=posix --with-gxx-include-dir=/usr/include/c++/4.6 --libdir=/usr/lib --enable-nls --with-sysroot=/ --enable-clocale=gnu --enable-libstdcxx-debug --enable-libstdcxx-time=yes --enable-gnu-unique-object --enable-plugin --enable-objc-gc --disable-werror --with-arch-32=i686 --with-tune=generic --enable-checking=release --build=x86_64-linux-gnu --host=x86_64-linux-gnu --target=x86_64-linux-gnu
Thread model: posix
gcc version 4.6.3 (Ubuntu/Linaro 4.6.3-1ubuntu5) 
configure:4303: $? = 0
configure:4292: g++ -V >&5
g++: error: unrecognized option '-V'
g++: fatal error: no input files
compilation terminated.
configure:4303: $? = 4
configure:4292: g++ -qversion >&5
g++: error: unrecognized option '-qversion'
g++: fatal error: no input files
compilation terminated.
configure:4303: $? = 4
configure:4307: checking whether we are using the GNU C++ compiler
configure:4326: g++ -c    conftest.cpp >&5
configure:4326: $? = 0
configure:4335: result: yes
configure:4344: checking whether g++ accepts -g
configure:4364: g++ -c -g  conftest.cpp >&5
configure:4364: $? = 0
configure:4405: result: yes
configure:4430: checking dependency style of g++
configure:4521: result: gcc3
configure:4580: checking for ranlib
configure:4596: found /usr/bin/ranlib
configure:4607: result: ranlib
configure:4727: checking for X
configure:4835: gcc -E  conftest.c
configure:4835: $? = 0
configure:4866: gcc -o conftest     conftest.c -lX11  >&5
configure:4866: $? = 0
configure:4916: result: libraries , headers 
configure:5015: gcc -o conftest     conftest.c   -lX11 >&5
configure:5015: $? = 0
configure:5113: checking for gethostbyname
configure:5113: gcc -o conftest     conftest.c  >&5
configure:5113: $? = 0
configure:5113: result: yes
configure:5210: checking for connect
configure:5210: gcc -o conftest     conftest.c  >&5
configure:5210: $? = 0
configure:5210: result: yes
configure:5259: checking for remove
configure:5259: gcc -o conftest     conftest.c  >&5
configure:5259: $? = 0
configure:5259: result: yes
configure:5308: checking for shmat
configure:5308: gcc -o conftest     conftest.c  >&5
configure:5308: $? = 0
configure:5308: result: yes
configure:5366: checking for IceConnectionNumber in -lICE
configure:5391: gcc -o conftest     conftest.c -lICE   >&5
configure:5391: $? = 0
configure:5400: result: yes
configure:5411: checking whether time.h and sys/time.h may both be included
configure:5431: gcc -c    conftest.c >&5
configure:5431: $? = 0
configure:5438: result: yes
configure:5446: checking for sys/wait.h that is POSIX.1 compatible
configure:5472: gcc -c    conftest.c >&5
configure:5472: $? = 0
configure:5479: result: yes
configure:5490: checking for dirent.h that defines DIR
configure:5509: gcc -c    conftest.c >&5
configure:5509: $? = 0
configure:5517: result: yes
configure:5530: checking for library containing opendir
configure:5561: gcc -o conftest     conftest.c  >&5
configure:5561: $? = 0
configure:5578: result: none required
configure:5645: checking for grep that handles long lines and -e
configure:5703: result: /bin/grep
configure:5708: checking for egrep
configure:5770: result: /bin/grep -E
configure:5775: checking for ANSI C header files
configure:5795: gcc -c    conftest.c >&5
configure:5795: $? = 0
configure:5868: gcc -o conftest     conftest.c  >&5
configure:5868: $? = 0
configure:5868: ./conftest
configure:5868: $? = 0
configure:5879: result: yes
configure:5892: checking for sys/types.h
configure:5892: gcc -c    conftest.c >&5
configure:5892: $? = 0
configure:5892: result: yes
configure:5892: checking for sys/stat.h
configure:5892: gcc -c    conftest.c >&5
configure:5892: $? = 0
configure:5892: result: yes
configure:5892: checking for stdlib.h
configure:5892: gcc -c    conftest.c >&5
configure:5892: $? = 0
configure:5892: result: yes
configure:5892: checking for string.h
configure:5892: gcc -c    conftest.c >&5
configure:5892: $? = 0
configure:5892: result: yes
configure:5892: checking for memory.h
configure:5892: gcc -c    conftest.c >&5
configure:5892: $? = 0
configure:5892: result: yes
configure:5892: checking for strings.h
configure:5892: gcc -c    conftest.c >&5
configure:5892: $? = 0
configure:5892: result: yes
configure:5892: checking for inttypes.h
configure:5892: gcc -c    conftest.c >&5
configure:5892: $? = 0
configure:5892: result: yes
configure:5892: checking for stdint.h
configure:5892: gcc -c    conftest.c >&5
configure:5892: $? = 0
configure:5892: result: yes
configure:5892: checking for unistd.h
configure:5892: gcc -c    conftest.c >&5
configure:5892: $? = 0
configure:5892: result: yes
configure:5910: checking for stdlib.h
configure:5910: result: yes
configure:5910: checking for unistd.h
configure:5910: result: yes
configure:5910: checking for sys/param.h
configure:5910: gcc -c    conftest.c >&5
configure:5910: $? = 0
configure:5910: result: yes
configure:5930: checking for getpagesize
configure:5930: gcc -o conftest     conftest.c  >&5
configure:5930: $? = 0
configure:5930: result: yes
configure:5939: checking for working mmap
configure:6086: gcc -o conftest     conftest.c  >&5
configure:6086: $? = 0
configure:6086: ./conftest
configure:6086: $? = 0
configure:6096: result: yes
configure:6107: checking for unistd.h
configure:6107: result: yes
configure:6119: checking for sys/param.h
configure:6119: result: yes
configure:6131: checking sys/select.h usability
configure:6131: gcc -c    conftest.c >&5
configure:6131: $? = 0
configure:6131: result: yes
configure:6131: checking sys/select.h presence
configure:6131: gcc -E  conftest.c
configure:6131: $? = 0
configure:6131: result: yes
configure:6131: checking for sys/select.h
configure:6131: result: yes
configure:6143: checking sys/filio.h usability
configure:6143: gcc -c    conftest.c >&5
conftest.c:65:23: fatal error: sys/filio.h: No such file or directory
compilation terminated.
configure:6143: $? = 1
configure: failed program was:
| /* confdefs.h */
| #define PACKAGE_NAME "fox"
| #define PACKAGE_TARNAME "fox"
| #define PACKAGE_VERSION "1.6.21"
| #define PACKAGE_STRING "fox 1.6.21"
| #define PACKAGE_BUGREPORT ""
| #define PACKAGE_URL ""
| #define PACKAGE "fox"
| #define VERSION "1.6.21"
| #define TIME_WITH_SYS_TIME 1
| #define HAVE_SYS_WAIT_H 1
| #define HAVE_DIRENT_H 1
| #define STDC_HEADERS 1
| #define HAVE_SYS_TYPES_H 1
| #define HAVE_SYS_STAT_H 1
| #define HAVE_STDLIB_H 1
| #define HAVE_STRING_H 1
| #define HAVE_MEMORY_H 1
| #define HAVE_STRINGS_H 1
| #define HAVE_INTTYPES_H 1
| #define HAVE_STDINT_H 1
| #define HAVE_UNISTD_H 1
| #define HAVE_STDLIB_H 1
| #define HAVE_UNISTD_H 1
| #define HAVE_SYS_PARAM_H 1
| #define HAVE_GETPAGESIZE 1
| #define HAVE_MMAP 1
| #define HAVE_UNISTD_H 1
| #define HAVE_SYS_PARAM_H 1
| #define HAVE_SYS_SELECT_H 1
| /* end confdefs.h.  */
| #include <stdio.h>
| #ifdef HAVE_SYS_TYPES_H
| # include <sys/types.h>
| #endif
| #ifdef HAVE_SYS_STAT_H
| # include <sys/stat.h>
| #endif
| #ifdef STDC_HEADERS
| # include <stdlib.h>
| # include <stddef.h>
| #else
| # ifdef HAVE_STDLIB_H
| #  include <stdlib.h>
| # endif
| #endif
| #ifdef HAVE_STRING_H
| # if !defined STDC_HEADERS && defined HAVE_MEMORY_H
| #  include <memory.h>
| # endif
| # include <string.h>
| #endif
| #ifdef HAVE_STRINGS_H
| # include <strings.h>
| #endif
| #ifdef HAVE_INTTYPES_H
| # include <inttypes.h>
| #endif
| #ifdef HAVE_STDINT_H
| # include <stdint.h>
| #endif
| #ifdef HAVE_UNISTD_H
| # include <unistd.h>
| #endif
| #include <sys/filio.h>
configure:6143: result: no
configure:6143: checking sys/filio.h presence
configure:6143: gcc -E  conftest.c
conftest.c:32:23: fatal error: sys/filio.h: No such file or directory
compilation terminated.
configure:6143: $? = 1
configure: failed program was:
| /* confdefs.h */
| #define PACKAGE_NAME "fox"
| #define PACKAGE_TARNAME "fox"
| #define PACKAGE_VERSION "1.6.21"
| #define PACKAGE_STRING "fox 1.6.21"
| #define PACKAGE_BUGREPORT ""
| #define PACKAGE_URL ""
| #define PACKAGE "fox"
| #define VERSION "1.6.21"
| #define TIME_WITH_SYS_TIME 1
| #define HAVE_SYS_WAIT_H 1
| #define HAVE_DIRENT_H 1
| #define STDC_HEADERS 1
| #define HAVE_SYS_TYPES_H 1
| #define HAVE_SYS_STAT_H 1
| #define HAVE_STDLIB_H 1
| #define HAVE_STRING_H 1
| #define HAVE_MEMORY_H 1
| #define HAVE_STRINGS_H 1
| #define HAVE_INTTYPES_H 1
| #define HAVE_STDINT_H 1
| #define HAVE_UNISTD_H 1
| #define HAVE_STDLIB_H 1
| #define HAVE_UNISTD_H 1
| #define HAVE_SYS_PARAM_H 1
| #define HAVE_GETPAGESIZE 1
| #define HAVE_MMAP 1
| #define HAVE_UNISTD_H 1
| #define HAVE_SYS_PARAM_H 1
| #define HAVE_SYS_SELECT_H 1
| /* end confdefs.h.  */
| #include <sys/filio.h>
configure:6143: result: no
configure:6143: checking for sys/filio.h
configure:6143: result: no
configure:6163: checking whether byte ordering is bigendian
configure:6178: gcc -c    conftest.c >&5
conftest.c:33:9: error: unknown type name 'not'
conftest.c:33:15: error: expected '=', ',', ';', 'asm' or '__attribute__' before 'universal'
conftest.c:33:15: error: unknown type name 'universal'
configure:6178: $? = 1
configure: failed program was:
| /* confdefs.h */
| #define PACKAGE_NAME "fox"
| #define PACKAGE_TARNAME "fox"
| #define PACKAGE_VERSION "1.6.21"
| #define PACKAGE_STRING "fox 1.6.21"
| #define PACKAGE_BUGREPORT ""
| #define PACKAGE_URL ""
| #define PACKAGE "fox"
| #define VERSION "1.6.21"
| #define TIME_WITH_SYS_TIME 1
| #define HAVE_SYS_WAIT_H 1
| #define HAVE_DIRENT_H 1
| #define STDC_HEADERS 1
| #define HAVE_SYS_TYPES_H 1
| #define HAVE_SYS_STAT_H 1
| #define HAVE_STDLIB_H 1
| #define HAVE_STRING_H 1
| #define HAVE_MEMORY_H 1
| #define HAVE_STRINGS_H 1
| #define HAVE_INTTYPES_H 1
| #define HAVE_STDINT_H 1
| #define HAVE_UNISTD_H 1
| #define HAVE_STDLIB_H 1
| #define HAVE_UNISTD_H 1
| #define HAVE_SYS_PARAM_H 1
| #define HAVE_GETPAGESIZE 1
| #define HAVE_MMAP 1
| #define HAVE_UNISTD_H 1
| #define HAVE_SYS_PARAM_H 1
| #define HAVE_SYS_SELECT_H 1
| /* end confdefs.h.  */
| #ifndef __APPLE_CC__
| 	       not a universal capable compiler
| 	     #endif
| 	     typedef int dummy;
| 
configure:6223: gcc -c    conftest.c >&5
configure:6223: $? = 0
configure:6241: gcc -c    conftest.c >&5
conftest.c: In function 'main':
conftest.c:39:4: error: unknown type name 'not'
conftest.c:39:12: error: expected '=', ',', ';', 'asm' or '__attribute__' before 'endian'
configure:6241: $? = 1
configure: failed program was:
| /* confdefs.h */
| #define PACKAGE_NAME "fox"
| #define PACKAGE_TARNAME "fox"
| #define PACKAGE_VERSION "1.6.21"
| #define PACKAGE_STRING "fox 1.6.21"
| #define PACKAGE_BUGREPORT ""
| #define PACKAGE_URL ""
| #define PACKAGE "fox"
| #define VERSION "1.6.21"
| #define TIME_WITH_SYS_TIME 1
| #define HAVE_SYS_WAIT_H 1
| #define HAVE_DIRENT_H 1
| #define STDC_HEADERS 1
| #define HAVE_SYS_TYPES_H 1
| #define HAVE_SYS_STAT_H 1
| #define HAVE_STDLIB_H 1
| #define HAVE_STRING_H 1
| #define HAVE_MEMORY_H 1
| #define HAVE_STRINGS_H 1
| #define HAVE_INTTYPES_H 1
| #define HAVE_STDINT_H 1
| #define HAVE_UNISTD_H 1
| #define HAVE_STDLIB_H 1
| #define HAVE_UNISTD_H 1
| #define HAVE_SYS_PARAM_H 1
| #define HAVE_GETPAGESIZE 1
| #define HAVE_MMAP 1
| #define HAVE_UNISTD_H 1
| #define HAVE_SYS_PARAM_H 1
| #define HAVE_SYS_SELECT_H 1
| /* end confdefs.h.  */
| #include <sys/types.h>
| 		#include <sys/param.h>
| 
| int
| main ()
| {
| #if BYTE_ORDER != BIG_ENDIAN
| 		 not big endian
| 		#endif
| 
|   ;
|   return 0;
| }
configure:6369: result: no
configure:6426: checking for QNX environment
configure:6484: result: no
configure:6489: checking for Sun WorkShop C++
configure:6504: result: no
configure:6519: checking Xlib.h usability
configure:6519: gcc -c    conftest.c >&5
conftest.c:65:18: fatal error: Xlib.h: No such file or directory
compilation terminated.
configure:6519: $? = 1
configure: failed program was:
| /* confdefs.h */
| #define PACKAGE_NAME "fox"
| #define PACKAGE_TARNAME "fox"
| #define PACKAGE_VERSION "1.6.21"
| #define PACKAGE_STRING "fox 1.6.21"
| #define PACKAGE_BUGREPORT ""
| #define PACKAGE_URL ""
| #define PACKAGE "fox"
| #define VERSION "1.6.21"
| #define TIME_WITH_SYS_TIME 1
| #define HAVE_SYS_WAIT_H 1
| #define HAVE_DIRENT_H 1
| #define STDC_HEADERS 1
| #define HAVE_SYS_TYPES_H 1
| #define HAVE_SYS_STAT_H 1
| #define HAVE_STDLIB_H 1
| #define HAVE_STRING_H 1
| #define HAVE_MEMORY_H 1
| #define HAVE_STRINGS_H 1
| #define HAVE_INTTYPES_H 1
| #define HAVE_STDINT_H 1
| #define HAVE_UNISTD_H 1
| #define HAVE_STDLIB_H 1
| #define HAVE_UNISTD_H 1
| #define HAVE_SYS_PARAM_H 1
| #define HAVE_GETPAGESIZE 1
| #define HAVE_MMAP 1
| #define HAVE_UNISTD_H 1
| #define HAVE_SYS_PARAM_H 1
| #define HAVE_SYS_SELECT_H 1
| /* end confdefs.h.  */
| #include <stdio.h>
| #ifdef HAVE_SYS_TYPES_H
| # include <sys/types.h>
| #endif
| #ifdef HAVE_SYS_STAT_H
| # include <sys/stat.h>
| #endif
| #ifdef STDC_HEADERS
| # include <stdlib.h>
| # include <stddef.h>
| #else
| # ifdef HAVE_STDLIB_H
| #  include <stdlib.h>
| # endif
| #endif
| #ifdef HAVE_STRING_H
| # if !defined STDC_HEADERS && defined HAVE_MEMORY_H
| #  include <memory.h>
| # endif
| # include <string.h>
| #endif
| #ifdef HAVE_STRINGS_H
| # include <strings.h>
| #endif
| #ifdef HAVE_INTTYPES_H
| # include <inttypes.h>
| #endif
| #ifdef HAVE_STDINT_H
| # include <stdint.h>
| #endif
| #ifdef HAVE_UNISTD_H
| # include <unistd.h>
| #endif
| #include <Xlib.h>
configure:6519: result: no
configure:6519: checking Xlib.h presence
configure:6519: gcc -E  conftest.c
conftest.c:32:18: fatal error: Xlib.h: No such file or directory
compilation terminated.
configure:6519: $? = 1
configure: failed program was:
| /* confdefs.h */
| #define PACKAGE_NAME "fox"
| #define PACKAGE_TARNAME "fox"
| #define PACKAGE_VERSION "1.6.21"
| #define PACKAGE_STRING "fox 1.6.21"
| #define PACKAGE_BUGREPORT ""
| #define PACKAGE_URL ""
| #define PACKAGE "fox"
| #define VERSION "1.6.21"
| #define TIME_WITH_SYS_TIME 1
| #define HAVE_SYS_WAIT_H 1
| #define HAVE_DIRENT_H 1
| #define STDC_HEADERS 1
| #define HAVE_SYS_TYPES_H 1
| #define HAVE_SYS_STAT_H 1
| #define HAVE_STDLIB_H 1
| #define HAVE_STRING_H 1
| #define HAVE_MEMORY_H 1
| #define HAVE_STRINGS_H 1
| #define HAVE_INTTYPES_H 1
| #define HAVE_STDINT_H 1
| #define HAVE_UNISTD_H 1
| #define HAVE_STDLIB_H 1
| #define HAVE_UNISTD_H 1
| #define HAVE_SYS_PARAM_H 1
| #define HAVE_GETPAGESIZE 1
| #define HAVE_MMAP 1
| #define HAVE_UNISTD_H 1
| #define HAVE_SYS_PARAM_H 1
| #define HAVE_SYS_SELECT_H 1
| /* end confdefs.h.  */
| #include <Xlib.h>
configure:6519: result: no
configure:6519: checking for Xlib.h
configure:6519: result: no
configure:6526: checking for Xft support
configure:6534: result: yes
configure:6541: checking for pkg-config
configure:6560: found /usr/bin/pkg-config
configure:6572: result: /usr/bin/pkg-config
configure:6941: result: 
configure:6944: checking for X11/extensions/shape.h
configure:6944: gcc -c    conftest.c >&5
configure:6944: $? = 0
configure:6944: result: yes
configure:6962: result: 
configure:6966: checking for X11/extensions/XShm.h
configure:6966: gcc -c    conftest.c >&5
In file included from conftest.c:37:0:
/usr/include/X11/extensions/XShm.h:41:5: error: unknown type name 'Bool'
/usr/include/X11/extensions/XShm.h:42:5: error: unknown type name 'Display'
/usr/include/X11/extensions/XShm.h:43:5: error: unknown type name 'Drawable'
/usr/include/X11/extensions/XShm.h:54:5: error: unknown type name 'Bool'
/usr/include/X11/extensions/XShm.h:59:1: error: unknown type name 'Bool'
/usr/include/X11/extensions/XShm.h:60:5: error: unknown type name 'Display'
/usr/include/X11/extensions/XShm.h:64:5: error: unknown type name 'Display'
/usr/include/X11/extensions/XShm.h:67:1: error: unknown type name 'Bool'
/usr/include/X11/extensions/XShm.h:68:5: error: unknown type name 'Display'
/usr/include/X11/extensions/XShm.h:71:5: error: unknown type name 'Bool'
/usr/include/X11/extensions/XShm.h:75:5: error: unknown type name 'Display'
/usr/include/X11/extensions/XShm.h:78:1: error: unknown type name 'Bool'
/usr/include/X11/extensions/XShm.h:79:5: error: unknown type name 'Display'
/usr/include/X11/extensions/XShm.h:83:1: error: unknown type name 'Bool'
/usr/include/X11/extensions/XShm.h:84:5: error: unknown type name 'Display'
/usr/include/X11/extensions/XShm.h:88:1: error: unknown type name 'Bool'
/usr/include/X11/extensions/XShm.h:89:5: error: unknown type name 'Display'
/usr/include/X11/extensions/XShm.h:90:5: error: unknown type name 'Drawable'
/usr/include/X11/extensions/XShm.h:91:5: error: unknown type name 'GC'
/usr/include/X11/extensions/XShm.h:92:5: error: unknown type name 'XImage'
/usr/include/X11/extensions/XShm.h:99:5: error: unknown type name 'Bool'
/usr/include/X11/extensions/XShm.h:102:1: error: unknown type name 'Bool'
/usr/include/X11/extensions/XShm.h:103:5: error: unknown type name 'Display'
/usr/include/X11/extensions/XShm.h:104:5: error: unknown type name 'Drawable'
/usr/include/X11/extensions/XShm.h:105:5: error: unknown type name 'XImage'
/usr/include/X11/extensions/XShm.h:111:1: error: unknown type name 'XImage'
/usr/include/X11/extensions/XShm.h:112:5: error: unknown type name 'Display'
/usr/include/X11/extensions/XShm.h:113:5: error: unknown type name 'Visual'
/usr/include/X11/extensions/XShm.h:122:1: error: unknown type name 'Pixmap'
/usr/include/X11/extensions/XShm.h:123:5: error: unknown type name 'Display'
/usr/include/X11/extensions/XShm.h:124:5: error: unknown type name 'Drawable'
configure:6966: $? = 1
configure: failed program was:
| /* confdefs.h */
| #define PACKAGE_NAME "fox"
| #define PACKAGE_TARNAME "fox"
| #define PACKAGE_VERSION "1.6.21"
| #define PACKAGE_STRING "fox 1.6.21"
| #define PACKAGE_BUGREPORT ""
| #define PACKAGE_URL ""
| #define PACKAGE "fox"
| #define VERSION "1.6.21"
| #define TIME_WITH_SYS_TIME 1
| #define HAVE_SYS_WAIT_H 1
| #define HAVE_DIRENT_H 1
| #define STDC_HEADERS 1
| #define HAVE_SYS_TYPES_H 1
| #define HAVE_SYS_STAT_H 1
| #define HAVE_STDLIB_H 1
| #define HAVE_STRING_H 1
| #define HAVE_MEMORY_H 1
| #define HAVE_STRINGS_H 1
| #define HAVE_INTTYPES_H 1
| #define HAVE_STDINT_H 1
| #define HAVE_UNISTD_H 1
| #define HAVE_STDLIB_H 1
| #define HAVE_UNISTD_H 1
| #define HAVE_SYS_PARAM_H 1
| #define HAVE_GETPAGESIZE 1
| #define HAVE_MMAP 1
| #define HAVE_UNISTD_H 1
| #define HAVE_SYS_PARAM_H 1
| #define HAVE_SYS_SELECT_H 1
| /* end confdefs.h.  */
| #ifdef HAVE_XLIB_H
|                  #include "Xlib.h"
|                  #endif
| 
| 
| #include <X11/extensions/XShm.h>
configure:6966: result: no
configure:6978: checking sys/ipc.h usability
configure:6978: gcc -c    conftest.c >&5
configure:6978: $? = 0
configure:6978: result: yes
configure:6978: checking sys/ipc.h presence
configure:6978: gcc -E  conftest.c
configure:6978: $? = 0
configure:6978: result: yes
configure:6978: checking for sys/ipc.h
configure:6978: result: yes
configure:6990: checking for sys/shm.h
configure:6990: gcc -c    conftest.c >&5
configure:6990: $? = 0
configure:6990: result: yes
configure:7007: checking for thread-safe library calls
configure:7014: result: 
configure:7021: checking pthread.h usability
configure:7021: gcc -c    conftest.c >&5
configure:7021: $? = 0
configure:7021: result: yes
configure:7021: checking pthread.h presence
configure:7021: gcc -E  conftest.c
configure:7021: $? = 0
configure:7021: result: yes
configure:7021: checking for pthread.h
configure:7021: result: yes
configure:7031: checking for pthread_exit in -lpthread
configure:7056: gcc -o conftest     conftest.c -lpthread   >&5
configure:7056: $? = 0
configure:7065: result: yes
configure:7170: checking for sem_init in -lrt
configure:7195: gcc -o conftest     conftest.c -lrt   -lpthread >&5
configure:7195: $? = 0
configure:7204: result: yes
configure:7216: result: no
configure:7233: result: no
configure:7256: result: no
configure:7279: result: no
configure:7302: result: no
configure:7329: result: 
configure:7332: checking for X11/Xcursor/Xcursor.h
configure:7332: gcc -c    conftest.c >&5
configure:7332: $? = 0
configure:7332: result: yes
configure:7351: result: 
configure:7354: checking for X11/extensions/Xrandr.h
configure:7354: gcc -c    conftest.c >&5
configure:7354: $? = 0
configure:7354: result: yes
configure:7370: checking for dlopen in -ldl
configure:7395: gcc -o conftest     conftest.c -ldl   -lpthread -lrt >&5
configure:7395: $? = 0
configure:7404: result: yes
configure:7418: checking for clock_nanosleep in -lrt
configure:7443: gcc -o conftest     conftest.c -lrt  -ldl  -lpthread -lrt >&5
configure:7443: $? = 0
configure:7452: result: yes
configure:7478: checking termios.h usability
configure:7478: gcc -c    conftest.c >&5
configure:7478: $? = 0
configure:7478: result: yes
configure:7478: checking termios.h presence
configure:7478: gcc -E  conftest.c
configure:7478: $? = 0
configure:7478: result: yes
configure:7478: checking for termios.h
configure:7478: result: yes
configure:7478: checking sys/ioctl.h usability
configure:7478: gcc -c    conftest.c >&5
configure:7478: $? = 0
configure:7478: result: yes
configure:7478: checking sys/ioctl.h presence
configure:7478: gcc -E  conftest.c
configure:7478: $? = 0
configure:7478: result: yes
configure:7478: checking for sys/ioctl.h
configure:7478: result: yes
configure:7492: checking curses.h usability
configure:7492: gcc -c    conftest.c >&5
configure:7492: $? = 0
configure:7492: result: yes
configure:7492: checking curses.h presence
configure:7492: gcc -E  conftest.c
configure:7492: $? = 0
configure:7492: result: yes
configure:7492: checking for curses.h
configure:7492: result: yes
configure:7492: checking ncurses.h usability
configure:7492: gcc -c    conftest.c >&5
configure:7492: $? = 0
configure:7492: result: yes
configure:7492: checking ncurses.h presence
configure:7492: gcc -E  conftest.c
configure:7492: $? = 0
configure:7492: result: yes
configure:7492: checking for ncurses.h
configure:7492: result: yes
configure:7503: curses= ncurses=
configure:7506: checking for setupterm in -lcurses
configure:7531: gcc -o conftest     conftest.c -lcurses  -lrt -ldl  -lpthread -lrt >&5
configure:7531: $? = 0
configure:7540: result: yes
configure:7602: checking for term.h
configure:7602: gcc -c    conftest.c >&5
configure:7602: $? = 0
configure:7602: result: yes
configure:7621: checking for ncurses/term.h
configure:7621: gcc -c    conftest.c >&5
conftest.c:48:26: fatal error: ncurses/term.h: No such file or directory
compilation terminated.
configure:7621: $? = 1
configure: failed program was:
| /* confdefs.h */
| #define PACKAGE_NAME "fox"
| #define PACKAGE_TARNAME "fox"
| #define PACKAGE_VERSION "1.6.21"
| #define PACKAGE_STRING "fox 1.6.21"
| #define PACKAGE_BUGREPORT ""
| #define PACKAGE_URL ""
| #define PACKAGE "fox"
| #define VERSION "1.6.21"
| #define TIME_WITH_SYS_TIME 1
| #define HAVE_SYS_WAIT_H 1
| #define HAVE_DIRENT_H 1
| #define STDC_HEADERS 1
| #define HAVE_SYS_TYPES_H 1
| #define HAVE_SYS_STAT_H 1
| #define HAVE_STDLIB_H 1
| #define HAVE_STRING_H 1
| #define HAVE_MEMORY_H 1
| #define HAVE_STRINGS_H 1
| #define HAVE_INTTYPES_H 1
| #define HAVE_STDINT_H 1
| #define HAVE_UNISTD_H 1
| #define HAVE_STDLIB_H 1
| #define HAVE_UNISTD_H 1
| #define HAVE_SYS_PARAM_H 1
| #define HAVE_GETPAGESIZE 1
| #define HAVE_MMAP 1
| #define HAVE_UNISTD_H 1
| #define HAVE_SYS_PARAM_H 1
| #define HAVE_SYS_SELECT_H 1
| #define HAVE_LIBDL 1
| #define HAVE_LIBRT 1
| #define HAVE_TERMIOS_H 1
| #define HAVE_SYS_IOCTL_H 1
| #define HAVE_CURSES_H 1
| #define HAVE_NCURSES_H 1
| #define HAVE_LIBCURSES 1
| #define HAVE_TERM_H 1
| /* end confdefs.h.  */
| #if HAVE_CURSES_H
|     #include <curses.h>
|     #else
|     #if HAVE_NCURSES_H
|     #include <ncurses.h>
|     #endif
|     #endif
| 
| #include <ncurses/term.h>
configure:7621: result: no
configure:7642: checking for tgetent
configure:7642: gcc -o conftest     conftest.c -lcurses -lrt -ldl  -lpthread -lrt >&5
configure:7642: $? = 0
configure:7642: result: yes
configure:7642: checking for tputs
configure:7642: gcc -o conftest     conftest.c -lcurses -lrt -ldl  -lpthread -lrt >&5
configure:7642: $? = 0
configure:7642: result: yes
configure:7657: checking for cfmakeraw
configure:7657: gcc -o conftest     conftest.c -lcurses -lrt -ldl  -lpthread -lrt >&5
configure:7657: $? = 0
configure:7657: result: yes
configure:7676: checking for XRenderCreateCursor in -lXrender
configure:7701: gcc -o conftest     conftest.c -lXrender  -lcurses -lrt -ldl  -lpthread -lrt >&5
configure:7701: $? = 0
configure:7710: result: yes
configure:7721: checking for XcursorImageCreate in -lXcursor
configure:7746: gcc -o conftest     conftest.c -lXcursor  -lXrender -lcurses -lrt -ldl  -lpthread -lrt >&5
configure:7746: $? = 0
configure:7755: result: yes
configure:7776: result: 
configure:7791: checking for vsscanf
configure:7791: gcc -o conftest     conftest.c -lXcursor -lXrender -lcurses -lrt -ldl  -lpthread -lrt >&5
conftest.c:68:6: warning: conflicting types for built-in function 'vsscanf' [enabled by default]
configure:7791: $? = 0
configure:7791: result: yes
configure:7791: checking for vsnprintf
configure:7791: gcc -o conftest     conftest.c -lXcursor -lXrender -lcurses -lrt -ldl  -lpthread -lrt >&5
conftest.c:69:6: warning: conflicting types for built-in function 'vsnprintf' [enabled by default]
configure:7791: $? = 0
configure:7791: result: yes
configure:7791: checking for strtoll
configure:7791: gcc -o conftest     conftest.c -lXcursor -lXrender -lcurses -lrt -ldl  -lpthread -lrt >&5
configure:7791: $? = 0
configure:7791: result: yes
configure:7791: checking for strtoull
configure:7791: gcc -o conftest     conftest.c -lXcursor -lXrender -lcurses -lrt -ldl  -lpthread -lrt >&5
configure:7791: $? = 0
configure:7791: result: yes
configure:7802: checking for socket in -lsocket
configure:7827: gcc -o conftest     conftest.c -lsocket  -lXcursor -lXrender -lcurses -lrt -ldl  -lpthread -lrt >&5
/usr/bin/ld: cannot find -lsocket
collect2: ld returned 1 exit status
configure:7827: $? = 1
configure: failed program was:
| /* confdefs.h */
| #define PACKAGE_NAME "fox"
| #define PACKAGE_TARNAME "fox"
| #define PACKAGE_VERSION "1.6.21"
| #define PACKAGE_STRING "fox 1.6.21"
| #define PACKAGE_BUGREPORT ""
| #define PACKAGE_URL ""
| #define PACKAGE "fox"
| #define VERSION "1.6.21"
| #define TIME_WITH_SYS_TIME 1
| #define HAVE_SYS_WAIT_H 1
| #define HAVE_DIRENT_H 1
| #define STDC_HEADERS 1
| #define HAVE_SYS_TYPES_H 1
| #define HAVE_SYS_STAT_H 1
| #define HAVE_STDLIB_H 1
| #define HAVE_STRING_H 1
| #define HAVE_MEMORY_H 1
| #define HAVE_STRINGS_H 1
| #define HAVE_INTTYPES_H 1
| #define HAVE_STDINT_H 1
| #define HAVE_UNISTD_H 1
| #define HAVE_STDLIB_H 1
| #define HAVE_UNISTD_H 1
| #define HAVE_SYS_PARAM_H 1
| #define HAVE_GETPAGESIZE 1
| #define HAVE_MMAP 1
| #define HAVE_UNISTD_H 1
| #define HAVE_SYS_PARAM_H 1
| #define HAVE_SYS_SELECT_H 1
| #define HAVE_LIBDL 1
| #define HAVE_LIBRT 1
| #define HAVE_TERMIOS_H 1
| #define HAVE_SYS_IOCTL_H 1
| #define HAVE_CURSES_H 1
| #define HAVE_NCURSES_H 1
| #define HAVE_LIBCURSES 1
| #define HAVE_TERM_H 1
| #define HAVE_TGETENT 1
| #define HAVE_TPUTS 1
| #define HAVE_CFMAKERAW 1
| #define HAVE_LIBXRENDER 1
| #define HAVE_LIBXCURSOR 1
| #define HAVE_VSSCANF 1
| #define HAVE_VSNPRINTF 1
| #define HAVE_STRTOLL 1
| #define HAVE_STRTOULL 1
| /* end confdefs.h.  */
| 
| /* Override any GCC internal prototype to avoid an error.
|    Use char because int might match the return type of a GCC
|    builtin and then its argument prototype would still apply.  */
| #ifdef __cplusplus
| extern "C"
| #endif
| char socket ();
| int
| main ()
| {
| return socket ();
|   ;
|   return 0;
| }
configure:7836: result: no
configure:7842: checking for gethostbyaddr in -lnsl
configure:7867: gcc -o conftest     conftest.c -lnsl  -lXcursor -lXrender -lcurses -lrt -ldl  -lpthread -lrt >&5
configure:7867: $? = 0
configure:7876: result: yes
configure:7883: checking for dlopen in -ldl
configure:7917: result: yes
configure:7928: checking for shl_load in -ldld
configure:7953: gcc -o conftest     conftest.c -ldld  -ldl -lXcursor -lXrender -lcurses -lrt -ldl  -lpthread -lrt >&5
/usr/bin/ld: cannot find -ldld
collect2: ld returned 1 exit status
configure:7953: $? = 1
configure: failed program was:
| /* confdefs.h */
| #define PACKAGE_NAME "fox"
| #define PACKAGE_TARNAME "fox"
| #define PACKAGE_VERSION "1.6.21"
| #define PACKAGE_STRING "fox 1.6.21"
| #define PACKAGE_BUGREPORT ""
| #define PACKAGE_URL ""
| #define PACKAGE "fox"
| #define VERSION "1.6.21"
| #define TIME_WITH_SYS_TIME 1
| #define HAVE_SYS_WAIT_H 1
| #define HAVE_DIRENT_H 1
| #define STDC_HEADERS 1
| #define HAVE_SYS_TYPES_H 1
| #define HAVE_SYS_STAT_H 1
| #define HAVE_STDLIB_H 1
| #define HAVE_STRING_H 1
| #define HAVE_MEMORY_H 1
| #define HAVE_STRINGS_H 1
| #define HAVE_INTTYPES_H 1
| #define HAVE_STDINT_H 1
| #define HAVE_UNISTD_H 1
| #define HAVE_STDLIB_H 1
| #define HAVE_UNISTD_H 1
| #define HAVE_SYS_PARAM_H 1
| #define HAVE_GETPAGESIZE 1
| #define HAVE_MMAP 1
| #define HAVE_UNISTD_H 1
| #define HAVE_SYS_PARAM_H 1
| #define HAVE_SYS_SELECT_H 1
| #define HAVE_LIBDL 1
| #define HAVE_LIBRT 1
| #define HAVE_TERMIOS_H 1
| #define HAVE_SYS_IOCTL_H 1
| #define HAVE_CURSES_H 1
| #define HAVE_NCURSES_H 1
| #define HAVE_LIBCURSES 1
| #define HAVE_TERM_H 1
| #define HAVE_TGETENT 1
| #define HAVE_TPUTS 1
| #define HAVE_CFMAKERAW 1
| #define HAVE_LIBXRENDER 1
| #define HAVE_LIBXCURSOR 1
| #define HAVE_VSSCANF 1
| #define HAVE_VSNPRINTF 1
| #define HAVE_STRTOLL 1
| #define HAVE_STRTOULL 1
| #define HAVE_LIBDL 1
| /* end confdefs.h.  */
| 
| /* Override any GCC internal prototype to avoid an error.
|    Use char because int might match the return type of a GCC
|    builtin and then its argument prototype would still apply.  */
| #ifdef __cplusplus
| extern "C"
| #endif
| char shl_load ();
| int
| main ()
| {
| return shl_load ();
|   ;
|   return 0;
| }
configure:7962: result: no
configure:7974: checking for CUPS support
configure:7981: result: 
configure:8038: checking for debugging
configure:8045: result: 
configure:8057: checking for release build
configure:8064: result: yes
configure:8073: checking for profiling
configure:8081: result: 
configure:8093: checking for OpenGL support
configure:8101: result: no
configure:8332: creating ./config.status

## ---------------- ##
## Cache variables. ##
## ---------------- ##

ac_cv_build='x86_64-unknown-linux-gnu'
ac_cv_c_bigendian='no'
ac_cv_c_compiler_gnu='yes'
ac_cv_cxx_compiler_gnu='yes'
ac_cv_env_CCC_set=''
ac_cv_env_CCC_value=''
ac_cv_env_CC_set=''
ac_cv_env_CC_value=''
ac_cv_env_CFLAGS_set='set'
ac_cv_env_CFLAGS_value=' '
ac_cv_env_CPPFLAGS_set='set'
ac_cv_env_CPPFLAGS_value=''
ac_cv_env_CPP_set=''
ac_cv_env_CPP_value=''
ac_cv_env_CXXFLAGS_set='set'
ac_cv_env_CXXFLAGS_value=' '
ac_cv_env_CXX_set=''
ac_cv_env_CXX_value=''
ac_cv_env_LDFLAGS_set='set'
ac_cv_env_LDFLAGS_value=''
ac_cv_env_LIBS_set=''
ac_cv_env_LIBS_value=''
ac_cv_env_XMKMF_set=''
ac_cv_env_XMKMF_value=''
ac_cv_env_build_alias_set=''
ac_cv_env_build_alias_value=''
ac_cv_env_host_alias_set=''
ac_cv_env_host_alias_value=''
ac_cv_env_target_alias_set=''
ac_cv_env_target_alias_value=''
ac_cv_func_cfmakeraw='yes'
ac_cv_func_connect='yes'
ac_cv_func_gethostbyname='yes'
ac_cv_func_getpagesize='yes'
ac_cv_func_mmap_fixed_mapped='yes'
ac_cv_func_remove='yes'
ac_cv_func_shmat='yes'
ac_cv_func_strtoll='yes'
ac_cv_func_strtoull='yes'
ac_cv_func_tgetent='yes'
ac_cv_func_tputs='yes'
ac_cv_func_vsnprintf='yes'
ac_cv_func_vsscanf='yes'
ac_cv_have_x='have_x=yes	ac_x_includes='"''"'	ac_x_libraries='"''"
ac_cv_header_X11_Xcursor_Xcursor_h='yes'
ac_cv_header_X11_extensions_XShm_h='no'
ac_cv_header_X11_extensions_Xrandr_h='yes'
ac_cv_header_X11_extensions_shape_h='yes'
ac_cv_header_Xlib_h='no'
ac_cv_header_curses_h='yes'
ac_cv_header_dirent_dirent_h='yes'
ac_cv_header_inttypes_h='yes'
ac_cv_header_memory_h='yes'
ac_cv_header_ncurses_h='yes'
ac_cv_header_ncurses_term_h='no'
ac_cv_header_pthread_h='yes'
ac_cv_header_stdc='yes'
ac_cv_header_stdint_h='yes'
ac_cv_header_stdlib_h='yes'
ac_cv_header_string_h='yes'
ac_cv_header_strings_h='yes'
ac_cv_header_sys_filio_h='no'
ac_cv_header_sys_ioctl_h='yes'
ac_cv_header_sys_ipc_h='yes'
ac_cv_header_sys_param_h='yes'
ac_cv_header_sys_select_h='yes'
ac_cv_header_sys_shm_h='yes'
ac_cv_header_sys_stat_h='yes'
ac_cv_header_sys_types_h='yes'
ac_cv_header_sys_wait_h='yes'
ac_cv_header_term_h='yes'
ac_cv_header_termios_h='yes'
ac_cv_header_time='yes'
ac_cv_header_unistd_h='yes'
ac_cv_host='x86_64-unknown-linux-gnu'
ac_cv_lib_ICE_IceConnectionNumber='yes'
ac_cv_lib_Xcursor_XcursorImageCreate='yes'
ac_cv_lib_Xrender_XRenderCreateCursor='yes'
ac_cv_lib_curses_setupterm='yes'
ac_cv_lib_dl_dlopen='yes'
ac_cv_lib_dld_shl_load='no'
ac_cv_lib_nsl_gethostbyaddr='yes'
ac_cv_lib_pthread_pthread_exit='yes'
ac_cv_lib_rt_clock_nanosleep='yes'
ac_cv_lib_rt_sem_init='yes'
ac_cv_lib_socket_socket='no'
ac_cv_objext='o'
ac_cv_path_EGREP='/bin/grep -E'
ac_cv_path_GREP='/bin/grep'
ac_cv_path_PKG_CONFIG='/usr/bin/pkg-config'
ac_cv_path_install='/usr/local/bin/install -c'
ac_cv_path_mkdir='/bin/mkdir'
ac_cv_prog_AWK='mawk'
ac_cv_prog_CPP='gcc -E'
ac_cv_prog_ac_ct_CC='gcc'
ac_cv_prog_ac_ct_CXX='g++'
ac_cv_prog_ac_ct_RANLIB='ranlib'
ac_cv_prog_cc_c89=''
ac_cv_prog_cc_g='yes'
ac_cv_prog_cxx_g='yes'
ac_cv_prog_make_make_set='yes'
ac_cv_search_opendir='none required'
am_cv_CC_dependencies_compiler_type='gcc3'
am_cv_CXX_dependencies_compiler_type='gcc3'

## ----------------- ##
## Output variables. ##
## ----------------- ##

ACLOCAL='${SHELL} /usr/local/etc/reduce/csl/fox/missing --run aclocal-1.10'
AMDEPBACKSLASH='\'
AMDEP_FALSE='#'
AMDEP_TRUE=''
AMTAR='${SHELL} /usr/local/etc/reduce/csl/fox/missing --run tar'
AUTOCONF='${SHELL} /usr/local/etc/reduce/csl/fox/missing --run autoconf'
AUTOHEADER='${SHELL} /usr/local/etc/reduce/csl/fox/missing --run autoheader'
AUTOMAKE='${SHELL} /usr/local/etc/reduce/csl/fox/missing --run automake-1.10'
AWK='mawk'
CC='gcc'
CCDEPMODE='depmode=gcc3'
CFLAGS='  -DHAVE_XFT_H=1 -I/usr/include/freetype2   -DHAVE_XSHAPE_H=1  -DFOX_THREAD_SAFE=1 -D_POSIX_PTHREAD_SEMANTICS -D_REENTRANT -D_GNU_SOURCE -DHAVE_XCURSOR_H=1 -DHAVE_XRANDR_H=1 -DNO_XIM -Wall -W -Woverloaded-virtual -Wformat -O2  -DNDEBUG -Wuninitialized  -ffast-math  -finline-functions -fomit-frame-pointer -fexpensive-optimizations -fno-strict-aliasing'
CPP='gcc -E'
CPPFLAGS=''
CXX='g++'
CXXDEPMODE='depmode=gcc3'
CXXFLAGS='  -DHAVE_XFT_H=1 -I/usr/include/freetype2   -DHAVE_XSHAPE_H=1  -DFOX_THREAD_SAFE=1 -D_POSIX_PTHREAD_SEMANTICS -D_REENTRANT -D_GNU_SOURCE -DHAVE_XCURSOR_H=1 -DHAVE_XRANDR_H=1 -DNO_XIM -Wall -W -Woverloaded-virtual -Wformat -O2  -DNDEBUG -Wuninitialized  -ffast-math  -finline-functions -fomit-frame-pointer -fexpensive-optimizations -fno-strict-aliasing'
CYGPATH_W='echo'
DEFS='-DPACKAGE_NAME=\"fox\" -DPACKAGE_TARNAME=\"fox\" -DPACKAGE_VERSION=\"1.6.21\" -DPACKAGE_STRING=\"fox\ 1.6.21\" -DPACKAGE_BUGREPORT=\"\" -DPACKAGE_URL=\"\" -DPACKAGE=\"fox\" -DVERSION=\"1.6.21\" -DTIME_WITH_SYS_TIME=1 -DHAVE_SYS_WAIT_H=1 -DHAVE_DIRENT_H=1 -DSTDC_HEADERS=1 -DHAVE_SYS_TYPES_H=1 -DHAVE_SYS_STAT_H=1 -DHAVE_STDLIB_H=1 -DHAVE_STRING_H=1 -DHAVE_MEMORY_H=1 -DHAVE_STRINGS_H=1 -DHAVE_INTTYPES_H=1 -DHAVE_STDINT_H=1 -DHAVE_UNISTD_H=1 -DHAVE_STDLIB_H=1 -DHAVE_UNISTD_H=1 -DHAVE_SYS_PARAM_H=1 -DHAVE_GETPAGESIZE=1 -DHAVE_MMAP=1 -DHAVE_UNISTD_H=1 -DHAVE_SYS_PARAM_H=1 -DHAVE_SYS_SELECT_H=1 -DHAVE_LIBDL=1 -DHAVE_LIBRT=1 -DHAVE_TERMIOS_H=1 -DHAVE_SYS_IOCTL_H=1 -DHAVE_CURSES_H=1 -DHAVE_NCURSES_H=1 -DHAVE_LIBCURSES=1 -DHAVE_TERM_H=1 -DHAVE_TGETENT=1 -DHAVE_TPUTS=1 -DHAVE_CFMAKERAW=1 -DHAVE_LIBXRENDER=1 -DHAVE_LIBXCURSOR=1 -DHAVE_VSSCANF=1 -DHAVE_VSNPRINTF=1 -DHAVE_STRTOLL=1 -DHAVE_STRTOULL=1 -DHAVE_LIBDL=1'
DEPDIR='.deps'
ECHO_C=''
ECHO_N='-n'
ECHO_T=''
EGREP='/bin/grep -E'
EXEEXT=''
FOX_BYTEORDER='0'
FOX_MAJOR_VERSION='1'
FOX_MINOR_VERSION='6'
FOX_PATCH_LEVEL='21'
GL_LIBS=''
GL_TESTS=''
GREP='/bin/grep'
INSTALL_DATA='${INSTALL} -m 644'
INSTALL_PROGRAM='${INSTALL}'
INSTALL_SCRIPT='${INSTALL}'
INSTALL_STRIP_PROGRAM='$(install_sh) -c -s'
LDFLAGS=''
LIBOBJS=''
LIBS='-ldl -lXcursor -lXrender -lcurses -lrt -ldl  -lpthread -lrt'
LTLIBOBJS=''
LT_AGE='0'
LT_CURRENT='0'
LT_RELEASE='1.6'
LT_REVISION='21'
MAKEINFO='${SHELL} /usr/local/etc/reduce/csl/fox/missing --run makeinfo'
MKDIR_P='/bin/mkdir -p'
OBJEXT='o'
PACKAGE='fox'
PACKAGE_BUGREPORT=''
PACKAGE_NAME='fox'
PACKAGE_STRING='fox 1.6.21'
PACKAGE_TARNAME='fox'
PACKAGE_URL=''
PACKAGE_VERSION='1.6.21'
PATH_SEPARATOR=':'
PKG_CONFIG='/usr/bin/pkg-config'
RANLIB='ranlib'
SET_MAKE=''
SHELL='/bin/sh'
STRIP=''
VERSION='1.6.21'
XFT_CONFIG=''
XMKMF=''
X_BASE_LIBS='-lXext -lX11 -lXft   -lXcursor -lXrandr'
X_CFLAGS=''
X_EXTRA_LIBS=''
X_LIBS=''
X_PRE_LIBS=' -lSM -lICE'
ac_ct_CC='gcc'
ac_ct_CXX='g++'
am__fastdepCC_FALSE='#'
am__fastdepCC_TRUE=''
am__fastdepCXX_FALSE='#'
am__fastdepCXX_TRUE=''
am__include='include'
am__isrc=' -I$(srcdir)'
am__leading_dot='.'
am__quote=''
am__tar='${AMTAR} chof - "$$tardir"'
am__untar='${AMTAR} xf -'
bindir='${exec_prefix}/bin'
build='x86_64-unknown-linux-gnu'
build_alias=''
build_cpu='x86_64'
build_os='linux-gnu'
build_vendor='unknown'
canrun_FALSE='#'
canrun_TRUE=''
cygwinshell_FALSE=''
cygwinshell_TRUE='#'
datadir='${datarootdir}'
datarootdir='${prefix}/share'
docdir='${datarootdir}/doc/${PACKAGE_TARNAME}'
dvidir='${docdir}'
exec_prefix='${prefix}'
host='x86_64-unknown-linux-gnu'
host_alias=''
host_cpu='x86_64'
host_os='linux-gnu'
host_vendor='unknown'
htmldir='${docdir}'
includedir='${prefix}/include'
infodir='${datarootdir}/info'
install_sh='$(SHELL) /usr/local/etc/reduce/csl/fox/install-sh'
libdir='${exec_prefix}/lib'
libexecdir='${exec_prefix}/libexec'
localedir='${datarootdir}/locale'
localstatedir='${prefix}/var'
mandir='${datarootdir}/man'
mkdir_p='/bin/mkdir -p'
msvcxp64_FALSE=''
msvcxp64_TRUE='#'
oldincludedir='/usr/include'
pdfdir='${docdir}'
prefix='/usr/local/etc/reduce/cslbuild/x86_64-unknown-ubuntu12.04'
program_transform_name='s,x,x,'
psdir='${docdir}'
sbindir='${exec_prefix}/sbin'
sharedstatedir='${prefix}/com'
sysconfdir='${prefix}/etc'
target_alias=''
xp64_FALSE=''
xp64_TRUE='#'

## ----------- ##
## confdefs.h. ##
## ----------- ##

/* confdefs.h */
#define PACKAGE_NAME "fox"
#define PACKAGE_TARNAME "fox"
#define PACKAGE_VERSION "1.6.21"
#define PACKAGE_STRING "fox 1.6.21"
#define PACKAGE_BUGREPORT ""
#define PACKAGE_URL ""
#define PACKAGE "fox"
#define VERSION "1.6.21"
#define TIME_WITH_SYS_TIME 1
#define HAVE_SYS_WAIT_H 1
#define HAVE_DIRENT_H 1
#define STDC_HEADERS 1
#define HAVE_SYS_TYPES_H 1
#define HAVE_SYS_STAT_H 1
#define HAVE_STDLIB_H 1
#define HAVE_STRING_H 1
#define HAVE_MEMORY_H 1
#define HAVE_STRINGS_H 1
#define HAVE_INTTYPES_H 1
#define HAVE_STDINT_H 1
#define HAVE_UNISTD_H 1
#define HAVE_STDLIB_H 1
#define HAVE_UNISTD_H 1
#define HAVE_SYS_PARAM_H 1
#define HAVE_GETPAGESIZE 1
#define HAVE_MMAP 1
#define HAVE_UNISTD_H 1
#define HAVE_SYS_PARAM_H 1
#define HAVE_SYS_SELECT_H 1
#define HAVE_LIBDL 1
#define HAVE_LIBRT 1
#define HAVE_TERMIOS_H 1
#define HAVE_SYS_IOCTL_H 1
#define HAVE_CURSES_H 1
#define HAVE_NCURSES_H 1
#define HAVE_LIBCURSES 1
#define HAVE_TERM_H 1
#define HAVE_TGETENT 1
#define HAVE_TPUTS 1
#define HAVE_CFMAKERAW 1
#define HAVE_LIBXRENDER 1
#define HAVE_LIBXCURSOR 1
#define HAVE_VSSCANF 1
#define HAVE_VSNPRINTF 1
#define HAVE_STRTOLL 1
#define HAVE_STRTOULL 1
#define HAVE_LIBDL 1

configure: exit 0

## ---------------------- ##
## Running config.status. ##
## ---------------------- ##

This file was extended by fox config.status 1.6.21, which was
generated by GNU Autoconf 2.68.  Invocation command line was

  CONFIG_FILES    = 
  CONFIG_HEADERS  = 
  CONFIG_LINKS    = 
  CONFIG_COMMANDS = 
  $ ./config.status 

on loris-82

config.status:9176: creating Makefile
config.status:9176: creating utils/Makefile
config.status:9176: creating include/Makefile
config.status:9176: creating include/fxver.h
config.status:9176: creating src/Makefile
config.status:9176: creating src/version.rc
config.status:9176: creating doc/Makefile
config.status:9176: creating doc/art/Makefile
config.status:9176: creating doc/screenshots/Makefile
config.status:9176: creating fox.spec
config.status:9176: creating fox-config
config.status:9176: creating fox.pc
config.status:9346: executing depfiles commands
