This file contains any messages produced by compilers while
running configure, to aid debugging if configure makes a mistake.

It was created by fox configure 1.6.21, which was
generated by GNU Autoconf 2.69.  Invocation command line was

  $ /usr/local/etc/reduce/csl/fox/configure --with-csl --with-build=x86_64-unknown-ubuntu14.04 CPPFLAGS= CFLAGS=  CXXFLAGS=  LDFLAGS= --enable-release --with-opengl=no --disable-jpeg --disable-zlib --disable-bz2lib --disable-png --disable-tiff --prefix=/usr/local/etc/reduce/cslbuild/x86_64-unknown-ubuntu14.04 --with-xft

## --------- ##
## Platform. ##
## --------- ##

hostname = loris-5
uname -m = x86_64
uname -r = 3.16.0-30-generic
uname -s = Linux
uname -v = #40~14.04.1-Ubuntu SMP Thu Jan 15 17:43:14 UTC 2015

/usr/bin/uname -p = unknown
/bin/uname -X     = unknown

/bin/arch              = unknown
/usr/bin/arch -k       = unknown
/usr/convex/getsysinfo = unknown
/usr/bin/hostinfo      = unknown
/bin/machine           = unknown
/usr/bin/oslevel       = unknown
/bin/universe          = unknown

PATH: /usr/local/sbin
PATH: /usr/local/bin
PATH: /usr/sbin
PATH: /usr/bin
PATH: /sbin
PATH: /bin


## ----------- ##
## Core tests. ##
## ----------- ##

configure:2334: checking for a BSD-compatible install
configure:2402: result: /usr/bin/install -c
configure:2413: checking whether build environment is sane
configure:2450: result: yes
configure:2475: checking for a thread-safe mkdir -p
configure:2514: result: /bin/mkdir -p
configure:2527: checking for gawk
configure:2557: result: no
configure:2527: checking for mawk
configure:2543: found /usr/bin/mawk
configure:2554: result: mawk
configure:2565: checking whether make sets $(MAKE)
configure:2587: result: yes
configure:2770: checking major version
configure:2772: result: 1
configure:2774: checking minor version
configure:2776: result: 6
configure:2778: checking patchlevel
configure:2780: result: 21
configure:2913: checking build system type
configure:2927: result: x86_64-unknown-linux-gnu
configure:2947: checking host system type
configure:2960: result: x86_64-unknown-linux-gnu
configure:2980: result: HOST_OS = linux-gnu
configure:3061: checking whether make sets $(MAKE)
configure:3083: result: yes
configure:3140: checking for gcc
configure:3156: found /usr/bin/gcc
configure:3167: result: gcc
configure:3396: checking for C compiler version
configure:3405: gcc --version >&5
gcc (Ubuntu 4.8.2-19ubuntu1) 4.8.2
Copyright (C) 2013 Free Software Foundation, Inc.
This is free software; see the source for copying conditions.  There is NO
warranty; not even for MERCHANTABILITY or FITNESS FOR A PARTICULAR PURPOSE.

configure:3416: $? = 0
configure:3405: gcc -v >&5
Using built-in specs.
COLLECT_GCC=gcc
COLLECT_LTO_WRAPPER=/usr/lib/gcc/x86_64-linux-gnu/4.8/lto-wrapper
Target: x86_64-linux-gnu
Configured with: ../src/configure -v --with-pkgversion='Ubuntu 4.8.2-19ubuntu1' --with-bugurl=file:///usr/share/doc/gcc-4.8/README.Bugs --enable-languages=c,c++,java,go,d,fortran,objc,obj-c++ --prefix=/usr --program-suffix=-4.8 --enable-shared --enable-linker-build-id --libexecdir=/usr/lib --without-included-gettext --enable-threads=posix --with-gxx-include-dir=/usr/include/c++/4.8 --libdir=/usr/lib --enable-nls --with-sysroot=/ --enable-clocale=gnu --enable-libstdcxx-debug --enable-libstdcxx-time=yes --enable-gnu-unique-object --disable-libmudflap --enable-plugin --with-system-zlib --disable-browser-plugin --enable-java-awt=gtk --enable-gtk-cairo --with-java-home=/usr/lib/jvm/java-1.5.0-gcj-4.8-amd64/jre --enable-java-home --with-jvm-root-dir=/usr/lib/jvm/java-1.5.0-gcj-4.8-amd64 --with-jvm-jar-dir=/usr/lib/jvm-exports/java-1.5.0-gcj-4.8-amd64 --with-arch-directory=amd64 --with-ecj-jar=/usr/share/java/eclipse-ecj.jar --enable-objc-gc --enable-multiarch --disable-werror --with-arch-32=i686 --with-abi=m64 --with-multilib-list=m32,m64,mx32 --with-tune=generic --enable-checking=release --build=x86_64-linux-gnu --host=x86_64-linux-gnu --target=x86_64-linux-gnu
Thread model: posix
gcc version 4.8.2 (Ubuntu 4.8.2-19ubuntu1) 
configure:3416: $? = 0
configure:3405: gcc -V >&5
gcc: error: unrecognized command line option '-V'
gcc: fatal error: no input files
compilation terminated.
configure:3416: $? = 4
configure:3405: gcc -qversion >&5
gcc: error: unrecognized command line option '-qversion'
gcc: fatal error: no input files
compilation terminated.
configure:3416: $? = 4
configure:3436: checking whether the C compiler works
configure:3458: gcc     conftest.c  >&5
configure:3462: $? = 0
configure:3510: result: yes
configure:3513: checking for C compiler default output file name
configure:3515: result: a.out
configure:3521: checking for suffix of executables
configure:3528: gcc -o conftest     conftest.c  >&5
configure:3532: $? = 0
configure:3554: result: 
configure:3576: checking whether we are cross compiling
configure:3584: gcc -o conftest     conftest.c  >&5
configure:3588: $? = 0
configure:3595: ./conftest
configure:3599: $? = 0
configure:3614: result: no
configure:3619: checking for suffix of object files
configure:3641: gcc -c    conftest.c >&5
configure:3645: $? = 0
configure:3666: result: o
configure:3670: checking whether we are using the GNU C compiler
configure:3689: gcc -c    conftest.c >&5
configure:3689: $? = 0
configure:3698: result: yes
configure:3707: checking whether gcc accepts -g
configure:3727: gcc -c -g  conftest.c >&5
configure:3727: $? = 0
configure:3768: result: yes
configure:3785: checking for gcc option to accept ISO C89
configure:3848: gcc  -c    conftest.c >&5
configure:3848: $? = 0
configure:3861: result: none needed
configure:3892: checking for style of include used by make
configure:3920: result: GNU
configure:3945: checking dependency style of gcc
configure:4036: result: gcc3
configure:4056: checking how to run the C preprocessor
configure:4087: gcc -E  conftest.c
configure:4087: $? = 0
configure:4101: gcc -E  conftest.c
conftest.c:11:28: fatal error: ac_nonexistent.h: No such file or directory
 #include <ac_nonexistent.h>
                            ^
compilation terminated.
configure:4101: $? = 1
configure: failed program was:
| /* confdefs.h */
| #define PACKAGE_NAME "fox"
| #define PACKAGE_TARNAME "fox"
| #define PACKAGE_VERSION "1.6.21"
| #define PACKAGE_STRING "fox 1.6.21"
| #define PACKAGE_BUGREPORT ""
| #define PACKAGE_URL ""
| #define PACKAGE "fox"
| #define VERSION "1.6.21"
| /* end confdefs.h.  */
| #include <ac_nonexistent.h>
configure:4126: result: gcc -E
configure:4146: gcc -E  conftest.c
configure:4146: $? = 0
configure:4160: gcc -E  conftest.c
conftest.c:11:28: fatal error: ac_nonexistent.h: No such file or directory
 #include <ac_nonexistent.h>
                            ^
compilation terminated.
configure:4160: $? = 1
configure: failed program was:
| /* confdefs.h */
| #define PACKAGE_NAME "fox"
| #define PACKAGE_TARNAME "fox"
| #define PACKAGE_VERSION "1.6.21"
| #define PACKAGE_STRING "fox 1.6.21"
| #define PACKAGE_BUGREPORT ""
| #define PACKAGE_URL ""
| #define PACKAGE "fox"
| #define VERSION "1.6.21"
| /* end confdefs.h.  */
| #include <ac_nonexistent.h>
configure:4246: checking for g++
configure:4262: found /usr/bin/g++
configure:4273: result: g++
configure:4300: checking for C++ compiler version
configure:4309: g++ --version >&5
g++ (Ubuntu 4.8.2-19ubuntu1) 4.8.2
Copyright (C) 2013 Free Software Foundation, Inc.
This is free software; see the source for copying conditions.  There is NO
warranty; not even for MERCHANTABILITY or FITNESS FOR A PARTICULAR PURPOSE.

configure:4320: $? = 0
configure:4309: g++ -v >&5
Using built-in specs.
COLLECT_GCC=g++
COLLECT_LTO_WRAPPER=/usr/lib/gcc/x86_64-linux-gnu/4.8/lto-wrapper
Target: x86_64-linux-gnu
Configured with: ../src/configure -v --with-pkgversion='Ubuntu 4.8.2-19ubuntu1' --with-bugurl=file:///usr/share/doc/gcc-4.8/README.Bugs --enable-languages=c,c++,java,go,d,fortran,objc,obj-c++ --prefix=/usr --program-suffix=-4.8 --enable-shared --enable-linker-build-id --libexecdir=/usr/lib --without-included-gettext --enable-threads=posix --with-gxx-include-dir=/usr/include/c++/4.8 --libdir=/usr/lib --enable-nls --with-sysroot=/ --enable-clocale=gnu --enable-libstdcxx-debug --enable-libstdcxx-time=yes --enable-gnu-unique-object --disable-libmudflap --enable-plugin --with-system-zlib --disable-browser-plugin --enable-java-awt=gtk --enable-gtk-cairo --with-java-home=/usr/lib/jvm/java-1.5.0-gcj-4.8-amd64/jre --enable-java-home --with-jvm-root-dir=/usr/lib/jvm/java-1.5.0-gcj-4.8-amd64 --with-jvm-jar-dir=/usr/lib/jvm-exports/java-1.5.0-gcj-4.8-amd64 --with-arch-directory=amd64 --with-ecj-jar=/usr/share/java/eclipse-ecj.jar --enable-objc-gc --enable-multiarch --disable-werror --with-arch-32=i686 --with-abi=m64 --with-multilib-list=m32,m64,mx32 --with-tune=generic --enable-checking=release --build=x86_64-linux-gnu --host=x86_64-linux-gnu --target=x86_64-linux-gnu
Thread model: posix
gcc version 4.8.2 (Ubuntu 4.8.2-19ubuntu1) 
configure:4320: $? = 0
configure:4309: g++ -V >&5
g++: error: unrecognized command line option '-V'
g++: fatal error: no input files
compilation terminated.
configure:4320: $? = 4
configure:4309: g++ -qversion >&5
g++: error: unrecognized command line option '-qversion'
g++: fatal error: no input files
compilation terminated.
configure:4320: $? = 4
configure:4324: checking whether we are using the GNU C++ compiler
configure:4343: g++ -c    conftest.cpp >&5
configure:4343: $? = 0
configure:4352: result: yes
configure:4361: checking whether g++ accepts -g
configure:4381: g++ -c -g  conftest.cpp >&5
configure:4381: $? = 0
configure:4422: result: yes
configure:4447: checking dependency style of g++
configure:4538: result: gcc3
configure:4597: checking for ranlib
configure:4613: found /usr/bin/ranlib
configure:4624: result: ranlib
configure:4744: checking for X
configure:4852: gcc -E  conftest.c
configure:4852: $? = 0
configure:4883: gcc -o conftest     conftest.c -lX11  >&5
configure:4883: $? = 0
configure:4933: result: libraries , headers 
configure:5032: gcc -o conftest     conftest.c   -lX11 >&5
configure:5032: $? = 0
configure:5130: checking for gethostbyname
configure:5130: gcc -o conftest     conftest.c  >&5
configure:5130: $? = 0
configure:5130: result: yes
configure:5227: checking for connect
configure:5227: gcc -o conftest     conftest.c  >&5
configure:5227: $? = 0
configure:5227: result: yes
configure:5276: checking for remove
configure:5276: gcc -o conftest     conftest.c  >&5
configure:5276: $? = 0
configure:5276: result: yes
configure:5325: checking for shmat
configure:5325: gcc -o conftest     conftest.c  >&5
configure:5325: $? = 0
configure:5325: result: yes
configure:5383: checking for IceConnectionNumber in -lICE
configure:5408: gcc -o conftest     conftest.c -lICE   >&5
/usr/bin/ld: cannot find -lICE
collect2: error: ld returned 1 exit status
configure:5408: $? = 1
configure: failed program was:
| /* confdefs.h */
| #define PACKAGE_NAME "fox"
| #define PACKAGE_TARNAME "fox"
| #define PACKAGE_VERSION "1.6.21"
| #define PACKAGE_STRING "fox 1.6.21"
| #define PACKAGE_BUGREPORT ""
| #define PACKAGE_URL ""
| #define PACKAGE "fox"
| #define VERSION "1.6.21"
| /* end confdefs.h.  */
| 
| /* Override any GCC internal prototype to avoid an error.
|    Use char because int might match the return type of a GCC
|    builtin and then its argument prototype would still apply.  */
| #ifdef __cplusplus
| extern "C"
| #endif
| char IceConnectionNumber ();
| int
| main ()
| {
| return IceConnectionNumber ();
|   ;
|   return 0;
| }
configure:5417: result: no
configure:5428: checking whether time.h and sys/time.h may both be included
configure:5448: gcc -c    conftest.c >&5
configure:5448: $? = 0
configure:5455: result: yes
configure:5463: checking for sys/wait.h that is POSIX.1 compatible
configure:5489: gcc -c    conftest.c >&5
configure:5489: $? = 0
configure:5496: result: yes
configure:5507: checking for dirent.h that defines DIR
configure:5526: gcc -c    conftest.c >&5
configure:5526: $? = 0
configure:5534: result: yes
configure:5547: checking for library containing opendir
configure:5578: gcc -o conftest     conftest.c  >&5
configure:5578: $? = 0
configure:5595: result: none required
configure:5662: checking for grep that handles long lines and -e
configure:5720: result: /bin/grep
configure:5725: checking for egrep
configure:5787: result: /bin/grep -E
configure:5792: checking for ANSI C header files
configure:5812: gcc -c    conftest.c >&5
configure:5812: $? = 0
configure:5885: gcc -o conftest     conftest.c  >&5
configure:5885: $? = 0
configure:5885: ./conftest
configure:5885: $? = 0
configure:5896: result: yes
configure:5909: checking for sys/types.h
configure:5909: gcc -c    conftest.c >&5
configure:5909: $? = 0
configure:5909: result: yes
configure:5909: checking for sys/stat.h
configure:5909: gcc -c    conftest.c >&5
configure:5909: $? = 0
configure:5909: result: yes
configure:5909: checking for stdlib.h
configure:5909: gcc -c    conftest.c >&5
configure:5909: $? = 0
configure:5909: result: yes
configure:5909: checking for string.h
configure:5909: gcc -c    conftest.c >&5
configure:5909: $? = 0
configure:5909: result: yes
configure:5909: checking for memory.h
configure:5909: gcc -c    conftest.c >&5
configure:5909: $? = 0
configure:5909: result: yes
configure:5909: checking for strings.h
configure:5909: gcc -c    conftest.c >&5
configure:5909: $? = 0
configure:5909: result: yes
configure:5909: checking for inttypes.h
configure:5909: gcc -c    conftest.c >&5
configure:5909: $? = 0
configure:5909: result: yes
configure:5909: checking for stdint.h
configure:5909: gcc -c    conftest.c >&5
configure:5909: $? = 0
configure:5909: result: yes
configure:5909: checking for unistd.h
configure:5909: gcc -c    conftest.c >&5
configure:5909: $? = 0
configure:5909: result: yes
configure:5927: checking for stdlib.h
configure:5927: result: yes
configure:5927: checking for unistd.h
configure:5927: result: yes
configure:5927: checking for sys/param.h
configure:5927: gcc -c    conftest.c >&5
configure:5927: $? = 0
configure:5927: result: yes
configure:5947: checking for getpagesize
configure:5947: gcc -o conftest     conftest.c  >&5
configure:5947: $? = 0
configure:5947: result: yes
configure:5956: checking for working mmap
configure:6103: gcc -o conftest     conftest.c  >&5
configure:6103: $? = 0
configure:6103: ./conftest
configure:6103: $? = 0
configure:6113: result: yes
configure:6124: checking for unistd.h
configure:6124: result: yes
configure:6136: checking for sys/param.h
configure:6136: result: yes
configure:6148: checking sys/select.h usability
configure:6148: gcc -c    conftest.c >&5
configure:6148: $? = 0
configure:6148: result: yes
configure:6148: checking sys/select.h presence
configure:6148: gcc -E  conftest.c
configure:6148: $? = 0
configure:6148: result: yes
configure:6148: checking for sys/select.h
configure:6148: result: yes
configure:6160: checking sys/filio.h usability
configure:6160: gcc -c    conftest.c >&5
conftest.c:65:23: fatal error: sys/filio.h: No such file or directory
 #include <sys/filio.h>
                       ^
compilation terminated.
configure:6160: $? = 1
configure: failed program was:
| /* confdefs.h */
| #define PACKAGE_NAME "fox"
| #define PACKAGE_TARNAME "fox"
| #define PACKAGE_VERSION "1.6.21"
| #define PACKAGE_STRING "fox 1.6.21"
| #define PACKAGE_BUGREPORT ""
| #define PACKAGE_URL ""
| #define PACKAGE "fox"
| #define VERSION "1.6.21"
| #define TIME_WITH_SYS_TIME 1
| #define HAVE_SYS_WAIT_H 1
| #define HAVE_DIRENT_H 1
| #define STDC_HEADERS 1
| #define HAVE_SYS_TYPES_H 1
| #define HAVE_SYS_STAT_H 1
| #define HAVE_STDLIB_H 1
| #define HAVE_STRING_H 1
| #define HAVE_MEMORY_H 1
| #define HAVE_STRINGS_H 1
| #define HAVE_INTTYPES_H 1
| #define HAVE_STDINT_H 1
| #define HAVE_UNISTD_H 1
| #define HAVE_STDLIB_H 1
| #define HAVE_UNISTD_H 1
| #define HAVE_SYS_PARAM_H 1
| #define HAVE_GETPAGESIZE 1
| #define HAVE_MMAP 1
| #define HAVE_UNISTD_H 1
| #define HAVE_SYS_PARAM_H 1
| #define HAVE_SYS_SELECT_H 1
| /* end confdefs.h.  */
| #include <stdio.h>
| #ifdef HAVE_SYS_TYPES_H
| # include <sys/types.h>
| #endif
| #ifdef HAVE_SYS_STAT_H
| # include <sys/stat.h>
| #endif
| #ifdef STDC_HEADERS
| # include <stdlib.h>
| # include <stddef.h>
| #else
| # ifdef HAVE_STDLIB_H
| #  include <stdlib.h>
| # endif
| #endif
| #ifdef HAVE_STRING_H
| # if !defined STDC_HEADERS && defined HAVE_MEMORY_H
| #  include <memory.h>
| # endif
| # include <string.h>
| #endif
| #ifdef HAVE_STRINGS_H
| # include <strings.h>
| #endif
| #ifdef HAVE_INTTYPES_H
| # include <inttypes.h>
| #endif
| #ifdef HAVE_STDINT_H
| # include <stdint.h>
| #endif
| #ifdef HAVE_UNISTD_H
| # include <unistd.h>
| #endif
| #include <sys/filio.h>
configure:6160: result: no
configure:6160: checking sys/filio.h presence
configure:6160: gcc -E  conftest.c
conftest.c:32:23: fatal error: sys/filio.h: No such file or directory
 #include <sys/filio.h>
                       ^
compilation terminated.
configure:6160: $? = 1
configure: failed program was:
| /* confdefs.h */
| #define PACKAGE_NAME "fox"
| #define PACKAGE_TARNAME "fox"
| #define PACKAGE_VERSION "1.6.21"
| #define PACKAGE_STRING "fox 1.6.21"
| #define PACKAGE_BUGREPORT ""
| #define PACKAGE_URL ""
| #define PACKAGE "fox"
| #define VERSION "1.6.21"
| #define TIME_WITH_SYS_TIME 1
| #define HAVE_SYS_WAIT_H 1
| #define HAVE_DIRENT_H 1
| #define STDC_HEADERS 1
| #define HAVE_SYS_TYPES_H 1
| #define HAVE_SYS_STAT_H 1
| #define HAVE_STDLIB_H 1
| #define HAVE_STRING_H 1
| #define HAVE_MEMORY_H 1
| #define HAVE_STRINGS_H 1
| #define HAVE_INTTYPES_H 1
| #define HAVE_STDINT_H 1
| #define HAVE_UNISTD_H 1
| #define HAVE_STDLIB_H 1
| #define HAVE_UNISTD_H 1
| #define HAVE_SYS_PARAM_H 1
| #define HAVE_GETPAGESIZE 1
| #define HAVE_MMAP 1
| #define HAVE_UNISTD_H 1
| #define HAVE_SYS_PARAM_H 1
| #define HAVE_SYS_SELECT_H 1
| /* end confdefs.h.  */
| #include <sys/filio.h>
configure:6160: result: no
configure:6160: checking for sys/filio.h
configure:6160: result: no
configure:6180: checking whether byte ordering is bigendian
configure:6195: gcc -c    conftest.c >&5
conftest.c:33:9: error: unknown type name 'not'
         not a universal capable compiler
         ^
conftest.c:33:15: error: expected '=', ',', ';', 'asm' or '__attribute__' before 'universal'
         not a universal capable compiler
               ^
conftest.c:33:15: error: unknown type name 'universal'
configure:6195: $? = 1
configure: failed program was:
| /* confdefs.h */
| #define PACKAGE_NAME "fox"
| #define PACKAGE_TARNAME "fox"
| #define PACKAGE_VERSION "1.6.21"
| #define PACKAGE_STRING "fox 1.6.21"
| #define PACKAGE_BUGREPORT ""
| #define PACKAGE_URL ""
| #define PACKAGE "fox"
| #define VERSION "1.6.21"
| #define TIME_WITH_SYS_TIME 1
| #define HAVE_SYS_WAIT_H 1
| #define HAVE_DIRENT_H 1
| #define STDC_HEADERS 1
| #define HAVE_SYS_TYPES_H 1
| #define HAVE_SYS_STAT_H 1
| #define HAVE_STDLIB_H 1
| #define HAVE_STRING_H 1
| #define HAVE_MEMORY_H 1
| #define HAVE_STRINGS_H 1
| #define HAVE_INTTYPES_H 1
| #define HAVE_STDINT_H 1
| #define HAVE_UNISTD_H 1
| #define HAVE_STDLIB_H 1
| #define HAVE_UNISTD_H 1
| #define HAVE_SYS_PARAM_H 1
| #define HAVE_GETPAGESIZE 1
| #define HAVE_MMAP 1
| #define HAVE_UNISTD_H 1
| #define HAVE_SYS_PARAM_H 1
| #define HAVE_SYS_SELECT_H 1
| /* end confdefs.h.  */
| #ifndef __APPLE_CC__
| 	       not a universal capable compiler
| 	     #endif
| 	     typedef int dummy;
| 
configure:6240: gcc -c    conftest.c >&5
configure:6240: $? = 0
configure:6258: gcc -c    conftest.c >&5
conftest.c: In function 'main':
conftest.c:39:4: error: unknown type name 'not'
    not big endian
    ^
conftest.c:39:12: error: expected '=', ',', ';', 'asm' or '__attribute__' before 'endian'
    not big endian
            ^
configure:6258: $? = 1
configure: failed program was:
| /* confdefs.h */
| #define PACKAGE_NAME "fox"
| #define PACKAGE_TARNAME "fox"
| #define PACKAGE_VERSION "1.6.21"
| #define PACKAGE_STRING "fox 1.6.21"
| #define PACKAGE_BUGREPORT ""
| #define PACKAGE_URL ""
| #define PACKAGE "fox"
| #define VERSION "1.6.21"
| #define TIME_WITH_SYS_TIME 1
| #define HAVE_SYS_WAIT_H 1
| #define HAVE_DIRENT_H 1
| #define STDC_HEADERS 1
| #define HAVE_SYS_TYPES_H 1
| #define HAVE_SYS_STAT_H 1
| #define HAVE_STDLIB_H 1
| #define HAVE_STRING_H 1
| #define HAVE_MEMORY_H 1
| #define HAVE_STRINGS_H 1
| #define HAVE_INTTYPES_H 1
| #define HAVE_STDINT_H 1
| #define HAVE_UNISTD_H 1
| #define HAVE_STDLIB_H 1
| #define HAVE_UNISTD_H 1
| #define HAVE_SYS_PARAM_H 1
| #define HAVE_GETPAGESIZE 1
| #define HAVE_MMAP 1
| #define HAVE_UNISTD_H 1
| #define HAVE_SYS_PARAM_H 1
| #define HAVE_SYS_SELECT_H 1
| /* end confdefs.h.  */
| #include <sys/types.h>
| 		#include <sys/param.h>
| 
| int
| main ()
| {
| #if BYTE_ORDER != BIG_ENDIAN
| 		 not big endian
| 		#endif
| 
|   ;
|   return 0;
| }
configure:6386: result: no
configure:6443: checking for QNX environment
configure:6501: result: no
configure:6506: checking for Sun WorkShop C++
configure:6521: result: no
configure:6536: checking Xlib.h usability
configure:6536: gcc -c    conftest.c >&5
conftest.c:65:18: fatal error: Xlib.h: No such file or directory
 #include <Xlib.h>
                  ^
compilation terminated.
configure:6536: $? = 1
configure: failed program was:
| /* confdefs.h */
| #define PACKAGE_NAME "fox"
| #define PACKAGE_TARNAME "fox"
| #define PACKAGE_VERSION "1.6.21"
| #define PACKAGE_STRING "fox 1.6.21"
| #define PACKAGE_BUGREPORT ""
| #define PACKAGE_URL ""
| #define PACKAGE "fox"
| #define VERSION "1.6.21"
| #define TIME_WITH_SYS_TIME 1
| #define HAVE_SYS_WAIT_H 1
| #define HAVE_DIRENT_H 1
| #define STDC_HEADERS 1
| #define HAVE_SYS_TYPES_H 1
| #define HAVE_SYS_STAT_H 1
| #define HAVE_STDLIB_H 1
| #define HAVE_STRING_H 1
| #define HAVE_MEMORY_H 1
| #define HAVE_STRINGS_H 1
| #define HAVE_INTTYPES_H 1
| #define HAVE_STDINT_H 1
| #define HAVE_UNISTD_H 1
| #define HAVE_STDLIB_H 1
| #define HAVE_UNISTD_H 1
| #define HAVE_SYS_PARAM_H 1
| #define HAVE_GETPAGESIZE 1
| #define HAVE_MMAP 1
| #define HAVE_UNISTD_H 1
| #define HAVE_SYS_PARAM_H 1
| #define HAVE_SYS_SELECT_H 1
| /* end confdefs.h.  */
| #include <stdio.h>
| #ifdef HAVE_SYS_TYPES_H
| # include <sys/types.h>
| #endif
| #ifdef HAVE_SYS_STAT_H
| # include <sys/stat.h>
| #endif
| #ifdef STDC_HEADERS
| # include <stdlib.h>
| # include <stddef.h>
| #else
| # ifdef HAVE_STDLIB_H
| #  include <stdlib.h>
| # endif
| #endif
| #ifdef HAVE_STRING_H
| # if !defined STDC_HEADERS && defined HAVE_MEMORY_H
| #  include <memory.h>
| # endif
| # include <string.h>
| #endif
| #ifdef HAVE_STRINGS_H
| # include <strings.h>
| #endif
| #ifdef HAVE_INTTYPES_H
| # include <inttypes.h>
| #endif
| #ifdef HAVE_STDINT_H
| # include <stdint.h>
| #endif
| #ifdef HAVE_UNISTD_H
| # include <unistd.h>
| #endif
| #include <Xlib.h>
configure:6536: result: no
configure:6536: checking Xlib.h presence
configure:6536: gcc -E  conftest.c
conftest.c:32:18: fatal error: Xlib.h: No such file or directory
 #include <Xlib.h>
                  ^
compilation terminated.
configure:6536: $? = 1
configure: failed program was:
| /* confdefs.h */
| #define PACKAGE_NAME "fox"
| #define PACKAGE_TARNAME "fox"
| #define PACKAGE_VERSION "1.6.21"
| #define PACKAGE_STRING "fox 1.6.21"
| #define PACKAGE_BUGREPORT ""
| #define PACKAGE_URL ""
| #define PACKAGE "fox"
| #define VERSION "1.6.21"
| #define TIME_WITH_SYS_TIME 1
| #define HAVE_SYS_WAIT_H 1
| #define HAVE_DIRENT_H 1
| #define STDC_HEADERS 1
| #define HAVE_SYS_TYPES_H 1
| #define HAVE_SYS_STAT_H 1
| #define HAVE_STDLIB_H 1
| #define HAVE_STRING_H 1
| #define HAVE_MEMORY_H 1
| #define HAVE_STRINGS_H 1
| #define HAVE_INTTYPES_H 1
| #define HAVE_STDINT_H 1
| #define HAVE_UNISTD_H 1
| #define HAVE_STDLIB_H 1
| #define HAVE_UNISTD_H 1
| #define HAVE_SYS_PARAM_H 1
| #define HAVE_GETPAGESIZE 1
| #define HAVE_MMAP 1
| #define HAVE_UNISTD_H 1
| #define HAVE_SYS_PARAM_H 1
| #define HAVE_SYS_SELECT_H 1
| /* end confdefs.h.  */
| #include <Xlib.h>
configure:6536: result: no
configure:6536: checking for Xlib.h
configure:6536: result: no
configure:6543: checking for Xft support
configure:6551: result: yes
configure:6558: checking for pkg-config
configure:6577: found /usr/bin/pkg-config
configure:6589: result: /usr/bin/pkg-config
configure:6958: result: 
configure:6961: checking for X11/extensions/shape.h
configure:6961: gcc -c    conftest.c >&5
configure:6961: $? = 0
configure:6961: result: yes
configure:6979: result: 
configure:6983: checking for X11/extensions/XShm.h
configure:6983: gcc -c    conftest.c >&5
In file included from conftest.c:37:0:
/usr/include/X11/extensions/XShm.h:41:5: error: unknown type name 'Bool'
     Bool send_event;     /* true if this came frome a SendEvent request */
     ^
/usr/include/X11/extensions/XShm.h:42:5: error: unknown type name 'Display'
     Display *display;     /* Display the event was read from */
     ^
/usr/include/X11/extensions/XShm.h:43:5: error: unknown type name 'Drawable'
     Drawable drawable;     /* drawable of request */
     ^
/usr/include/X11/extensions/XShm.h:54:5: error: unknown type name 'Bool'
     Bool readOnly; /* how the server should attach it */
     ^
/usr/include/X11/extensions/XShm.h:59:1: error: unknown type name 'Bool'
 Bool XShmQueryExtension(
 ^
/usr/include/X11/extensions/XShm.h:60:5: error: unknown type name 'Display'
     Display*  /* dpy */
     ^
/usr/include/X11/extensions/XShm.h:64:5: error: unknown type name 'Display'
     Display*   /* dpy */
     ^
/usr/include/X11/extensions/XShm.h:67:1: error: unknown type name 'Bool'
 Bool XShmQueryVersion(
 ^
/usr/include/X11/extensions/XShm.h:68:5: error: unknown type name 'Display'
     Display*  /* dpy */,
     ^
/usr/include/X11/extensions/XShm.h:71:5: error: unknown type name 'Bool'
     Bool*  /* sharedPixmaps */
     ^
/usr/include/X11/extensions/XShm.h:75:5: error: unknown type name 'Display'
     Display*  /* dpy */
     ^
/usr/include/X11/extensions/XShm.h:78:1: error: unknown type name 'Bool'
 Bool XShmAttach(
 ^
/usr/include/X11/extensions/XShm.h:79:5: error: unknown type name 'Display'
     Display*  /* dpy */,
     ^
/usr/include/X11/extensions/XShm.h:83:1: error: unknown type name 'Bool'
 Bool XShmDetach(
 ^
/usr/include/X11/extensions/XShm.h:84:5: error: unknown type name 'Display'
     Display*  /* dpy */,
     ^
/usr/include/X11/extensions/XShm.h:88:1: error: unknown type name 'Bool'
 Bool XShmPutImage(
 ^
/usr/include/X11/extensions/XShm.h:89:5: error: unknown type name 'Display'
     Display*  /* dpy */,
     ^
/usr/include/X11/extensions/XShm.h:90:5: error: unknown type name 'Drawable'
     Drawable  /* d */,
     ^
/usr/include/X11/extensions/XShm.h:91:5: error: unknown type name 'GC'
     GC   /* gc */,
     ^
/usr/include/X11/extensions/XShm.h:92:5: error: unknown type name 'XImage'
     XImage*  /* image */,
     ^
/usr/include/X11/extensions/XShm.h:99:5: error: unknown type name 'Bool'
     Bool  /* send_event */
     ^
/usr/include/X11/extensions/XShm.h:102:1: error: unknown type name 'Bool'
 Bool XShmGetImage(
 ^
/usr/include/X11/extensions/XShm.h:103:5: error: unknown type name 'Display'
     Display*  /* dpy */,
     ^
/usr/include/X11/extensions/XShm.h:104:5: error: unknown type name 'Drawable'
     Drawable  /* d */,
     ^
/usr/include/X11/extensions/XShm.h:105:5: error: unknown type name 'XImage'
     XImage*  /* image */,
     ^
/usr/include/X11/extensions/XShm.h:111:1: error: unknown type name 'XImage'
 XImage *XShmCreateImage(
 ^
/usr/include/X11/extensions/XShm.h:112:5: error: unknown type name 'Display'
     Display*  /* dpy */,
     ^
/usr/include/X11/extensions/XShm.h:113:5: error: unknown type name 'Visual'
     Visual*  /* visual */,
     ^
/usr/include/X11/extensions/XShm.h:122:1: error: unknown type name 'Pixmap'
 Pixmap XShmCreatePixmap(
 ^
/usr/include/X11/extensions/XShm.h:123:5: error: unknown type name 'Display'
     Display*  /* dpy */,
     ^
/usr/include/X11/extensions/XShm.h:124:5: error: unknown type name 'Drawable'
     Drawable  /* d */,
     ^
configure:6983: $? = 1
configure: failed program was:
| /* confdefs.h */
| #define PACKAGE_NAME "fox"
| #define PACKAGE_TARNAME "fox"
| #define PACKAGE_VERSION "1.6.21"
| #define PACKAGE_STRING "fox 1.6.21"
| #define PACKAGE_BUGREPORT ""
| #define PACKAGE_URL ""
| #define PACKAGE "fox"
| #define VERSION "1.6.21"
| #define TIME_WITH_SYS_TIME 1
| #define HAVE_SYS_WAIT_H 1
| #define HAVE_DIRENT_H 1
| #define STDC_HEADERS 1
| #define HAVE_SYS_TYPES_H 1
| #define HAVE_SYS_STAT_H 1
| #define HAVE_STDLIB_H 1
| #define HAVE_STRING_H 1
| #define HAVE_MEMORY_H 1
| #define HAVE_STRINGS_H 1
| #define HAVE_INTTYPES_H 1
| #define HAVE_STDINT_H 1
| #define HAVE_UNISTD_H 1
| #define HAVE_STDLIB_H 1
| #define HAVE_UNISTD_H 1
| #define HAVE_SYS_PARAM_H 1
| #define HAVE_GETPAGESIZE 1
| #define HAVE_MMAP 1
| #define HAVE_UNISTD_H 1
| #define HAVE_SYS_PARAM_H 1
| #define HAVE_SYS_SELECT_H 1
| /* end confdefs.h.  */
| #ifdef HAVE_XLIB_H
|                  #include "Xlib.h"
|                  #endif
| 
| 
| #include <X11/extensions/XShm.h>
configure:6983: result: no
configure:6995: checking sys/ipc.h usability
configure:6995: gcc -c    conftest.c >&5
configure:6995: $? = 0
configure:6995: result: yes
configure:6995: checking sys/ipc.h presence
configure:6995: gcc -E  conftest.c
configure:6995: $? = 0
configure:6995: result: yes
configure:6995: checking for sys/ipc.h
configure:6995: result: yes
configure:7007: checking for sys/shm.h
configure:7007: gcc -c    conftest.c >&5
configure:7007: $? = 0
configure:7007: result: yes
configure:7024: checking for thread-safe library calls
configure:7031: result: 
configure:7038: checking pthread.h usability
configure:7038: gcc -c    conftest.c >&5
configure:7038: $? = 0
configure:7038: result: yes
configure:7038: checking pthread.h presence
configure:7038: gcc -E  conftest.c
configure:7038: $? = 0
configure:7038: result: yes
configure:7038: checking for pthread.h
configure:7038: result: yes
configure:7048: checking for pthread_exit in -lpthread
configure:7073: gcc -o conftest     conftest.c -lpthread   >&5
configure:7073: $? = 0
configure:7082: result: yes
configure:7187: checking for sem_init in -lrt
configure:7212: gcc -o conftest     conftest.c -lrt   -lpthread >&5
configure:7212: $? = 0
configure:7221: result: yes
configure:7233: result: no
configure:7250: result: no
configure:7273: result: no
configure:7296: result: no
configure:7319: result: no
configure:7346: result: 
configure:7349: checking for X11/Xcursor/Xcursor.h
configure:7349: gcc -c    conftest.c >&5
conftest.c:37:33: fatal error: X11/Xcursor/Xcursor.h: No such file or directory
 #include <X11/Xcursor/Xcursor.h>
                                 ^
compilation terminated.
configure:7349: $? = 1
configure: failed program was:
| /* confdefs.h */
| #define PACKAGE_NAME "fox"
| #define PACKAGE_TARNAME "fox"
| #define PACKAGE_VERSION "1.6.21"
| #define PACKAGE_STRING "fox 1.6.21"
| #define PACKAGE_BUGREPORT ""
| #define PACKAGE_URL ""
| #define PACKAGE "fox"
| #define VERSION "1.6.21"
| #define TIME_WITH_SYS_TIME 1
| #define HAVE_SYS_WAIT_H 1
| #define HAVE_DIRENT_H 1
| #define STDC_HEADERS 1
| #define HAVE_SYS_TYPES_H 1
| #define HAVE_SYS_STAT_H 1
| #define HAVE_STDLIB_H 1
| #define HAVE_STRING_H 1
| #define HAVE_MEMORY_H 1
| #define HAVE_STRINGS_H 1
| #define HAVE_INTTYPES_H 1
| #define HAVE_STDINT_H 1
| #define HAVE_UNISTD_H 1
| #define HAVE_STDLIB_H 1
| #define HAVE_UNISTD_H 1
| #define HAVE_SYS_PARAM_H 1
| #define HAVE_GETPAGESIZE 1
| #define HAVE_MMAP 1
| #define HAVE_UNISTD_H 1
| #define HAVE_SYS_PARAM_H 1
| #define HAVE_SYS_SELECT_H 1
| /* end confdefs.h.  */
| #ifdef HAVE_XLIB_H
|                  #include "Xlib.h"
|                  #endif
| 
| 
| #include <X11/Xcursor/Xcursor.h>
configure:7349: result: no
configure:7368: result: 
configure:7371: checking for X11/extensions/Xrandr.h
configure:7371: gcc -c    conftest.c >&5
conftest.c:37:35: fatal error: X11/extensions/Xrandr.h: No such file or directory
 #include <X11/extensions/Xrandr.h>
                                   ^
compilation terminated.
configure:7371: $? = 1
configure: failed program was:
| /* confdefs.h */
| #define PACKAGE_NAME "fox"
| #define PACKAGE_TARNAME "fox"
| #define PACKAGE_VERSION "1.6.21"
| #define PACKAGE_STRING "fox 1.6.21"
| #define PACKAGE_BUGREPORT ""
| #define PACKAGE_URL ""
| #define PACKAGE "fox"
| #define VERSION "1.6.21"
| #define TIME_WITH_SYS_TIME 1
| #define HAVE_SYS_WAIT_H 1
| #define HAVE_DIRENT_H 1
| #define STDC_HEADERS 1
| #define HAVE_SYS_TYPES_H 1
| #define HAVE_SYS_STAT_H 1
| #define HAVE_STDLIB_H 1
| #define HAVE_STRING_H 1
| #define HAVE_MEMORY_H 1
| #define HAVE_STRINGS_H 1
| #define HAVE_INTTYPES_H 1
| #define HAVE_STDINT_H 1
| #define HAVE_UNISTD_H 1
| #define HAVE_STDLIB_H 1
| #define HAVE_UNISTD_H 1
| #define HAVE_SYS_PARAM_H 1
| #define HAVE_GETPAGESIZE 1
| #define HAVE_MMAP 1
| #define HAVE_UNISTD_H 1
| #define HAVE_SYS_PARAM_H 1
| #define HAVE_SYS_SELECT_H 1
| /* end confdefs.h.  */
| #ifdef HAVE_XLIB_H
|                  #include "Xlib.h"
|                  #endif
| 
| 
| #include <X11/extensions/Xrandr.h>
configure:7371: result: no
configure:7387: checking for dlopen in -ldl
configure:7412: gcc -o conftest     conftest.c -ldl   -lpthread -lrt >&5
configure:7412: $? = 0
configure:7421: result: yes
configure:7435: checking for clock_nanosleep in -lrt
configure:7460: gcc -o conftest     conftest.c -lrt  -ldl  -lpthread -lrt >&5
configure:7460: $? = 0
configure:7469: result: yes
configure:7495: checking termios.h usability
configure:7495: gcc -c    conftest.c >&5
configure:7495: $? = 0
configure:7495: result: yes
configure:7495: checking termios.h presence
configure:7495: gcc -E  conftest.c
configure:7495: $? = 0
configure:7495: result: yes
configure:7495: checking for termios.h
configure:7495: result: yes
configure:7495: checking sys/ioctl.h usability
configure:7495: gcc -c    conftest.c >&5
configure:7495: $? = 0
configure:7495: result: yes
configure:7495: checking sys/ioctl.h presence
configure:7495: gcc -E  conftest.c
configure:7495: $? = 0
configure:7495: result: yes
configure:7495: checking for sys/ioctl.h
configure:7495: result: yes
configure:7509: checking curses.h usability
configure:7509: gcc -c    conftest.c >&5
configure:7509: $? = 0
configure:7509: result: yes
configure:7509: checking curses.h presence
configure:7509: gcc -E  conftest.c
configure:7509: $? = 0
configure:7509: result: yes
configure:7509: checking for curses.h
configure:7509: result: yes
configure:7509: checking ncurses.h usability
configure:7509: gcc -c    conftest.c >&5
configure:7509: $? = 0
configure:7509: result: yes
configure:7509: checking ncurses.h presence
configure:7509: gcc -E  conftest.c
configure:7509: $? = 0
configure:7509: result: yes
configure:7509: checking for ncurses.h
configure:7509: result: yes
configure:7520: curses= ncurses=
configure:7523: checking for setupterm in -lcurses
configure:7548: gcc -o conftest     conftest.c -lcurses  -lrt -ldl  -lpthread -lrt >&5
configure:7548: $? = 0
configure:7557: result: yes
configure:7619: checking for term.h
configure:7619: gcc -c    conftest.c >&5
configure:7619: $? = 0
configure:7619: result: yes
configure:7638: checking for ncurses/term.h
configure:7638: gcc -c    conftest.c >&5
conftest.c:48:26: fatal error: ncurses/term.h: No such file or directory
 #include <ncurses/term.h>
                          ^
compilation terminated.
configure:7638: $? = 1
configure: failed program was:
| /* confdefs.h */
| #define PACKAGE_NAME "fox"
| #define PACKAGE_TARNAME "fox"
| #define PACKAGE_VERSION "1.6.21"
| #define PACKAGE_STRING "fox 1.6.21"
| #define PACKAGE_BUGREPORT ""
| #define PACKAGE_URL ""
| #define PACKAGE "fox"
| #define VERSION "1.6.21"
| #define TIME_WITH_SYS_TIME 1
| #define HAVE_SYS_WAIT_H 1
| #define HAVE_DIRENT_H 1
| #define STDC_HEADERS 1
| #define HAVE_SYS_TYPES_H 1
| #define HAVE_SYS_STAT_H 1
| #define HAVE_STDLIB_H 1
| #define HAVE_STRING_H 1
| #define HAVE_MEMORY_H 1
| #define HAVE_STRINGS_H 1
| #define HAVE_INTTYPES_H 1
| #define HAVE_STDINT_H 1
| #define HAVE_UNISTD_H 1
| #define HAVE_STDLIB_H 1
| #define HAVE_UNISTD_H 1
| #define HAVE_SYS_PARAM_H 1
| #define HAVE_GETPAGESIZE 1
| #define HAVE_MMAP 1
| #define HAVE_UNISTD_H 1
| #define HAVE_SYS_PARAM_H 1
| #define HAVE_SYS_SELECT_H 1
| #define HAVE_LIBDL 1
| #define HAVE_LIBRT 1
| #define HAVE_TERMIOS_H 1
| #define HAVE_SYS_IOCTL_H 1
| #define HAVE_CURSES_H 1
| #define HAVE_NCURSES_H 1
| #define HAVE_LIBCURSES 1
| #define HAVE_TERM_H 1
| /* end confdefs.h.  */
| #if HAVE_CURSES_H
|     #include <curses.h>
|     #else
|     #if HAVE_NCURSES_H
|     #include <ncurses.h>
|     #endif
|     #endif
| 
| #include <ncurses/term.h>
configure:7638: result: no
configure:7659: checking for tgetent
configure:7659: gcc -o conftest     conftest.c -lcurses -lrt -ldl  -lpthread -lrt >&5
configure:7659: $? = 0
configure:7659: result: yes
configure:7659: checking for tputs
configure:7659: gcc -o conftest     conftest.c -lcurses -lrt -ldl  -lpthread -lrt >&5
configure:7659: $? = 0
configure:7659: result: yes
configure:7674: checking for cfmakeraw
configure:7674: gcc -o conftest     conftest.c -lcurses -lrt -ldl  -lpthread -lrt >&5
configure:7674: $? = 0
configure:7674: result: yes
configure:7693: checking for XRenderCreateCursor in -lXrender
configure:7718: gcc -o conftest     conftest.c -lXrender  -lcurses -lrt -ldl  -lpthread -lrt >&5
configure:7718: $? = 0
configure:7727: result: yes
configure:7738: checking for XcursorImageCreate in -lXcursor
configure:7763: gcc -o conftest     conftest.c -lXcursor  -lXrender -lcurses -lrt -ldl  -lpthread -lrt >&5
/usr/bin/ld: cannot find -lXcursor
collect2: error: ld returned 1 exit status
configure:7763: $? = 1
configure: failed program was:
| /* confdefs.h */
| #define PACKAGE_NAME "fox"
| #define PACKAGE_TARNAME "fox"
| #define PACKAGE_VERSION "1.6.21"
| #define PACKAGE_STRING "fox 1.6.21"
| #define PACKAGE_BUGREPORT ""
| #define PACKAGE_URL ""
| #define PACKAGE "fox"
| #define VERSION "1.6.21"
| #define TIME_WITH_SYS_TIME 1
| #define HAVE_SYS_WAIT_H 1
| #define HAVE_DIRENT_H 1
| #define STDC_HEADERS 1
| #define HAVE_SYS_TYPES_H 1
| #define HAVE_SYS_STAT_H 1
| #define HAVE_STDLIB_H 1
| #define HAVE_STRING_H 1
| #define HAVE_MEMORY_H 1
| #define HAVE_STRINGS_H 1
| #define HAVE_INTTYPES_H 1
| #define HAVE_STDINT_H 1
| #define HAVE_UNISTD_H 1
| #define HAVE_STDLIB_H 1
| #define HAVE_UNISTD_H 1
| #define HAVE_SYS_PARAM_H 1
| #define HAVE_GETPAGESIZE 1
| #define HAVE_MMAP 1
| #define HAVE_UNISTD_H 1
| #define HAVE_SYS_PARAM_H 1
| #define HAVE_SYS_SELECT_H 1
| #define HAVE_LIBDL 1
| #define HAVE_LIBRT 1
| #define HAVE_TERMIOS_H 1
| #define HAVE_SYS_IOCTL_H 1
| #define HAVE_CURSES_H 1
| #define HAVE_NCURSES_H 1
| #define HAVE_LIBCURSES 1
| #define HAVE_TERM_H 1
| #define HAVE_TGETENT 1
| #define HAVE_TPUTS 1
| #define HAVE_CFMAKERAW 1
| #define HAVE_LIBXRENDER 1
| /* end confdefs.h.  */
| 
| /* Override any GCC internal prototype to avoid an error.
|    Use char because int might match the return type of a GCC
|    builtin and then its argument prototype would still apply.  */
| #ifdef __cplusplus
| extern "C"
| #endif
| char XcursorImageCreate ();
| int
| main ()
| {
| return XcursorImageCreate ();
|   ;
|   return 0;
| }
configure:7772: result: no
configure:7793: result: 
configure:7808: checking for vsscanf
configure:7808: gcc -o conftest     conftest.c -lXrender -lcurses -lrt -ldl  -lpthread -lrt >&5
conftest.c:67:6: warning: conflicting types for built-in function 'vsscanf' [enabled by default]
 char vsscanf ();
      ^
configure:7808: $? = 0
configure:7808: result: yes
configure:7808: checking for vsnprintf
configure:7808: gcc -o conftest     conftest.c -lXrender -lcurses -lrt -ldl  -lpthread -lrt >&5
conftest.c:68:6: warning: conflicting types for built-in function 'vsnprintf' [enabled by default]
 char vsnprintf ();
      ^
configure:7808: $? = 0
configure:7808: result: yes
configure:7808: checking for strtoll
configure:7808: gcc -o conftest     conftest.c -lXrender -lcurses -lrt -ldl  -lpthread -lrt >&5
configure:7808: $? = 0
configure:7808: result: yes
configure:7808: checking for strtoull
configure:7808: gcc -o conftest     conftest.c -lXrender -lcurses -lrt -ldl  -lpthread -lrt >&5
configure:7808: $? = 0
configure:7808: result: yes
configure:7819: checking for socket in -lsocket
configure:7844: gcc -o conftest     conftest.c -lsocket  -lXrender -lcurses -lrt -ldl  -lpthread -lrt >&5
/usr/bin/ld: cannot find -lsocket
collect2: error: ld returned 1 exit status
configure:7844: $? = 1
configure: failed program was:
| /* confdefs.h */
| #define PACKAGE_NAME "fox"
| #define PACKAGE_TARNAME "fox"
| #define PACKAGE_VERSION "1.6.21"
| #define PACKAGE_STRING "fox 1.6.21"
| #define PACKAGE_BUGREPORT ""
| #define PACKAGE_URL ""
| #define PACKAGE "fox"
| #define VERSION "1.6.21"
| #define TIME_WITH_SYS_TIME 1
| #define HAVE_SYS_WAIT_H 1
| #define HAVE_DIRENT_H 1
| #define STDC_HEADERS 1
| #define HAVE_SYS_TYPES_H 1
| #define HAVE_SYS_STAT_H 1
| #define HAVE_STDLIB_H 1
| #define HAVE_STRING_H 1
| #define HAVE_MEMORY_H 1
| #define HAVE_STRINGS_H 1
| #define HAVE_INTTYPES_H 1
| #define HAVE_STDINT_H 1
| #define HAVE_UNISTD_H 1
| #define HAVE_STDLIB_H 1
| #define HAVE_UNISTD_H 1
| #define HAVE_SYS_PARAM_H 1
| #define HAVE_GETPAGESIZE 1
| #define HAVE_MMAP 1
| #define HAVE_UNISTD_H 1
| #define HAVE_SYS_PARAM_H 1
| #define HAVE_SYS_SELECT_H 1
| #define HAVE_LIBDL 1
| #define HAVE_LIBRT 1
| #define HAVE_TERMIOS_H 1
| #define HAVE_SYS_IOCTL_H 1
| #define HAVE_CURSES_H 1
| #define HAVE_NCURSES_H 1
| #define HAVE_LIBCURSES 1
| #define HAVE_TERM_H 1
| #define HAVE_TGETENT 1
| #define HAVE_TPUTS 1
| #define HAVE_CFMAKERAW 1
| #define HAVE_LIBXRENDER 1
| #define HAVE_VSSCANF 1
| #define HAVE_VSNPRINTF 1
| #define HAVE_STRTOLL 1
| #define HAVE_STRTOULL 1
| /* end confdefs.h.  */
| 
| /* Override any GCC internal prototype to avoid an error.
|    Use char because int might match the return type of a GCC
|    builtin and then its argument prototype would still apply.  */
| #ifdef __cplusplus
| extern "C"
| #endif
| char socket ();
| int
| main ()
| {
| return socket ();
|   ;
|   return 0;
| }
configure:7853: result: no
configure:7859: checking for gethostbyaddr in -lnsl
configure:7884: gcc -o conftest     conftest.c -lnsl  -lXrender -lcurses -lrt -ldl  -lpthread -lrt >&5
configure:7884: $? = 0
configure:7893: result: yes
configure:7900: checking for dlopen in -ldl
configure:7934: result: yes
configure:7945: checking for shl_load in -ldld
configure:7970: gcc -o conftest     conftest.c -ldld  -ldl -lXrender -lcurses -lrt -ldl  -lpthread -lrt >&5
/usr/bin/ld: cannot find -ldld
collect2: error: ld returned 1 exit status
configure:7970: $? = 1
configure: failed program was:
| /* confdefs.h */
| #define PACKAGE_NAME "fox"
| #define PACKAGE_TARNAME "fox"
| #define PACKAGE_VERSION "1.6.21"
| #define PACKAGE_STRING "fox 1.6.21"
| #define PACKAGE_BUGREPORT ""
| #define PACKAGE_URL ""
| #define PACKAGE "fox"
| #define VERSION "1.6.21"
| #define TIME_WITH_SYS_TIME 1
| #define HAVE_SYS_WAIT_H 1
| #define HAVE_DIRENT_H 1
| #define STDC_HEADERS 1
| #define HAVE_SYS_TYPES_H 1
| #define HAVE_SYS_STAT_H 1
| #define HAVE_STDLIB_H 1
| #define HAVE_STRING_H 1
| #define HAVE_MEMORY_H 1
| #define HAVE_STRINGS_H 1
| #define HAVE_INTTYPES_H 1
| #define HAVE_STDINT_H 1
| #define HAVE_UNISTD_H 1
| #define HAVE_STDLIB_H 1
| #define HAVE_UNISTD_H 1
| #define HAVE_SYS_PARAM_H 1
| #define HAVE_GETPAGESIZE 1
| #define HAVE_MMAP 1
| #define HAVE_UNISTD_H 1
| #define HAVE_SYS_PARAM_H 1
| #define HAVE_SYS_SELECT_H 1
| #define HAVE_LIBDL 1
| #define HAVE_LIBRT 1
| #define HAVE_TERMIOS_H 1
| #define HAVE_SYS_IOCTL_H 1
| #define HAVE_CURSES_H 1
| #define HAVE_NCURSES_H 1
| #define HAVE_LIBCURSES 1
| #define HAVE_TERM_H 1
| #define HAVE_TGETENT 1
| #define HAVE_TPUTS 1
| #define HAVE_CFMAKERAW 1
| #define HAVE_LIBXRENDER 1
| #define HAVE_VSSCANF 1
| #define HAVE_VSNPRINTF 1
| #define HAVE_STRTOLL 1
| #define HAVE_STRTOULL 1
| #define HAVE_LIBDL 1
| /* end confdefs.h.  */
| 
| /* Override any GCC internal prototype to avoid an error.
|    Use char because int might match the return type of a GCC
|    builtin and then its argument prototype would still apply.  */
| #ifdef __cplusplus
| extern "C"
| #endif
| char shl_load ();
| int
| main ()
| {
| return shl_load ();
|   ;
|   return 0;
| }
configure:7979: result: no
configure:7991: checking for CUPS support
configure:7998: result: 
configure:8055: checking for debugging
configure:8062: result: 
configure:8074: checking for release build
configure:8081: result: yes
configure:8090: checking for profiling
configure:8098: result: 
configure:8110: checking for OpenGL support
configure:8118: result: no
configure:8349: creating ./config.status

## ---------------------- ##
## Running config.status. ##
## ---------------------- ##

This file was extended by fox config.status 1.6.21, which was
generated by GNU Autoconf 2.69.  Invocation command line was

  CONFIG_FILES    = 
  CONFIG_HEADERS  = 
  CONFIG_LINKS    = 
  CONFIG_COMMANDS = 
  $ ./config.status 

on loris-5

config.status:9181: creating Makefile
config.status:9181: creating utils/Makefile
config.status:9181: creating include/Makefile
config.status:9181: creating include/fxver.h
config.status:9181: creating src/Makefile
config.status:9181: creating src/version.rc
config.status:9181: creating doc/Makefile
config.status:9181: creating doc/art/Makefile
config.status:9181: creating doc/screenshots/Makefile
config.status:9181: creating fox.spec
config.status:9181: creating fox-config
config.status:9181: creating fox.pc
config.status:9351: executing depfiles commands

## ---------------- ##
## Cache variables. ##
## ---------------- ##

ac_cv_build='x86_64-unknown-linux-gnu'
ac_cv_c_bigendian='no'
ac_cv_c_compiler_gnu='yes'
ac_cv_cxx_compiler_gnu='yes'
ac_cv_env_CCC_set=''
ac_cv_env_CCC_value=''
ac_cv_env_CC_set=''
ac_cv_env_CC_value=''
ac_cv_env_CFLAGS_set='set'
ac_cv_env_CFLAGS_value=' '
ac_cv_env_CPPFLAGS_set='set'
ac_cv_env_CPPFLAGS_value=''
ac_cv_env_CPP_set=''
ac_cv_env_CPP_value=''
ac_cv_env_CXXFLAGS_set='set'
ac_cv_env_CXXFLAGS_value=' '
ac_cv_env_CXX_set=''
ac_cv_env_CXX_value=''
ac_cv_env_LDFLAGS_set='set'
ac_cv_env_LDFLAGS_value=''
ac_cv_env_LIBS_set=''
ac_cv_env_LIBS_value=''
ac_cv_env_XMKMF_set=''
ac_cv_env_XMKMF_value=''
ac_cv_env_build_alias_set=''
ac_cv_env_build_alias_value=''
ac_cv_env_host_alias_set=''
ac_cv_env_host_alias_value=''
ac_cv_env_target_alias_set=''
ac_cv_env_target_alias_value=''
ac_cv_func_cfmakeraw='yes'
ac_cv_func_connect='yes'
ac_cv_func_gethostbyname='yes'
ac_cv_func_getpagesize='yes'
ac_cv_func_mmap_fixed_mapped='yes'
ac_cv_func_remove='yes'
ac_cv_func_shmat='yes'
ac_cv_func_strtoll='yes'
ac_cv_func_strtoull='yes'
ac_cv_func_tgetent='yes'
ac_cv_func_tputs='yes'
ac_cv_func_vsnprintf='yes'
ac_cv_func_vsscanf='yes'
ac_cv_have_x='have_x=yes	ac_x_includes='"''"'	ac_x_libraries='"''"
ac_cv_header_X11_Xcursor_Xcursor_h='no'
ac_cv_header_X11_extensions_XShm_h='no'
ac_cv_header_X11_extensions_Xrandr_h='no'
ac_cv_header_X11_extensions_shape_h='yes'
ac_cv_header_Xlib_h='no'
ac_cv_header_curses_h='yes'
ac_cv_header_dirent_dirent_h='yes'
ac_cv_header_inttypes_h='yes'
ac_cv_header_memory_h='yes'
ac_cv_header_ncurses_h='yes'
ac_cv_header_ncurses_term_h='no'
ac_cv_header_pthread_h='yes'
ac_cv_header_stdc='yes'
ac_cv_header_stdint_h='yes'
ac_cv_header_stdlib_h='yes'
ac_cv_header_string_h='yes'
ac_cv_header_strings_h='yes'
ac_cv_header_sys_filio_h='no'
ac_cv_header_sys_ioctl_h='yes'
ac_cv_header_sys_ipc_h='yes'
ac_cv_header_sys_param_h='yes'
ac_cv_header_sys_select_h='yes'
ac_cv_header_sys_shm_h='yes'
ac_cv_header_sys_stat_h='yes'
ac_cv_header_sys_types_h='yes'
ac_cv_header_sys_wait_h='yes'
ac_cv_header_term_h='yes'
ac_cv_header_termios_h='yes'
ac_cv_header_time='yes'
ac_cv_header_unistd_h='yes'
ac_cv_host='x86_64-unknown-linux-gnu'
ac_cv_lib_ICE_IceConnectionNumber='no'
ac_cv_lib_Xcursor_XcursorImageCreate='no'
ac_cv_lib_Xrender_XRenderCreateCursor='yes'
ac_cv_lib_curses_setupterm='yes'
ac_cv_lib_dl_dlopen='yes'
ac_cv_lib_dld_shl_load='no'
ac_cv_lib_nsl_gethostbyaddr='yes'
ac_cv_lib_pthread_pthread_exit='yes'
ac_cv_lib_rt_clock_nanosleep='yes'
ac_cv_lib_rt_sem_init='yes'
ac_cv_lib_socket_socket='no'
ac_cv_objext='o'
ac_cv_path_EGREP='/bin/grep -E'
ac_cv_path_GREP='/bin/grep'
ac_cv_path_PKG_CONFIG='/usr/bin/pkg-config'
ac_cv_path_install='/usr/bin/install -c'
ac_cv_path_mkdir='/bin/mkdir'
ac_cv_prog_AWK='mawk'
ac_cv_prog_CPP='gcc -E'
ac_cv_prog_ac_ct_CC='gcc'
ac_cv_prog_ac_ct_CXX='g++'
ac_cv_prog_ac_ct_RANLIB='ranlib'
ac_cv_prog_cc_c89=''
ac_cv_prog_cc_g='yes'
ac_cv_prog_cxx_g='yes'
ac_cv_prog_make_make_set='yes'
ac_cv_search_opendir='none required'
am_cv_CC_dependencies_compiler_type='gcc3'
am_cv_CXX_dependencies_compiler_type='gcc3'

## ----------------- ##
## Output variables. ##
## ----------------- ##

ACLOCAL='${SHELL} /usr/local/etc/reduce/csl/fox/missing --run aclocal-1.10'
AMDEPBACKSLASH='\'
AMDEP_FALSE='#'
AMDEP_TRUE=''
AMTAR='${SHELL} /usr/local/etc/reduce/csl/fox/missing --run tar'
AUTOCONF='${SHELL} /usr/local/etc/reduce/csl/fox/missing --run autoconf'
AUTOHEADER='${SHELL} /usr/local/etc/reduce/csl/fox/missing --run autoheader'
AUTOMAKE='${SHELL} /usr/local/etc/reduce/csl/fox/missing --run automake-1.10'
AWK='mawk'
CC='gcc'
CCDEPMODE='depmode=gcc3'
CFLAGS='  -DHAVE_XFT_H=1 -I/usr/include/freetype2   -DHAVE_XSHAPE_H=1  -DFOX_THREAD_SAFE=1 -D_POSIX_PTHREAD_SEMANTICS -D_REENTRANT -D_GNU_SOURCE -DNO_XIM -Wall -W -Woverloaded-virtual -Wformat -O2  -DNDEBUG -Wuninitialized  -ffast-math  -finline-functions -fomit-frame-pointer -fexpensive-optimizations -fno-strict-aliasing'
CPP='gcc -E'
CPPFLAGS=''
CXX='g++'
CXXDEPMODE='depmode=gcc3'
CXXFLAGS='  -DHAVE_XFT_H=1 -I/usr/include/freetype2   -DHAVE_XSHAPE_H=1  -DFOX_THREAD_SAFE=1 -D_POSIX_PTHREAD_SEMANTICS -D_REENTRANT -D_GNU_SOURCE -DNO_XIM -Wall -W -Woverloaded-virtual -Wformat -O2  -DNDEBUG -Wuninitialized  -ffast-math  -finline-functions -fomit-frame-pointer -fexpensive-optimizations -fno-strict-aliasing'
CYGPATH_W='echo'
DEFS='-DPACKAGE_NAME=\"fox\" -DPACKAGE_TARNAME=\"fox\" -DPACKAGE_VERSION=\"1.6.21\" -DPACKAGE_STRING=\"fox\ 1.6.21\" -DPACKAGE_BUGREPORT=\"\" -DPACKAGE_URL=\"\" -DPACKAGE=\"fox\" -DVERSION=\"1.6.21\" -DTIME_WITH_SYS_TIME=1 -DHAVE_SYS_WAIT_H=1 -DHAVE_DIRENT_H=1 -DSTDC_HEADERS=1 -DHAVE_SYS_TYPES_H=1 -DHAVE_SYS_STAT_H=1 -DHAVE_STDLIB_H=1 -DHAVE_STRING_H=1 -DHAVE_MEMORY_H=1 -DHAVE_STRINGS_H=1 -DHAVE_INTTYPES_H=1 -DHAVE_STDINT_H=1 -DHAVE_UNISTD_H=1 -DHAVE_STDLIB_H=1 -DHAVE_UNISTD_H=1 -DHAVE_SYS_PARAM_H=1 -DHAVE_GETPAGESIZE=1 -DHAVE_MMAP=1 -DHAVE_UNISTD_H=1 -DHAVE_SYS_PARAM_H=1 -DHAVE_SYS_SELECT_H=1 -DHAVE_LIBDL=1 -DHAVE_LIBRT=1 -DHAVE_TERMIOS_H=1 -DHAVE_SYS_IOCTL_H=1 -DHAVE_CURSES_H=1 -DHAVE_NCURSES_H=1 -DHAVE_LIBCURSES=1 -DHAVE_TERM_H=1 -DHAVE_TGETENT=1 -DHAVE_TPUTS=1 -DHAVE_CFMAKERAW=1 -DHAVE_LIBXRENDER=1 -DHAVE_VSSCANF=1 -DHAVE_VSNPRINTF=1 -DHAVE_STRTOLL=1 -DHAVE_STRTOULL=1 -DHAVE_LIBDL=1'
DEPDIR='.deps'
ECHO_C=''
ECHO_N='-n'
ECHO_T=''
EGREP='/bin/grep -E'
EXEEXT=''
FOX_BYTEORDER='0'
FOX_MAJOR_VERSION='1'
FOX_MINOR_VERSION='6'
FOX_PATCH_LEVEL='21'
GL_LIBS=''
GL_TESTS=''
GREP='/bin/grep'
INSTALL_DATA='${INSTALL} -m 644'
INSTALL_PROGRAM='${INSTALL}'
INSTALL_SCRIPT='${INSTALL}'
INSTALL_STRIP_PROGRAM='$(install_sh) -c -s'
LDFLAGS=''
LIBOBJS=''
LIBS='-ldl -lXrender -lcurses -lrt -ldl  -lpthread -lrt'
LTLIBOBJS=''
LT_AGE='0'
LT_CURRENT='0'
LT_RELEASE='1.6'
LT_REVISION='21'
MAKEINFO='${SHELL} /usr/local/etc/reduce/csl/fox/missing --run makeinfo'
MKDIR_P='/bin/mkdir -p'
OBJEXT='o'
PACKAGE='fox'
PACKAGE_BUGREPORT=''
PACKAGE_NAME='fox'
PACKAGE_STRING='fox 1.6.21'
PACKAGE_TARNAME='fox'
PACKAGE_URL=''
PACKAGE_VERSION='1.6.21'
PATH_SEPARATOR=':'
PKG_CONFIG='/usr/bin/pkg-config'
RANLIB='ranlib'
SET_MAKE=''
SHELL='/bin/sh'
STRIP=''
VERSION='1.6.21'
XFT_CONFIG=''
XMKMF=''
X_BASE_LIBS='-lXext -lX11 -lXft  '
X_CFLAGS=''
X_EXTRA_LIBS=''
X_LIBS=''
X_PRE_LIBS=''
ac_ct_CC='gcc'
ac_ct_CXX='g++'
am__fastdepCC_FALSE='#'
am__fastdepCC_TRUE=''
am__fastdepCXX_FALSE='#'
am__fastdepCXX_TRUE=''
am__include='include'
am__isrc=' -I$(srcdir)'
am__leading_dot='.'
am__quote=''
am__tar='${AMTAR} chof - "$$tardir"'
am__untar='${AMTAR} xf -'
bindir='${exec_prefix}/bin'
build='x86_64-unknown-linux-gnu'
build_alias=''
build_cpu='x86_64'
build_os='linux-gnu'
build_vendor='unknown'
canrun_FALSE='#'
canrun_TRUE=''
cygwinshell_FALSE=''
cygwinshell_TRUE='#'
datadir='${datarootdir}'
datarootdir='${prefix}/share'
docdir='${datarootdir}/doc/${PACKAGE_TARNAME}'
dvidir='${docdir}'
exec_prefix='${prefix}'
host='x86_64-unknown-linux-gnu'
host_alias=''
host_cpu='x86_64'
host_os='linux-gnu'
host_vendor='unknown'
htmldir='${docdir}'
includedir='${prefix}/include'
infodir='${datarootdir}/info'
install_sh='$(SHELL) /usr/local/etc/reduce/csl/fox/install-sh'
libdir='${exec_prefix}/lib'
libexecdir='${exec_prefix}/libexec'
localedir='${datarootdir}/locale'
localstatedir='${prefix}/var'
mandir='${datarootdir}/man'
mkdir_p='/bin/mkdir -p'
msvcxp64_FALSE=''
msvcxp64_TRUE='#'
oldincludedir='/usr/include'
pdfdir='${docdir}'
prefix='/usr/local/etc/reduce/cslbuild/x86_64-unknown-ubuntu14.04'
program_transform_name='s,x,x,'
psdir='${docdir}'
sbindir='${exec_prefix}/sbin'
sharedstatedir='${prefix}/com'
sysconfdir='${prefix}/etc'
target_alias=''
xp64_FALSE=''
xp64_TRUE='#'

## ----------- ##
## confdefs.h. ##
## ----------- ##

/* confdefs.h */
#define PACKAGE_NAME "fox"
#define PACKAGE_TARNAME "fox"
#define PACKAGE_VERSION "1.6.21"
#define PACKAGE_STRING "fox 1.6.21"
#define PACKAGE_BUGREPORT ""
#define PACKAGE_URL ""
#define PACKAGE "fox"
#define VERSION "1.6.21"
#define TIME_WITH_SYS_TIME 1
#define HAVE_SYS_WAIT_H 1
#define HAVE_DIRENT_H 1
#define STDC_HEADERS 1
#define HAVE_SYS_TYPES_H 1
#define HAVE_SYS_STAT_H 1
#define HAVE_STDLIB_H 1
#define HAVE_STRING_H 1
#define HAVE_MEMORY_H 1
#define HAVE_STRINGS_H 1
#define HAVE_INTTYPES_H 1
#define HAVE_STDINT_H 1
#define HAVE_UNISTD_H 1
#define HAVE_STDLIB_H 1
#define HAVE_UNISTD_H 1
#define HAVE_SYS_PARAM_H 1
#define HAVE_GETPAGESIZE 1
#define HAVE_MMAP 1
#define HAVE_UNISTD_H 1
#define HAVE_SYS_PARAM_H 1
#define HAVE_SYS_SELECT_H 1
#define HAVE_LIBDL 1
#define HAVE_LIBRT 1
#define HAVE_TERMIOS_H 1
#define HAVE_SYS_IOCTL_H 1
#define HAVE_CURSES_H 1
#define HAVE_NCURSES_H 1
#define HAVE_LIBCURSES 1
#define HAVE_TERM_H 1
#define HAVE_TGETENT 1
#define HAVE_TPUTS 1
#define HAVE_CFMAKERAW 1
#define HAVE_LIBXRENDER 1
#define HAVE_VSSCANF 1
#define HAVE_VSNPRINTF 1
#define HAVE_STRTOLL 1
#define HAVE_STRTOULL 1
#define HAVE_LIBDL 1

configure: exit 0
