This file contains any messages produced by compilers while
running configure, to aid debugging if configure makes a mistake.

It was created by REDUCE configure 20080421, which was
generated by GNU Autoconf 2.69.  Invocation command line was

  $ /usr/local/etc/reduce/configure --with-csl --with-build=x86_64-unknown-ubuntu14.04 --no-create --no-recursion

## --------- ##
## Platform. ##
## --------- ##

hostname = loris-5
uname -m = x86_64
uname -r = 3.16.0-30-generic
uname -s = Linux
uname -v = #40~14.04.1-Ubuntu SMP Thu Jan 15 17:43:14 UTC 2015

/usr/bin/uname -p = unknown
/bin/uname -X     = unknown

/bin/arch              = unknown
/usr/bin/arch -k       = unknown
/usr/convex/getsysinfo = unknown
/usr/bin/hostinfo      = unknown
/bin/machine           = unknown
/usr/bin/oslevel       = unknown
/bin/universe          = unknown

PATH: /usr/local/sbin
PATH: /usr/local/bin
PATH: /usr/sbin
PATH: /usr/bin
PATH: /sbin
PATH: /bin


## ----------- ##
## Core tests. ##
## ----------- ##

configure:1782: Absolute path to source directory = /usr/local/etc/reduce
configure:1818: checking build system type
configure:1832: result: x86_64-unknown-linux-gnu
configure:1852: checking host system type
configure:1865: result: x86_64-unknown-linux-gnu
configure:2097: +++ standard build case, srcdir = /usr/local/etc/reduce = /usr/local/etc/reduce
configure:2124: checking for a BSD-compatible install
configure:2192: result: /usr/bin/install -c
configure:2203: checking whether build environment is sane
configure:2240: result: yes
configure:2265: checking for a thread-safe mkdir -p
configure:2304: result: /bin/mkdir -p
configure:2317: checking for gawk
configure:2347: result: no
configure:2317: checking for mawk
configure:2333: found /usr/bin/mawk
configure:2344: result: mawk
configure:2355: checking whether make sets $(MAKE)
configure:2377: result: yes
configure:2570: About to configure CSL core
configure:2575: /bin/sh /usr/local/etc/reduce/csl/cslbase/configure  '--with-csl' '--with-build=x86_64-unknown-ubuntu14.04' --with-fox=/usr/local/etc/reduce/cslbuild/x86_64-unknown-ubuntu14.04 --with-fox-pending=yes --with-build=x86_64-unknown-ubuntu14.04
configure:2581: About to configure FOX
configure:2682: CPPFLAGS=
configure:2684: CFLAGS= 
configure:2686: CXXFLAGS= 
configure:2688: LDFLAGS=
configure:2690: /bin/sh /usr/local/etc/reduce/csl/fox/configure  '--with-csl' '--with-build=x86_64-unknown-ubuntu14.04'           CPPFLAGS="" CFLAGS=" "           CXXFLAGS=" " LDFLAGS=""           --enable-release --with-opengl=no           --disable-jpeg --disable-zlib --disable-bz2lib           --disable-png --disable-tiff --prefix=/usr/local/etc/reduce/cslbuild/x86_64-unknown-ubuntu14.04 --with-xft
configure:2713: About to configure FOX tests
configure:2718: /bin/sh /usr/local/etc/reduce/csl/foxtests/configure  '--with-csl' '--with-build=x86_64-unknown-ubuntu14.04' --with-fox=/usr/local/etc/reduce/cslbuild/x86_64-unknown-ubuntu14.04 --with-fox-pending=yes --with-xft
configure:2755: final output from top level configuration
configure:2920: creating ./config.status

## ---------------- ##
## Cache variables. ##
## ---------------- ##

ac_cv_build='x86_64-unknown-linux-gnu'
ac_cv_env_build_alias_set=''
ac_cv_env_build_alias_value=''
ac_cv_env_host_alias_set=''
ac_cv_env_host_alias_value=''
ac_cv_env_target_alias_set=''
ac_cv_env_target_alias_value=''
ac_cv_host='x86_64-unknown-linux-gnu'
ac_cv_path_install='/usr/bin/install -c'
ac_cv_path_mkdir='/bin/mkdir'
ac_cv_prog_AWK='mawk'
ac_cv_prog_make_make_set='yes'

## ----------------- ##
## Output variables. ##
## ----------------- ##

ACLOCAL='${SHELL} /usr/local/etc/reduce/missing --run aclocal-1.10'
AMTAR='${SHELL} /usr/local/etc/reduce/missing --run tar'
AUTOCONF='${SHELL} /usr/local/etc/reduce/missing --run autoconf'
AUTOHEADER='${SHELL} /usr/local/etc/reduce/missing --run autoheader'
AUTOMAKE='${SHELL} /usr/local/etc/reduce/missing --run automake-1.10'
AWK='mawk'
CYGPATH_W='echo'
DEFS='-DPACKAGE_NAME=\"REDUCE\" -DPACKAGE_TARNAME=\"reduce\" -DPACKAGE_VERSION=\"20080421\" -DPACKAGE_STRING=\"REDUCE\ 20080421\" -DPACKAGE_BUGREPORT=\"acn1@cam.ac.uk\" -DPACKAGE_URL=\"\" -DPACKAGE=\"reduce\" -DVERSION=\"20080421\"'
ECHO_C=''
ECHO_N='-n'
ECHO_T=''
INSTALL_DATA='${INSTALL} -m 644'
INSTALL_PROGRAM='${INSTALL}'
INSTALL_SCRIPT='${INSTALL}'
INSTALL_STRIP_PROGRAM='$(install_sh) -c -s'
LIBOBJS=''
LIBS=''
LTLIBOBJS=''
MAKEINFO='${SHELL} /usr/local/etc/reduce/missing --run makeinfo'
MKDIR_P='/bin/mkdir -p'
PACKAGE='reduce'
PACKAGE_BUGREPORT='acn1@cam.ac.uk'
PACKAGE_NAME='REDUCE'
PACKAGE_STRING='REDUCE 20080421'
PACKAGE_TARNAME='reduce'
PACKAGE_URL=''
PACKAGE_VERSION='20080421'
PATH_SEPARATOR=':'
SET_MAKE=''
SHELL='/bin/sh'
STRIP=''
VERSION='20080421'
am__isrc=' -I$(srcdir)'
am__leading_dot='.'
am__tar='${AMTAR} chof - "$$tardir"'
am__untar='${AMTAR} xf -'
bindir='${exec_prefix}/bin'
build='x86_64-unknown-ubuntu14.04'
build_alias=''
build_cpu='x86_64'
build_os='linux-gnu'
build_vendor='unknown'
csl_FALSE='#'
csl_TRUE=''
cslpsl_FALSE=''
cslpsl_TRUE='#'
datadir='${datarootdir}'
datarootdir='${prefix}/share'
docdir='${datarootdir}/doc/${PACKAGE_TARNAME}'
dvidir='${docdir}'
exec_prefix='${prefix}'
host='x86_64-unknown-linux-gnu'
host_alias=''
host_cpu='x86_64'
host_os='linux-gnu'
host_vendor='unknown'
htmldir='${docdir}'
includedir='${prefix}/include'
infodir='${datarootdir}/info'
install_sh='$(SHELL) /usr/local/etc/reduce/install-sh'
libdir='${exec_prefix}/lib'
libexecdir='${exec_prefix}/libexec'
localedir='${datarootdir}/locale'
localstatedir='${prefix}/var'
mandir='${datarootdir}/man'
mkdir_p='/bin/mkdir -p'
oldincludedir='/usr/include'
pdfdir='${docdir}'
prefix='/usr/local'
program_transform_name='s,x,x,'
psdir='${docdir}'
psl_FALSE=''
psl_TRUE='#'
sbindir='${exec_prefix}/sbin'
sharedstatedir='${prefix}/com'
sysconfdir='${prefix}/etc'
target_alias=''

## ----------- ##
## confdefs.h. ##
## ----------- ##

/* confdefs.h */
#define PACKAGE_NAME "REDUCE"
#define PACKAGE_TARNAME "reduce"
#define PACKAGE_VERSION "20080421"
#define PACKAGE_STRING "REDUCE 20080421"
#define PACKAGE_BUGREPORT "acn1@cam.ac.uk"
#define PACKAGE_URL ""
#define PACKAGE "reduce"
#define VERSION "20080421"

configure: exit 0

## ---------------------- ##
## Running config.status. ##
## ---------------------- ##

This file was extended by REDUCE config.status 20080421, which was
generated by GNU Autoconf 2.69.  Invocation command line was

  CONFIG_FILES    = 
  CONFIG_HEADERS  = 
  CONFIG_LINKS    = 
  CONFIG_COMMANDS = 
  $ ./config.status 

on loris-5

config.status:3730: creating Makefile
