Codemist Standard Lisp 6.03 for linux-gnu:x86_64: Apr 23 2013
Memory allocation: 117433344 bytes
There are 24 processors available

+++ About to read file "/usr/local/etc/reduce/csl/cslbase/buildcsl.lsp"

3

Reading "$cslbase/compat.lsp"

nil

nil
+++ Fastget size was 32, now 32

32
+++ Use fastget slot 0 for noncom

0
+++ Use fastget slot 1 for lose

1

nil

!*echo

nil

!*raise

nil

!*lower

t

!*savedef

nil

!*comp

nil

!*plap

nil

!*pgwd

nil

!*pwrds

t

9

!!fleps1

1.0e-12

!!fleps1

rplacw

expand

plus

times

mapcar

maplist

mapcan

mapcon

mapc

map

copy

sassoc

rassoc

lastcar

open

binopen

pipe!-open

putd

putc

traceset1

untraceset1

traceset

untraceset

deflist

global

fluid

unglobal

unfluid

nil

printprompt

nil

nil

nil

nil

nil

nil

t

carcheck

nil

(!
)

symerr

s!:oblist

s!:oblist1

oblist

s!:make!-psetq!-vars

s!:make!-psetq!-bindings

s!:make!-psetq!-assignments

psetq

s!:do!-bindings

s!:do!-endtest

s!:do!-result

s!:do!-updates

s!:expand!-do

do

do!*

s!:expand!-dolist

dolist

s!:expand!-dotimes

dotimes

nil

Read "$cslbase/compat.lsp"

nil

Reading "$cslbase/extras.lsp"

oem!-supervisor

break!-loop

nil

0

s!:stamp

dated!-name

hashtagged!-name

nil

sort

stable!-sort

sortip

stable!-sortip

nil

nil

#H(0 0 10 1.5 [0 SPID_HASH0 SPID_HASH0 SPID_HASH0 SPID_HASH0 SPID_HASH0
SPID_HASH0 SPID_HASH0 SPID_HASH0 SPID_HASH0 SPID_HASH0 SPID_HASH0 SPID_HASH0
SPID_HASH0 SPID_HASH0 SPID_HASH0 SPID_HASH0 SPID_HASH0 SPID_HASH0 SPID_HASH0
SPID_HASH0 SPID_HASH0 SPID_HASH0 SPID_HASH0 SPID_HASH0 SPID_HASH0 SPID_HASH0
SPID_HASH0 SPID_HASH0 SPID_HASH0 SPID_HASH0 SPID_HASH0 SPID_HASH0 SPID_HASH0
SPID_HASH0 SPID_HASH0 SPID_HASH0 SPID_HASH0 SPID_HASH0])

s!:prinl0

s!:prinl1

s!:prinl2

printl

printcl

princl

+++ prinl redefined

prinl

s!:format

format

nil

nil

t

t

5

prettyprint

superprintm

superprinm

s!:top

s!:depth

s!:indenting

s!:blankcount

s!:blanklist

s!:setindenting

s!:setblankcount

s!:setblanklist

s!:newframe

s!:blankp

s!:prindent

s!:explodes

s!:prvector

s!:putblank

s!:endlist

s!:finishpending

s!:quotep

prog

1

1

1

1

1

1

2

2

2

2

2

4

s!:putch

s!:overflow

!(

![

!)

!]

fetch!-url

Read "$cslbase/extras.lsp"

nil

Reading "$cslbase/compiler.lsp"

nil

(loadloc loadloc0 loadloc1 loadloc2 loadloc3 loadloc4 loadloc5 loadloc6 loadloc7
loadloc8 loadloc9 loadloc10 loadloc11 loc0loc1 loc1loc2 loc2loc3 loc1loc0
loc2loc1 loc3loc2 vnil loadlit loadlit1 loadlit2 loadlit3 loadlit4 loadlit5
loadlit6 loadlit7 loadfree loadfree1 loadfree2 loadfree3 loadfree4 storeloc
storeloc0 storeloc1 storeloc2 storeloc3 storeloc4 storeloc5 storeloc6 storeloc7
storefree storefree1 storefree2 storefree3 loadlex storelex closure carloc0
carloc1 carloc2 carloc3 carloc4 carloc5 carloc6 carloc7 carloc8 carloc9 carloc10
carloc11 cdrloc0 cdrloc1 cdrloc2 cdrloc3 cdrloc4 cdrloc5 caarloc0 caarloc1
caarloc2 caarloc3 call0 call1 call2 call2r call3 calln call0_0 call0_1 call0_2
call0_3 call1_0 call1_1 call1_2 call1_3 call1_4 call1_5 call2_0 call2_1 call2_2
call2_3 call2_4 builtin0 builtin1 builtin2 builtin2r builtin3 apply1 apply2
apply3 apply4 jcall jcalln jump jump_b jump_l jump_bl jumpnil jumpnil_b
jumpnil_l jumpnil_bl jumpt jumpt_b jumpt_l jumpt_bl jumpatom jumpatom_b
jumpatom_l jumpatom_bl jumpnatom jumpnatom_b jumpnatom_l jumpnatom_bl jumpeq
jumpeq_b jumpeq_l jumpeq_bl jumpne jumpne_b jumpne_l jumpne_bl jumpequal
jumpequal_b jumpequal_l jumpequal_bl jumpnequal jumpnequal_b jumpnequal_l
jumpnequal_bl jumpl0nil jumpl0t jumpl1nil jumpl1t jumpl2nil jumpl2t jumpl3nil
jumpl3t jumpl4nil jumpl4t jumpst0nil jumpst0t jumpst1nil jumpst1t jumpst2nil
jumpst2t jumpl0atom jumpl0natom jumpl1atom jumpl1natom jumpl2atom jumpl2natom
jumpl3atom jumpl3natom jumpfree1nil jumpfree1t jumpfree2nil jumpfree2t
jumpfree3nil jumpfree3t jumpfree4nil jumpfree4t jumpfreenil jumpfreet jumplit1eq
jumplit1ne jumplit2eq jumplit2ne jumplit3eq jumplit3ne jumplit4eq jumplit4ne
jumpliteq jumplitne jumpb1nil jumpb1t jumpb2nil jumpb2t jumpflagp jumpnflagp
jumpeqcar jumpneqcar catch catch_b catch_l catch_bl uncatch throw protect
unprotect pvbind pvrestore freebind freerstr exit nilexit loc0exit loc1exit
loc2exit push pushnil pushnil2 pushnil3 pushnils pop lose lose2 lose3 loses swop
eq eqcar equal numberp car cdr caar cadr cdar cddr cons ncons xcons acons length
list2 list2star list3 plus2 add1 difference sub1 times2 greaterp lessp flagp get
litget getv qgetv qgetvn bigstack bigcall icase fastget spare1 spare2)

(256 opcodes allocated)

nil

s!:vecof

nil

s!:prinhex1

s!:prinhex2

s!:prinhex4

nil

nil

nil

nil

nil

nil

nil

nil

nil

nil

nil

t

nil

nil

t

nil

nil

s!:start_procedure

s!:set_label

s!:outjump

s!:outexit

nil

s!:outopcode0

s!:outopcode1

(loadlit loadfree call0 call1 litget jumpliteq jumplitne jumpliteq!* jumplitne!*
jumpfreet jumpfreenil)

s!:record_literal

s!:record_literal_for_jump

s!:outopcode1lit

s!:outopcode2

s!:outopcode2lit

s!:outlexref

((1 . 7) . [!- loadlit1 loadlit2 loadlit3 loadlit4 loadlit5 loadlit6 loadlit7])

((1 . 4) . [!- loadfree1 loadfree2 loadfree3 loadfree4])

((1 . 3) . [!- storefree1 storefree2 storefree3])

((0 . 3) . [call0_0 call0_1 call0_2 call0_3])

((0 . 5) . [call1_0 call1_1 call1_2 call1_3 call1_4 call1_5])

((0 . 4) . [call2_0 call2_1 call2_2 call2_3 call2_4])

((1 . 4) . [!- jumpfree1t jumpfree2t jumpfree3t jumpfree4t])

((1 . 4) . [!- jumpfree1nil jumpfree2nil jumpfree3nil jumpfree4nil])

((1 . 4) . [!- jumplit1eq jumplit2eq jumplit3eq jumplit4eq])

((1 . 4) . [!- jumplit1ne jumplit2ne jumplit3ne jumplit4ne])

((1 . 4) . [!- jumplit1eq jumplit2eq jumplit3eq jumplit4eq])

((1 . 4) . [!- jumplit1ne jumplit2ne jumplit3ne jumplit4ne])

0

16

32

48

64

80

96

112

128

144

160

176

192

208

224

240

s!:literal_order

s!:resolve_literals

s!:only_loadlit

s!:too_many_literals

nil

s!:endprocedure

s!:add_pending

s!:invent_exit

s!:destination_label

s!:remlose

(0 . 0)

(0 . 1)

(0 . 2)

(0 . 3)

(1 . 0)

(1 . 1)

(1 . 2)

(1 . 3)

(1 . 4)

(1 . 5)

(2 . 0)

(2 . 1)

(2 . 2)

(2 . 3)

(2 . 4)

s!:remcall

s!:is_lose_and_exit

s!:try_tail_1

s!:try_tailcall

s!:tidy_exits_1

s!:tidy_exits

s!:tidy_flowgraph

(jumpnil jumpt jumpatom jumpnatom jumpeq jumpne jumpequal jumpnequal jumpl0nil
jumpl0t jumpl1nil jumpl1t jumpl2nil jumpl2t jumpl3nil jumpl3t jumpl4nil jumpl4t
jumpl0atom jumpl0natom jumpl1atom jumpl1natom jumpl2atom jumpl2natom jumpl3atom
jumpl3natom jumpst0nil jumpst0t jumpst1nil jumpst1t jumpst2nil jumpst2t
jumpfree1nil jumpfree1t jumpfree2nil jumpfree2t jumpfree3nil jumpfree3t
jumpfree4nil jumpfree4t jumpfreenil jumpfreet jumplit1eq jumplit1ne jumplit2eq
jumplit2ne jumplit3eq jumplit3ne jumplit4eq jumplit4ne jumpliteq jumplitne
jumpliteq!* jumplitne!* jumpb1nil jumpb1t jumpb2nil jumpb2t jumpflagp jumpnflagp
jumpeqcar jumpneqcar)

s!:negate_jump

s!:resolve_labels

s!:plant_basic_block

s!:plant_bytes

s!:plant_exit_code

(jumpl0nil jumpl0t jumpl1nil jumpl1t jumpl2nil jumpl2t jumpl3nil jumpl3t
jumpl4nil jumpl4t jumpl0atom jumpl0natom jumpl1atom jumpl1natom jumpl2atom
jumpl2natom jumpl3atom jumpl3natom jumpst0nil jumpst0t jumpst1nil jumpst1t
jumpst2nil jumpst2t jumpfree1nil jumpfree1t jumpfree2nil jumpfree2t jumpfree3nil
jumpfree3t jumpfree4nil jumpfree4t jumpfreenil jumpfreet jumplit1eq jumplit1ne
jumplit2eq jumplit2ne jumplit3eq jumplit3ne jumplit4eq jumplit4ne jumpliteq
jumplitne jumpliteq!* jumplitne!* jumpb1nil jumpb1t jumpb2nil jumpb2t jumpflagp
jumpnflagp jumpeqcar jumpneqcar)

nil

nil

nil

s!:expand_jump

s!:comval

s!:comspecform

nil

s!:improve

s!:imp_minus

s!:imp_minus

s!:imp_minus

s!:imp_times

s!:imp_times

s!:imp_itimes

s!:imp_itimes

s!:imp_difference

s!:imp_difference

s!:imp_idifference

s!:imp_idifference

s!:alwayseasy

s!:alwayseasy

s!:alwayseasy

s!:easyifarg

s!:easyifarg

s!:easyifarg

s!:easyifarg

s!:easyifarg

s!:easyifarg

s!:easyifarg

s!:easyifarg

s!:easyifarg

s!:easyifarg

s!:easyifarg

s!:easyifarg

s!:easyifarg

s!:easyifarg

s!:easyifarg

s!:easyifarg

s!:easyifarg

s!:easyifarg

s!:easyifarg

s!:easyifarg

s!:easyifarg

s!:easyifarg

s!:easyifarg

s!:easyifarg

s!:easyifarg

s!:easyifarg

s!:easyifarg

s!:easyifarg

s!:easyifarg

s!:easyifarg

s!:easyifarg

s!:easyifarg

s!:easygetv

s!:easygetv

s!:easyqgetv

s!:easyqgetv

s!:iseasy

s!:instate_local_decs

s!:residual_local_decs

s!:cancel_local_decs

s!:find_local_decs

s!:comlambda

s!:loadliteral

s!:comquote

s!:comquote

nil

s!:comfunction

s!:comfunction

s!:should_be_fluid

s!:find_lexical

nil

[loadloc0 loadloc1 loadloc2 loadloc3 loadloc4 loadloc5 loadloc6 loadloc7
loadloc8 loadloc9 loadloc10 loadloc11]

s!:comatom

nil

s!:islocal

s!:load2

nil

[carloc0 carloc1 carloc2 carloc3 carloc4 carloc5 carloc6 carloc7 carloc8 carloc9
carloc10 carloc11]

[cdrloc0 cdrloc1 cdrloc2 cdrloc3 cdrloc4 cdrloc5]

[caarloc0 caarloc1 caarloc2 caarloc3]

nil

nil

nil

nil

s!:comcall

s!:ad_name

s!:comcarcdr3

s!:comcarcdr3

s!:comcarcdr3

s!:comcarcdr3

s!:comcarcdr3

s!:comcarcdr3

s!:comcarcdr3

s!:comcarcdr3

s!:comcarcdr3

s!:comcarcdr4

s!:comcarcdr4

s!:comcarcdr4

s!:comcarcdr4

s!:comcarcdr4

s!:comcarcdr4

s!:comcarcdr4

s!:comcarcdr4

s!:comcarcdr4

s!:comcarcdr4

s!:comcarcdr4

s!:comcarcdr4

s!:comcarcdr4

s!:comcarcdr4

s!:comcarcdr4

s!:comcarcdr4

s!:comcarcdr4

s!:comgetv

s!:comgetv

s!:comqgetv

s!:comqgetv

s!:comget

s!:comget

s!:comflagp

s!:comflagp

s!:complus

s!:complus

s!:comtimes

s!:comtimes

s!:comiplus

s!:comiplus

s!:comitimes

s!:comitimes

s!:complus2

s!:complus2

s!:comdifference

s!:comdifference

s!:comiplus2

s!:comiplus2

s!:comidifference

s!:comidifference

s!:comtimes2

s!:comtimes2

s!:comtimes2

s!:comminus

s!:comminus

s!:comminusp

s!:comminusp

s!:comlessp

s!:comlessp

s!:comiminusp

s!:comiminusp

s!:comilessp

s!:comilessp

s!:comprogn

s!:comprogn

s!:comprog1

s!:comprog1

s!:comprog2

s!:comprog2

s!:outstack

s!:outlose

s!:comprog

s!:comprog

s!:comtagbody

s!:comtagbody

s!:comblock

s!:comblock

s!:comcatch

s!:comcatch

s!:comthrow

s!:comthrow

s!:comunwind!-protect

s!:comunwind!-protect

s!:comdeclare

s!:comdeclare

s!:expand_let

s!:comlet

s!:comlet

s!:expand_let!*

s!:comlet!*

s!:comlet!*

s!:restore_stack

s!:comgo

s!:comgo

s!:comreturn!-from

s!:comreturn!-from

s!:comreturn

s!:comreturn

nil

[jumpl0t jumpl1t jumpl2t jumpl3t jumpl4t]

[jumpl0nil jumpl1nil jumpl2nil jumpl3nil jumpl4nil]

[jumpl0atom jumpl1atom jumpl2atom jumpl3atom]

[jumpl0natom jumpl1natom jumpl2natom jumpl3natom]

s!:jumpif

s!:testnot

s!:testnot

s!:testnot

s!:testatom

s!:testatom

s!:testconsp

s!:testconsp

s!:comcond

s!:comcond

s!:comif

s!:comif

s!:comwhen

s!:comwhen

s!:comunless

s!:comunless

s!:comicase

s!:comicase

181

182

s!:jumpliteql

s!:casebranch

s!:comcase

s!:comcase

nil

s!:comeval!-when

s!:comeval!-when

s!:comthe

s!:comthe

s!:comand

s!:comand

s!:comor

s!:comor

s!:combool

s!:combool

s!:combool

s!:testeq

s!:testeq1

s!:testeq

s!:testeq1

s!:testequal

s!:testequal

s!:testneq

s!:testneq

s!:testeqcar

s!:testeqcar

s!:testflagp

s!:testflagp

nil

[storeloc0 storeloc1 storeloc2 storeloc3 storeloc4 storeloc5 storeloc6 storeloc7
]

s!:comsetq

s!:comsetq

s!:comsetq

s!:comlist

s!:comlist

s!:comlist!*

s!:comlist!*

s!:comcons

s!:comcons

s!:comapply

s!:comapply

s!:imp_funcall

s!:imp_funcall

s!:eval_to_eq_safe

s!:eval_to_eq_unsafe

s!:list_all_eq_safe

s!:eval_to_list_all_eq_safe

s!:list_some_eq_unsafe

s!:eval_to_list_some_eq_unsafe

s!:eval_to_car_eq_safe

s!:eval_to_car_eq_unsafe

s!:alist_eq_safe

s!:eval_to_alist_eq_safe

s!:alist_eq_unsafe

s!:eval_to_alist_eq_unsafe

nil

nil

s!:comequal

s!:comequal

s!:comeq

s!:comeq

s!:comeqcar

s!:comeqcar

s!:comsublis

s!:comsublis

s!:comsubla

s!:comsubla

s!:comassoc

s!:comassoc

s!:comassoc

s!:comatsoc

s!:comatsoc

s!:commember

s!:commember

s!:commember

s!:commemq

s!:commemq

s!:comdelete

s!:comdelete

s!:comdeleq

s!:comdeleq

s!:commap

s!:commap

s!:commap

s!:commap

s!:commap

s!:commap

s!:commap

s!:nilargs

s!:subargs

nil

clear_source_database

load_source_database

save_source_database

display_source_database

nil

s!:r2i

s!:r2i1

s!:r2iand

s!:r2ior

s!:r2icond

s!:r2iif

s!:r2iwhen

s!:r2iprogn

s!:r2icons

s!:r2icons2

s!:r2isteps

s!:r2i_safestep

s!:r2i_dependson

nil

nil

s!:r2i_list_dependson

s!:r2i2

s!:r2i2cond

s!:r2i2if

s!:r2i2when

s!:r2i2progn

s!:r2i3

s!:any_fluid

s!:compile1

s!:compile2

compile!-all

nil

nil

nil

s!:fasl_supervisor

s!:fslout0

s!:fslout1

s!:fslout2

nil

faslend

endstat

s!:file

s!:trim!.c

s!:dir

faslout

rlis

s!:c_supervisor

s!:cout0

s!:cout1

nil

c_end

endstat

c_out

rlis

s!:compile!-file!*

compile!-file!*

compd

s!:compile0

s!:fully_macroexpand_list

s!:fully_macroexpand

s!:expandfunction

s!:expandflet

s!:expandfletvars

s!:expandlabels

s!:expandmacrolet

s!:expandprog

s!:expandtagbody

s!:expandprogv

s!:expandblock

s!:expanddeclare

s!:expandlet

s!:expandlet!*

s!:expandgo

s!:expandreturn!-from

s!:expandcond

s!:expandcase

s!:expandeval!-when

s!:expandthe

s!:expandmv!-call

s!:expandfunction

s!:expandflet

s!:expandlabels

s!:expandmacrolet

s!:expandprog

s!:expandtagbody

s!:expandprogv

s!:expandblock

s!:expanddeclare

s!:expandlet

s!:expandlet!*

s!:expandgo

s!:expandreturn!-from

s!:expandcond

s!:expandcase

s!:expandeval!-when

s!:expandthe

s!:expandmv!-call

compile

nil

nil

nil

c!:printf

c!:printf1

c!:safeprin

c!:valid_fndef

c!:valid_list

c!:valid_expr

c!:cspecform

c!:valid_specform

c!:valid_specform

nil

nil

nil

c!:reset_gensyms

c!:my_gensym

c!:newreg

c!:startblock

c!:outop

c!:endblock

c!:cval_inner

c!:cval

c!:clambda

c!:locally_bound

nil

nil

c!:find_literal

c!:catom

c!:cjumpif

nil

c!:ccall

nil

c!:has_calls

c!:has_calls_1

c!:can_reach

c!:any_can_reach

c!:pareval

c!:ccall1

nil

nil

c!:cfndef

nil

nil

nil

c!:ccompilesupervisor

nil

((!  . !A) (!! . !B) (!# . !C) (!$ . !D) (!% . !E) (!^ . !F) (!& . !G) (!* . !H)
(!( . !I) (!) . !J) (!- . !K) (!+ . !L) (!= . !M) (!\ . !N) (!| . !O) (!, . !P)
(!. . !Q) (!< . !R) (!> . !S) (!: . !T) (!; . !U) (!/ . !V) (!? . !W) (!~ . !X)
(!` . !Y))

nil

c!:inv_name

nil

c!:ccmpout1

c!:ccmpout1a

nil

c!:concat

c!:ccompilestart

c!:print!-init

c!-end

c!-end1

endstat

c!-compile

rlis

c!:print_opcode

c!:print_exit_condition

c!:pmovr

c!:pmovr

c!:pmovk

c!:pmovk

c!:pmovk1

c!:pmovk1

nil

c!:preloadenv

c!:preloadenv

c!:pldrglob

c!:pldrglob

c!:pstrglob

c!:pstrglob

c!:pnilglob

c!:pnilglob

nil

c!:pnull

c!:pnull

c!:pnull

nil

c!:pfastget

c!:pfastget

nil

c!:pfastflag

c!:pfastflag

nil

c!:pcar

c!:pcar

c!:pcdr

c!:pcdr

c!:pqcar

c!:pqcar

c!:pqcdr

c!:pqcdr

c!:patom

c!:patom

nil

c!:pnumberp

c!:pnumberp

nil

c!:pfixp

c!:pfixp

nil

c!:piminusp

c!:piminusp

nil

c!:pilessp

c!:pilessp

nil

c!:pigreaterp

c!:pigreaterp

nil

c!:piminus

c!:piminus

c!:piadd1

c!:piadd1

c!:pisub1

c!:pisub1

c!:piplus2

c!:piplus2

c!:pidifference

c!:pidifference

c!:pitimes2

c!:pitimes2

c!:pmodular_plus

c!:pmodular_plus

c!:pmodular_difference

c!:pmodular_difference

c!:pmodular_minus

c!:pmodular_minus

c!:passoc

c!:passoc

nil

c!:patsoc

c!:patsoc

nil

c!:pmember

c!:pmember

nil

c!:pmemq

c!:pmemq

nil

c!:pget

c!:pget

c!:pqgetv

c!:pqgetv

c!:pqputv

c!:pqputv

c!:peq

c!:peq

nil

c!:pequal

c!:pequal

nil

c!:pfluidbind

c!:pfluidbind

c!:pcall

c!:fix_nargs

c!:pcall

c!:pgoto

c!:pifnull

c!:pifnull

c!:pifatom

c!:pifatom

c!:pifsymbol

c!:pifsymbol

c!:pifnumber

c!:pifnumber

c!:pifizerop

c!:pifizerop

c!:pifeq

c!:pifeq

c!:pifequal

c!:pifequal

c!:pifilessp

c!:pifilessp

c!:pifigreaterp

c!:pifigreaterp

c!:display_flowgraph

nil

c!:branch_chain

c!:one_operand

c!:two_operands

nil

nil

nil

nil

nil

nil

nil

nil

c!:live_variable_analysis

c!:insert1

c!:clash

c!:build_clash_matrix

c!:allocate_registers

c!:remove_nops

nil

c!:find_error_label

c!:assign

c!:insert_tailcall

c!:does_return

c!:pushpop

c!:optimise_flowgraph

c!:print_error_return

c!:cand

c!:cand

c!:ccatch

c!:ccatch

c!:ccompile_let

c!:ccompiler_let

c!:ccond

c!:ccond

c!:valid_cond

c!:valid_cond

c!:cdeclare

c!:cdeclare

c!:cde

c!:cde

c!:cdefun

c!:cdefun

c!:ceval_when

c!:ceval_when

c!:cflet

c!:cflet

c!:cfunction

c!:valid_function

c!:cfunction

c!:valid_function

c!:cgo

c!:cgo

c!:valid_quote

c!:cif

c!:cif

c!:clabels

c!:clabels

c!:expand!-let

c!:clet

c!:valid_let

c!:clet

c!:valid_let

c!:expand!-let!*

c!:clet!*

c!:clet!*

c!:valid_let

c!:clist

c!:clist

c!:clist!*

c!:clist!*

c!:ccons

c!:ccons

c!:cget

c!:cget

c!:cflag

c!:cflag

c!:cgetv

c!:cgetv

c!:cputv

c!:cputv

c!:cqputv

c!:cqputv

c!:cmacrolet

c!:cmacrolet

c!:cmultiple_value_call

c!:cmultiple_value_call

c!:cmultiple_value_prog1

c!:cmultiple_value_prog1

c!:cor

c!:cor

c!:cprog

c!:cprog

c!:valid_prog

c!:valid_prog

c!:cprog!*

c!:cprog!*

c!:cprog1

c!:cprog1

c!:cprog2

c!:cprog2

c!:cprogn

c!:cprogn

c!:cprogv

c!:cprogv

c!:cquote

c!:valid_quote

c!:cquote

c!:valid_quote

c!:creturn

c!:creturn

c!:creturn_from

c!:csetq

c!:csetq

c!:csetq

c!:cprivate_tagbody

c!:cprivate_tagbody

c!:cthe

c!:cthe

c!:cthrow

c!:cthrow

c!:cunless

c!:cunless

c!:cunwind_protect

c!:cunwind_protect

c!:cwhen

c!:cwhen

c!:expand_map

c!:expand_map

c!:expand_map

c!:expand_map

c!:expand_map

c!:expand_map

c!:expand_map

c!:expand_carcdr

c!:expand_carcdr

c!:builtin_one

c!:builtin_two

c!:narg

nil

c!:cplus2

c!:cplus2

c!:ciplus2

c!:ciplus2

c!:cdifference

c!:cdifference

c!:cidifference

c!:cidifference

c!:ctimes2

c!:ctimes2

c!:citimes2

c!:citimes2

c!:cminus

c!:cminus

c!:ceq

c!:ceq

c!:cequal

c!:cequal

c!:is_fixnum

c!:certainlyatom

c!:atomlist1

c!:atomlist

c!:atomcar

c!:atomkeys1

c!:atomkeys

c!:comsublis

c!:comsublis

c!:comassoc

c!:comassoc

c!:comassoc

c!:commember

c!:commember

c!:comdelete

c!:comdelete

c!:ctestif

c!:ctestif

c!:ctestnull

c!:ctestnull

c!:ctestnull

c!:ctestatom

c!:ctestatom

c!:ctestconsp

c!:ctestconsp

c!:ctestsymbol

c!:ctestsymbol

c!:ctestnumberp

c!:ctestnumberp

c!:ctestizerop

c!:ctestizerop

c!:ctesteq

c!:ctesteq

c!:ctesteqcar

c!:ctesteqcar

nil

-134217728

134217727

c!:small_number

c!:eqvalid

nil

c!:ctestequal

c!:ctestequal

c!:ctestilessp

c!:ctestilessp

c!:ctestigreaterp

c!:ctestigreaterp

c!:ctestand

c!:ctestand

c!:ctestor

c!:ctestor

nil

nil

nil

nil

nil

Read "$cslbase/compiler.lsp"

nil
+++ s!:improve compiled, 23 + 16 bytes
+++ s!:literal_order compiled, 17 + 8 bytes
+++ s!:comval compiled, 98 + 44 bytes
+++ s!:outopcode0 compiled, 29 + 36 bytes
+++ s!:plant_basic_block compiled, 125 + 64 bytes
+++ s!:remlose compiled, 59 + 36 bytes
+++ s!:islocal compiled, 36 + 20 bytes
+++ s!:is_lose_and_exit compiled, 52 + 24 bytes
+++ s!:comatom compiled, 189 + 124 bytes
+++ s!:destination_label compiled, 49 + 20 bytes
+++ s!:record_literal compiled, 48 + 36 bytes
+++ s!:resolve_labels compiled, 116 + 36 bytes
+++ s!:expand_jump compiled, 225 + 100 bytes
+++ s!:outopcode1lit compiled, 36 + 44 bytes
+++ stable!-sortip compiled, 129 + 8 bytes
+++ s!:iseasy compiled, 18 + 16 bytes
+++ s!:outjump compiled, 81 + 52 bytes
+++ s!:add_pending compiled, 31 + 16 bytes
+++ s!:comcall compiled, 539 + 276 bytes
+++ s!:resolve_literals compiled, 240 + 64 bytes

(s!:improve s!:literal_order s!:comval s!:outopcode0 s!:plant_basic_block
s!:remlose s!:islocal s!:is_lose_and_exit s!:comatom s!:destination_label
s!:record_literal s!:resolve_labels s!:expand_jump s!:outopcode1lit
stable!-sortip s!:iseasy s!:outjump s!:add_pending s!:comcall
s!:resolve_literals)
Compile: binopen
+++ binopen compiled, 42 + 52 bytes
Compile: break!-loop
+++ break!-loop compiled, 109 + 72 bytes
Compile: c!-compile
+++ c!-compile compiled, 47 + 56 bytes
Compile: c!-end
+++ c!-end compiled, 3 + 16 bytes
Compile: c!-end1
+++ c!-end1 compiled, 407 + 232 bytes
Compile: c!:allocate_registers
+++ c!:allocate_registers compiled, 129 + 28 bytes
Compile: c!:any_can_reach
+++ c!:any_can_reach compiled, 14 + 16 bytes
Compile: c!:assign
+++ c!:assign compiled, 28 + 24 bytes
Compile: c!:atomcar
+++ c!:atomcar compiled, 21 + 24 bytes
Compile: c!:atomkeys
+++ c!:atomkeys compiled, 52 + 28 bytes
Compile: c!:atomkeys1
+++ c!:atomkeys1 compiled, 24 + 20 bytes
Compile: c!:atomlist
+++ c!:atomlist compiled, 52 + 28 bytes
Compile: c!:atomlist1
+++ c!:atomlist1 compiled, 18 + 12 bytes
Compile: c!:branch_chain
+++ c!:branch_chain compiled, 143 + 44 bytes
Compile: c!:build_clash_matrix
+++ c!:build_clash_matrix compiled, 219 + 92 bytes
Compile: c!:builtin_one
+++ c!:builtin_one compiled, 17 + 20 bytes
Compile: c!:builtin_two
+++ c!:builtin_two compiled, 25 + 20 bytes
Compile: c!:can_reach
+++ c!:can_reach compiled, 23 + 24 bytes
Compile: c!:cand
+++ c!:cand compiled, 46 + 24 bytes
Compile: c!:catom
+++ c!:catom compiled, 81 + 56 bytes
Compile: c!:ccall
+++ c!:ccall compiled as link to c:ccall1
Compile: c!:ccall1
+++ c!:ccall1 compiled, 64 + 36 bytes
Compile: c!:ccatch
+++ c!:ccatch compiled, 4 + 20 bytes
Compile: c!:ccmpout1
+++ c!:ccmpout1 compiled, 20 + 20 bytes
Compile: c!:ccmpout1a
+++ c!:ccmpout1a compiled, 170 + 92 bytes
Compile: c!:ccompile_let
+++ c!:ccompile_let compiled, 4 + 20 bytes
Compile: c!:ccompilestart
+++ c!:ccompilestart compiled, 252 + 176 bytes
Compile: c!:ccompilesupervisor
+++ c!:ccompilesupervisor compiled, 84 + 56 bytes
Compile: c!:ccond
+++ c!:ccond compiled, 105 + 56 bytes
Compile: c!:ccons
+++ c!:ccons compiled, 89 + 48 bytes
Compile: c!:cde
+++ c!:cde compiled, 4 + 20 bytes
Compile: c!:cdeclare
+++ c!:cdeclare compiled, 4 + 20 bytes
Compile: c!:cdefun
+++ c!:cdefun compiled, 4 + 20 bytes
Compile: c!:cdifference
+++ c!:cdifference compiled, 63 + 44 bytes
Compile: c!:ceq
+++ c!:ceq compiled, 45 + 36 bytes
Compile: c!:cequal
+++ c!:cequal compiled, 56 + 44 bytes
Compile: c!:certainlyatom
+++ c!:certainlyatom compiled, 30 + 20 bytes
Compile: c!:ceval_when
+++ c!:ceval_when compiled, 4 + 20 bytes
Compile: c!:cflag
+++ c!:cflag compiled, 53 + 44 bytes
Compile: c!:cflet
+++ c!:cflet compiled, 4 + 20 bytes
Compile: c!:cfndef
+++ c!:cfndef compiled, 478 + 224 bytes
Compile: c!:cfunction
+++ c!:cfunction compiled, 46 + 52 bytes
Compile: c!:cget
+++ c!:cget compiled, 53 + 44 bytes
Compile: c!:cgetv
+++ c!:cgetv compiled, 14 + 24 bytes
Compile: c!:cgo
+++ c!:cgo compiled, 32 + 32 bytes
Compile: c!:cidifference
+++ c!:cidifference compiled, 60 + 44 bytes
Compile: c!:cif
+++ c!:cif compiled, 78 + 44 bytes
Compile: c!:ciplus2
+++ c!:ciplus2 compiled, 66 + 40 bytes
Compile: c!:citimes2
+++ c!:citimes2 compiled, 68 + 36 bytes
Compile: c!:cjumpif
+++ c!:cjumpif compiled, 65 + 48 bytes
Compile: c!:clabels
+++ c!:clabels compiled, 4 + 20 bytes
Compile: c!:clambda
+++ c!:clambda compiled, 196 + 72 bytes
Compile: c!:clash
+++ c!:clash compiled, 37 + 20 bytes
Compile: c!:clet
+++ c!:clet compiled, 8 + 16 bytes
Compile: c!:clet!*
+++ c!:clet!* compiled, 8 + 16 bytes
Compile: c!:clist
+++ c!:clist compiled, 98 + 44 bytes
Compile: c!:clist!*
+++ c!:clist!* compiled, 30 + 16 bytes
Compile: c!:cmacrolet
+++ c!:cmacrolet compiled, 4 + 20 bytes
Compile: c!:cminus
+++ c!:cminus compiled, 29 + 24 bytes
Compile: c!:cmultiple_value_call
+++ c!:cmultiple_value_call compiled, 4 + 20 bytes
Compile: c!:cmultiple_value_prog1
+++ c!:cmultiple_value_prog1 compiled, 4 + 20 bytes
Compile: c!:comassoc
+++ c!:comassoc compiled, 15 + 20 bytes
Compile: c!:comdelete
+++ c!:comdelete compiled, 15 + 20 bytes
Compile: c!:commember
+++ c!:commember compiled, 15 + 20 bytes
Compile: c!:comsublis
+++ c!:comsublis compiled, 10 + 16 bytes
Compile: c!:concat
+++ c!:concat compiled, 18 + 16 bytes
Compile: c!:cor
+++ c!:cor compiled, 63 + 44 bytes
Compile: c!:cplus2
+++ c!:cplus2 compiled, 69 + 40 bytes
Compile: c!:cprivate_tagbody
+++ c!:cprivate_tagbody compiled, 47 + 28 bytes
Compile: c!:cprog
+++ c!:cprog compiled, 316 + 108 bytes
Compile: c!:cprog!*
+++ c!:cprog!* compiled, 4 + 20 bytes
Compile: c!:cprog1
+++ c!:cprog1 compiled, 31 + 32 bytes
Compile: c!:cprog2
+++ c!:cprog2 compiled, 39 + 32 bytes
Compile: c!:cprogn
+++ c!:cprogn compiled, 25 + 16 bytes
Compile: c!:cprogv
+++ c!:cprogv compiled, 4 + 20 bytes
Compile: c!:cputv
+++ c!:cputv compiled, 14 + 24 bytes
Compile: c!:cqputv
+++ c!:cqputv compiled, 19 + 20 bytes
Compile: c!:cquote
+++ c!:cquote compiled, 39 + 36 bytes
Compile: c!:creturn
+++ c!:creturn compiled, 34 + 44 bytes
Compile: c!:csetq
+++ c!:csetq compiled, 63 + 56 bytes
Compile: c!:cspecform
+++ c!:cspecform compiled, 7 + 20 bytes
Compile: c!:ctestand
+++ c!:ctestand compiled, 34 + 28 bytes
Compile: c!:ctestatom
+++ c!:ctestatom compiled, 15 + 20 bytes
Compile: c!:ctestconsp
+++ c!:ctestconsp compiled, 15 + 20 bytes
Compile: c!:ctesteq
+++ c!:ctesteq compiled, 44 + 24 bytes
Compile: c!:ctesteqcar
+++ c!:ctesteqcar compiled, 48 + 40 bytes
Compile: c!:ctestequal
+++ c!:ctestequal compiled, 59 + 36 bytes
Compile: c!:ctestif
+++ c!:ctestif compiled, 33 + 20 bytes
Compile: c!:ctestigreaterp
+++ c!:ctestigreaterp compiled, 19 + 20 bytes
Compile: c!:ctestilessp
+++ c!:ctestilessp compiled, 19 + 20 bytes
Compile: c!:ctestizerop
+++ c!:ctestizerop compiled, 15 + 20 bytes
Compile: c!:ctestnull
+++ c!:ctestnull compiled, 9 + 12 bytes
Compile: c!:ctestnumberp
+++ c!:ctestnumberp compiled, 15 + 20 bytes
Compile: c!:ctestor
+++ c!:ctestor compiled, 34 + 28 bytes
Compile: c!:ctestsymbol
+++ c!:ctestsymbol compiled, 15 + 20 bytes
Compile: c!:cthe
+++ c!:cthe compiled, 5 + 12 bytes
Compile: c!:cthrow
+++ c!:cthrow compiled, 4 + 20 bytes
Compile: c!:ctimes2
+++ c!:ctimes2 compiled, 71 + 36 bytes
Compile: c!:cunless
+++ c!:cunless compiled, 65 + 52 bytes
Compile: c!:cunwind_protect
+++ c!:cunwind_protect compiled, 4 + 20 bytes
Compile: c!:cval
+++ c!:cval compiled, 20 + 28 bytes
Compile: c!:cval_inner
+++ c!:cval_inner compiled, 69 + 48 bytes
Compile: c!:cwhen
+++ c!:cwhen compiled, 65 + 52 bytes
Compile: c!:display_flowgraph
+++ c!:display_flowgraph compiled, 97 + 64 bytes
Compile: c!:does_return
+++ c!:does_return compiled, 67 + 32 bytes
Compile: c!:endblock
+++ c!:endblock compiled, 31 + 36 bytes
Compile: c!:eqvalid
+++ c!:eqvalid compiled, 26 + 28 bytes
Compile: c!:expand!-let
+++ c!:expand!-let compiled, 67 + 20 bytes
Compile: c!:expand!-let!*
+++ c!:expand!-let!* compiled, 43 + 24 bytes
Compile: c!:expand_carcdr
+++ c!:expand_carcdr compiled, 37 + 20 bytes
Compile: c!:expand_map
+++ c!:expand_map compiled, 242 + 120 bytes
Compile: c!:find_error_label
+++ c!:find_error_label compiled, 22 + 16 bytes
Compile: c!:find_literal
+++ c!:find_literal compiled, 27 + 16 bytes
Compile: c!:fix_nargs
+++ c!:fix_nargs compiled, 28 + 12 bytes
Compile: c!:has_calls
+++ c!:has_calls compiled, 7 + 16 bytes
Compile: c!:has_calls_1
+++ c!:has_calls_1 compiled, 70 + 36 bytes
Compile: c!:insert1
+++ c!:insert1 compiled, 8 + 8 bytes
Compile: c!:insert_tailcall
+++ c!:insert_tailcall compiled, 171 + 72 bytes
Compile: c!:inv_name
+++ c!:inv_name compiled, 102 + 36 bytes
Compile: c!:is_fixnum
+++ c!:is_fixnum compiled, 17 + 16 bytes
Compile: c!:live_variable_analysis
+++ c!:live_variable_analysis compiled, 384 + 152 bytes
Compile: c!:locally_bound
+++ c!:locally_bound compiled, 5 + 8 bytes
Compile: c!:my_gensym
+++ c!:my_gensym compiled, 40 + 28 bytes
Compile: c!:narg
+++ c!:narg compiled, 9 + 20 bytes
Compile: c!:newreg
+++ c!:newreg compiled, 7 + 16 bytes
Compile: c!:one_operand
+++ c!:one_operand compiled, 16 + 28 bytes
Compile: c!:optimise_flowgraph
+++ c!:optimise_flowgraph compiled, 554 + 276 bytes
Compile: c!:outop
+++ c!:outop compiled, 15 + 16 bytes
Compile: c!:pareval
+++ c!:pareval compiled, 117 + 28 bytes
Compile: c!:passoc
+++ c!:passoc compiled, 9 + 16 bytes
Compile: c!:patom
+++ c!:patom compiled, 8 + 16 bytes
Compile: c!:patsoc
+++ c!:patsoc compiled, 9 + 16 bytes
Compile: c!:pcall
+++ c!:pcall compiled, 337 + 180 bytes
Compile: c!:pcar
+++ c!:pcar compiled, 26 + 36 bytes
Compile: c!:pcdr
+++ c!:pcdr compiled, 26 + 36 bytes
Compile: c!:peq
+++ c!:peq compiled, 9 + 16 bytes
Compile: c!:pequal
+++ c!:pequal compiled, 15 + 16 bytes
Compile: c!:pfastflag
+++ c!:pfastflag compiled, 82 + 64 bytes
Compile: c!:pfastget
+++ c!:pfastget compiled, 74 + 60 bytes
Compile: c!:pfixp
+++ c!:pfixp compiled, 8 + 16 bytes
Compile: c!:pfluidbind
+++ c!:pfluidbind compiled, 2 + 8 bytes
Compile: c!:pget
+++ c!:pget compiled, 9 + 16 bytes
Compile: c!:pgoto
+++ c!:pgoto compiled, 40 + 36 bytes
Compile: c!:piadd1
+++ c!:piadd1 compiled, 8 + 16 bytes
Compile: c!:pidifference
+++ c!:pidifference compiled, 9 + 16 bytes
Compile: c!:pifatom
+++ c!:pifatom compiled, 6 + 16 bytes
Compile: c!:pifeq
+++ c!:pifeq compiled, 8 + 16 bytes
Compile: c!:pifequal
+++ c!:pifequal compiled, 14 + 16 bytes
Compile: c!:pifigreaterp
+++ c!:pifigreaterp compiled, 8 + 16 bytes
Compile: c!:pifilessp
+++ c!:pifilessp compiled, 8 + 16 bytes
Compile: c!:pifizerop
+++ c!:pifizerop compiled, 6 + 16 bytes
Compile: c!:pifnull
+++ c!:pifnull compiled, 6 + 16 bytes
Compile: c!:pifnumber
+++ c!:pifnumber compiled, 6 + 16 bytes
Compile: c!:pifsymbol
+++ c!:pifsymbol compiled, 6 + 16 bytes
Compile: c!:pigreaterp
+++ c!:pigreaterp compiled, 9 + 16 bytes
Compile: c!:pilessp
+++ c!:pilessp compiled, 9 + 16 bytes
Compile: c!:piminus
+++ c!:piminus compiled, 8 + 16 bytes
Compile: c!:piminusp
+++ c!:piminusp compiled, 8 + 16 bytes
Compile: c!:piplus2
+++ c!:piplus2 compiled, 9 + 16 bytes
Compile: c!:pisub1
+++ c!:pisub1 compiled, 8 + 16 bytes
Compile: c!:pitimes2
+++ c!:pitimes2 compiled, 9 + 16 bytes
Compile: c!:pldrglob
+++ c!:pldrglob compiled, 9 + 16 bytes
Compile: c!:pmember
+++ c!:pmember compiled, 9 + 16 bytes
Compile: c!:pmemq
+++ c!:pmemq compiled, 9 + 16 bytes
Compile: c!:pmodular_difference
+++ c!:pmodular_difference compiled, 20 + 28 bytes
Compile: c!:pmodular_minus
+++ c!:pmodular_minus compiled, 20 + 28 bytes
Compile: c!:pmodular_plus
+++ c!:pmodular_plus compiled, 20 + 28 bytes
Compile: c!:pmovk
+++ c!:pmovk compiled, 9 + 16 bytes
Compile: c!:pmovk1
+++ c!:pmovk1 compiled, 30 + 32 bytes
Compile: c!:pmovr
+++ c!:pmovr compiled, 8 + 16 bytes
Compile: c!:pnilglob
+++ c!:pnilglob compiled, 7 + 16 bytes
Compile: c!:pnull
+++ c!:pnull compiled, 8 + 16 bytes
Compile: c!:pnumberp
+++ c!:pnumberp compiled, 8 + 16 bytes
Compile: c!:pqcar
+++ c!:pqcar compiled, 8 + 16 bytes
Compile: c!:pqcdr
+++ c!:pqcdr compiled, 8 + 16 bytes
Compile: c!:pqgetv
+++ c!:pqgetv compiled, 12 + 20 bytes
Compile: c!:pqputv
+++ c!:pqputv compiled, 13 + 20 bytes
Compile: c!:preloadenv
+++ c!:preloadenv compiled, 9 + 20 bytes
Compile: c!:print!-init
+++ c!:print!-init compiled, 75 + 76 bytes
Compile: c!:print_error_return
+++ c!:print_error_return compiled, 201 + 112 bytes
Compile: c!:print_exit_condition
+++ c!:print_exit_condition compiled, 558 + 228 bytes
Compile: c!:print_opcode
+++ c!:print_opcode compiled, 42 + 16 bytes
Compile: c!:printf
+++ c!:printf_emdg6vqyz4j7 compiled, 13 + 16 bytes
Compile: c!:printf1
+++ c!:printf1 compiled, 149 + 92 bytes
Compile: c!:pstrglob
+++ c!:pstrglob compiled, 10 + 16 bytes
Compile: c!:pushpop
+++ c!:pushpop compiled, 73 + 44 bytes
Compile: c!:remove_nops
+++ c!:remove_nops compiled, 179 + 60 bytes
Compile: c!:reset_gensyms
+++ c!:reset_gensyms compiled, 100 + 64 bytes
Compile: c!:safeprin
+++ c!:safeprin compiled, 28 + 20 bytes
Compile: c!:small_number
+++ c!:small_number compiled, 17 + 16 bytes
Compile: c!:startblock
+++ c!:startblock compiled, 5 + 16 bytes
Compile: c!:two_operands
+++ c!:two_operands compiled, 21 + 32 bytes
Compile: c!:valid_cond
+++ c!:valid_cond compiled, 13 + 16 bytes
Compile: c!:valid_expr
+++ c!:valid_expr compiled, 53 + 36 bytes
Compile: c!:valid_fndef
+++ c!:valid_fndef compiled, 14 + 20 bytes
Compile: c!:valid_function
+++ c!:valid_function compiled, 33 + 24 bytes
Compile: c!:valid_let
+++ c!:valid_let compiled, 12 + 20 bytes
Compile: c!:valid_list
+++ c!:valid_list compiled, 16 + 16 bytes
Compile: c!:valid_prog
+++ c!:valid_prog compiled, 3 + 12 bytes
Compile: c!:valid_quote
+++ c!:valid_quote compiled, 2 + 12 bytes
Compile: c!:valid_specform
+++ c!:valid_specform compiled, 1 + 8 bytes
Compile: c_end
+++ c_end compiled, 17 + 32 bytes
Compile: c_out
+++ c_out compiled, 68 + 72 bytes
Compile: carcheck
+++ carcheck compiled, 12 + 12 bytes
Compile: clear_source_database
+++ clear_source_database compiled, 9 + 28 bytes
Compile: compd
+++ compd compiled, 30 + 36 bytes
Compile: compile
+++ compile compiled, 32 + 20 bytes
Compile: compile!-all
+++ compile!-all compiled, 53 + 44 bytes
Compile: compile!-file!*
+++ compile!-file!* compiled, 10 + 16 bytes
Compile: copy
+++ copy compiled, 16 + 8 bytes
Compile: dated!-name
+++ dated!-name compiled, 28 + 28 bytes
Compile: deflist
+++ deflist compiled, 22 + 12 bytes
Compile: display_source_database
+++ display_source_database compiled, 39 + 28 bytes
Compile: do
+++ do_ifsyfnlv3gaa compiled, 6 + 20 bytes
Compile: do!*
+++ do!*_i9y0sevcmoo6 compiled, 6 + 20 bytes
Compile: dolist
+++ dolist_4lacfnj6revd compiled, 6 + 12 bytes
Compile: dotimes
+++ dotimes_666oiwz1c1ig compiled, 6 + 12 bytes
Compile: expand
+++ expand compiled, 14 + 8 bytes
Compile: faslend
+++ faslend compiled, 361 + 208 bytes
Compile: faslout
+++ faslout compiled, 100 + 112 bytes
Compile: fetch!-url
+++ fetch!-url compiled, 67 + 40 bytes
Compile: fluid
+++ fluid compiled, 18 + 8 bytes
Compile: format
+++ format_f7zdxrydeas4 compiled, 17 + 16 bytes
Compile: global
+++ global compiled, 18 + 8 bytes
Compile: hashtagged!-name
+++ hashtagged!-name compiled, 16 + 24 bytes
Compile: lastcar
+++ lastcar compiled, 12 + 8 bytes
Compile: load_source_database
+++ load_source_database compiled, 31 + 28 bytes
Compile: map
+++ map compiled, 9 + 8 bytes
Compile: mapc
+++ mapc compiled, 10 + 8 bytes
Compile: mapcan
+++ mapcan compiled, 27 + 8 bytes
Compile: mapcar
+++ mapcar compiled, 17 + 8 bytes
Compile: mapcon
+++ mapcon compiled, 26 + 8 bytes
Compile: maplist
+++ maplist compiled, 16 + 8 bytes
Compile: oblist
+++ oblist compiled, 8 + 28 bytes
Compile: oem!-supervisor
+++ oem!-supervisor compiled, 7 + 8 bytes
Compile: open
+++ open compiled, 35 + 48 bytes
Compile: pipe!-open
+++ pipe!-open compiled, 20 + 36 bytes
Compile: prettyprint
+++ prettyprint compiled, 8 + 12 bytes
Compile: princl
+++ princl compiled, 4 + 16 bytes
Compile: prinl
+++ prinl compiled, 4 + 16 bytes
Compile: printcl
+++ printcl compiled, 5 + 12 bytes
Compile: printl
+++ printl compiled, 5 + 12 bytes
Compile: printprompt
+++ printprompt compiled, 1 + 8 bytes
Compile: psetq
+++ psetq_k5gcx5dfcnt4 compiled, 18 + 24 bytes
Compile: putc
+++ putc compiled as link to put
Compile: putd
+++ putd compiled, 89 + 64 bytes
Compile: rassoc
+++ rassoc compiled, 14 + 8 bytes
Compile: rplacw
+++ rplacw compiled, 9 + 8 bytes
Compile: s!:ad_name
+++ s!:ad_name compiled, 19 + 28 bytes
Compile: s!:alist_eq_safe
+++ s!:alist_eq_safe compiled, 24 + 16 bytes
Compile: s!:alist_eq_unsafe
+++ s!:alist_eq_unsafe compiled, 33 + 16 bytes
Compile: s!:alwayseasy
+++ s!:alwayseasy compiled, 2 + 12 bytes
Compile: s!:any_fluid
+++ s!:any_fluid compiled, 13 + 16 bytes
Compile: s!:blankcount
+++ s!:blankcount_ro7olsyfqx0b compiled, 7 + 12 bytes
Compile: s!:blanklist
+++ s!:blanklist_uucedjja44w6 compiled, 7 + 12 bytes
Compile: s!:blankp
+++ s!:blankp_op70q7g59tha compiled, 10 + 16 bytes
Compile: s!:c_supervisor
+++ s!:c_supervisor compiled, 103 + 60 bytes
Compile: s!:cancel_local_decs
+++ s!:cancel_local_decs compiled as link to unfluid
Compile: s!:casebranch
+++ s!:casebranch compiled, 226 + 116 bytes
Compile: s!:comand
+++ s!:comand compiled, 30 + 32 bytes
Compile: s!:comapply
+++ s!:comapply compiled, 88 + 48 bytes
Compile: s!:comassoc
+++ s!:comassoc compiled, 38 + 36 bytes
Compile: s!:comatsoc
+++ s!:comatsoc compiled, 49 + 48 bytes
Compile: s!:comblock
+++ s!:comblock compiled, 25 + 28 bytes
Compile: s!:combool
+++ s!:combool compiled, 50 + 32 bytes
Compile: s!:comcarcdr3
+++ s!:comcarcdr3 compiled, 29 + 28 bytes
Compile: s!:comcarcdr4
+++ s!:comcarcdr4 compiled, 24 + 16 bytes
Compile: s!:comcase
+++ s!:comcase compiled, 348 + 100 bytes
Compile: s!:comcatch
+++ s!:comcatch compiled, 49 + 56 bytes
Compile: s!:comcond
+++ s!:comcond compiled, 88 + 52 bytes
Compile: s!:comcons
+++ s!:comcons compiled, 113 + 52 bytes
Compile: s!:comdeclare
+++ s!:comdeclare compiled, 14 + 20 bytes
Compile: s!:comdeleq
+++ s!:comdeleq compiled, 49 + 48 bytes
Compile: s!:comdelete
+++ s!:comdelete compiled, 27 + 32 bytes
Compile: s!:comdifference
+++ s!:comdifference compiled, 74 + 44 bytes
Compile: s!:comeq
+++ s!:comeq compiled, 49 + 40 bytes
Compile: s!:comeqcar
+++ s!:comeqcar compiled, 36 + 36 bytes
Compile: s!:comequal
+++ s!:comequal compiled, 22 + 20 bytes
Compile: s!:comeval!-when
+++ s!:comeval!-when compiled, 53 + 36 bytes
Compile: s!:comflagp
+++ s!:comflagp compiled, 52 + 44 bytes
Compile: s!:comfunction
+++ s!:comfunction compiled, 159 + 120 bytes
Compile: s!:comget
+++ s!:comget compiled, 91 + 68 bytes
Compile: s!:comgetv
+++ s!:comgetv compiled, 14 + 24 bytes
Compile: s!:comgo
+++ s!:comgo compiled, 63 + 44 bytes
Compile: s!:comicase
+++ s!:comicase compiled, 84 + 36 bytes
Compile: s!:comidifference
+++ s!:comidifference compiled, 53 + 36 bytes
Compile: s!:comif
+++ s!:comif compiled, 55 + 40 bytes
Compile: s!:comilessp
+++ s!:comilessp compiled, 25 + 28 bytes
Compile: s!:comiminusp
+++ s!:comiminusp compiled, 20 + 28 bytes
Compile: s!:comiplus
+++ s!:comiplus compiled, 7 + 20 bytes
Compile: s!:comiplus2
+++ s!:comiplus2 compiled, 64 + 36 bytes
Compile: s!:comitimes
+++ s!:comitimes compiled, 7 + 20 bytes
Compile: s!:comlambda
+++ s!:comlambda compiled, 245 + 100 bytes
Compile: s!:comlessp
+++ s!:comlessp compiled, 25 + 28 bytes
Compile: s!:comlet
+++ s!:comlet compiled, 11 + 20 bytes
Compile: s!:comlet!*
+++ s!:comlet!* compiled, 16 + 20 bytes
Compile: s!:comlist
+++ s!:comlist compiled, 74 + 36 bytes
Compile: s!:comlist!*
+++ s!:comlist!* compiled, 72 + 28 bytes
Compile: s!:commap
+++ s!:commap compiled, 279 + 128 bytes
Compile: s!:commember
+++ s!:commember compiled, 27 + 32 bytes
Compile: s!:commemq
+++ s!:commemq compiled, 49 + 48 bytes
Compile: s!:comminus
+++ s!:comminus compiled, 33 + 24 bytes
Compile: s!:comminusp
+++ s!:comminusp compiled, 20 + 28 bytes
Compile: s!:comor
+++ s!:comor compiled, 30 + 32 bytes
Compile: s!:compile!-file!*
+++ s!:compile!-file!* compiled, 123 + 68 bytes
Compile: s!:compile0
+++ s!:compile0 compiled, 224 + 100 bytes
Compile: s!:compile1
+++ s!:compile1 compiled, 916 + 248 bytes
Compile: s!:compile2
+++ s!:compile2 compiled, 505 + 172 bytes
Compile: s!:complus
+++ s!:complus compiled, 7 + 20 bytes
Compile: s!:complus2
+++ s!:complus2 compiled, 82 + 40 bytes
Compile: s!:comprog
+++ s!:comprog compiled, 333 + 132 bytes
Compile: s!:comprog1
+++ s!:comprog1 compiled, 65 + 44 bytes
Compile: s!:comprog2
+++ s!:comprog2 compiled, 31 + 24 bytes
Compile: s!:comprogn
+++ s!:comprogn compiled, 40 + 20 bytes
Compile: s!:comqgetv
+++ s!:comqgetv compiled, 37 + 36 bytes
Compile: s!:comquote
+++ s!:comquote compiled, 11 + 16 bytes
Compile: s!:comreturn
+++ s!:comreturn compiled, 9 + 16 bytes
Compile: s!:comreturn!-from
+++ s!:comreturn!-from compiled, 58 + 48 bytes
Compile: s!:comsetq
+++ s!:comsetq compiled, 221 + 136 bytes
Compile: s!:comspecform
+++ s!:comspecform compiled, 7 + 20 bytes
Compile: s!:comsubla
+++ s!:comsubla compiled, 36 + 40 bytes
Compile: s!:comsublis
+++ s!:comsublis compiled, 17 + 24 bytes
Compile: s!:comtagbody
+++ s!:comtagbody compiled, 110 + 44 bytes
Compile: s!:comthe
+++ s!:comthe compiled, 6 + 12 bytes
Compile: s!:comthrow
+++ s!:comthrow compiled, 33 + 40 bytes
Compile: s!:comtimes
+++ s!:comtimes compiled, 7 + 20 bytes
Compile: s!:comtimes2
+++ s!:comtimes2 compiled, 72 + 32 bytes
Compile: s!:comunless
+++ s!:comunless compiled, 13 + 20 bytes
Compile: s!:comunwind!-protect
+++ s!:comunwind!-protect compiled, 68 + 68 bytes
Compile: s!:comwhen
+++ s!:comwhen compiled, 41 + 44 bytes
Compile: s!:cout0
+++ s!:cout0 compiled, 4 + 12 bytes
Compile: s!:cout1
+++ s!:cout1 compiled, 402 + 164 bytes
Compile: s!:depth
+++ s!:depth_27sidb7hahjd compiled, 7 + 12 bytes
Compile: s!:dir
+++ s!:dir compiled, 33 + 24 bytes
Compile: s!:do!-bindings
+++ s!:do!-bindings compiled, 42 + 12 bytes
Compile: s!:do!-endtest
+++ s!:do!-endtest compiled, 5 + 8 bytes
Compile: s!:do!-result
+++ s!:do!-result compiled, 5 + 8 bytes
Compile: s!:do!-updates
+++ s!:do!-updates compiled, 25 + 8 bytes
Compile: s!:easygetv
+++ s!:easygetv compiled, 25 + 24 bytes
Compile: s!:easyifarg
+++ s!:easyifarg compiled, 16 + 12 bytes
Compile: s!:easyqgetv
+++ s!:easyqgetv compiled, 22 + 20 bytes
Compile: s!:endlist
+++ s!:endlist compiled, 5 + 12 bytes
Compile: s!:endprocedure
+++ s!:endprocedure compiled, 220 + 116 bytes
Compile: s!:eval_to_alist_eq_safe
+++ s!:eval_to_alist_eq_safe compiled, 52 + 28 bytes
Compile: s!:eval_to_alist_eq_unsafe
+++ s!:eval_to_alist_eq_unsafe compiled, 44 + 32 bytes
Compile: s!:eval_to_car_eq_safe
+++ s!:eval_to_car_eq_safe compiled, 21 + 24 bytes
Compile: s!:eval_to_car_eq_unsafe
+++ s!:eval_to_car_eq_unsafe compiled, 21 + 24 bytes
Compile: s!:eval_to_eq_safe
+++ s!:eval_to_eq_safe compiled, 48 + 24 bytes
Compile: s!:eval_to_eq_unsafe
+++ s!:eval_to_eq_unsafe compiled, 53 + 24 bytes
Compile: s!:eval_to_list_all_eq_safe
+++ s!:eval_to_list_all_eq_safe compiled, 52 + 28 bytes
Compile: s!:eval_to_list_some_eq_unsafe
+++ s!:eval_to_list_some_eq_unsafe compiled, 44 + 28 bytes
Compile: s!:expand!-do
+++ s!:expand!-do compiled, 116 + 48 bytes
Compile: s!:expand!-dolist
+++ s!:expand!-dolist compiled, 90 + 48 bytes
Compile: s!:expand!-dotimes
+++ s!:expand!-dotimes compiled, 94 + 52 bytes
Compile: s!:expand_let
+++ s!:expand_let compiled, 56 + 12 bytes
Compile: s!:expand_let!*
+++ s!:expand_let!* compiled, 102 + 24 bytes
Compile: s!:expandblock
+++ s!:expandblock compiled, 10 + 12 bytes
Compile: s!:expandcase
+++ s!:expandcase compiled, 34 + 16 bytes
Compile: s!:expandcond
+++ s!:expandcond compiled, 24 + 12 bytes
Compile: s!:expanddeclare
+++ s!:expanddeclare compiled, 1 + 8 bytes
Compile: s!:expandeval!-when
+++ s!:expandeval!-when compiled, 10 + 12 bytes
Compile: s!:expandflet
+++ s!:expandflet compiled, 31 + 16 bytes
Compile: s!:expandfletvars
+++ s!:expandfletvars compiled, 10 + 12 bytes
Compile: s!:expandfunction
+++ s!:expandfunction compiled, 1 + 8 bytes
Compile: s!:expandgo
+++ s!:expandgo compiled, 1 + 8 bytes
Compile: s!:expandlabels
+++ s!:expandlabels compiled as link to s:expandflet
Compile: s!:expandlet
+++ s!:expandlet compiled, 31 + 12 bytes
Compile: s!:expandlet!*
+++ s!:expandlet!* compiled as link to s:expandlet
Compile: s!:expandmacrolet
+++ s!:expandmacrolet compiled as link to s:expandflet
Compile: s!:expandmv!-call
+++ s!:expandmv!-call compiled, 10 + 12 bytes
Compile: s!:expandprog
+++ s!:expandprog compiled, 10 + 12 bytes
Compile: s!:expandprogv
+++ s!:expandprogv compiled, 14 + 12 bytes
Compile: s!:expandreturn!-from
+++ s!:expandreturn!-from compiled, 10 + 12 bytes
Compile: s!:expandtagbody
+++ s!:expandtagbody compiled as link to s:fully_macroexpand_list
Compile: s!:expandthe
+++ s!:expandthe compiled, 10 + 12 bytes
Compile: s!:explodes
+++ s!:explodes compiled as link to explode
Compile: s!:fasl_supervisor
+++ s!:fasl_supervisor compiled, 103 + 60 bytes
Compile: s!:file
+++ s!:file compiled, 28 + 20 bytes
Compile: s!:find_lexical
+++ s!:find_lexical compiled, 34 + 12 bytes
Compile: s!:find_local_decs
+++ s!:find_local_decs compiled, 45 + 12 bytes
Compile: s!:finishpending
+++ s!:finishpending compiled, 46 + 28 bytes
Compile: s!:format
+++ s!:format compiled, 221 + 48 bytes
Compile: s!:fslout0
+++ s!:fslout0 compiled, 4 + 12 bytes
Compile: s!:fslout1
+++ s!:fslout1 compiled, 515 + 244 bytes
Compile: s!:fslout2
+++ s!:fslout2 compiled, 61 + 48 bytes
Compile: s!:fully_macroexpand
+++ s!:fully_macroexpand compiled, 58 + 28 bytes
Compile: s!:fully_macroexpand_list
+++ s!:fully_macroexpand_list compiled, 24 + 12 bytes
Compile: s!:imp_difference
+++ s!:imp_difference compiled, 26 + 24 bytes
Compile: s!:imp_funcall
+++ s!:imp_funcall compiled, 56 + 52 bytes
Compile: s!:imp_idifference
+++ s!:imp_idifference compiled, 26 + 24 bytes
Compile: s!:imp_itimes
+++ s!:imp_itimes compiled, 69 + 32 bytes
Compile: s!:imp_minus
+++ s!:imp_minus compiled, 53 + 28 bytes
Compile: s!:imp_times
+++ s!:imp_times compiled, 69 + 32 bytes
Compile: s!:indenting
+++ s!:indenting_gkajni9ceiyg compiled, 7 + 12 bytes
Compile: s!:instate_local_decs
+++ s!:instate_local_decs compiled, 40 + 20 bytes
Compile: s!:invent_exit
+++ s!:invent_exit compiled, 36 + 16 bytes
Compile: s!:jumpif
+++ s!:jumpif compiled, 310 + 148 bytes
Compile: s!:jumpliteql
+++ s!:jumpliteql compiled, 55 + 72 bytes
Compile: s!:list_all_eq_safe
+++ s!:list_all_eq_safe compiled, 18 + 12 bytes
Compile: s!:list_some_eq_unsafe
+++ s!:list_some_eq_unsafe compiled, 14 + 16 bytes
Compile: s!:load2
+++ s!:load2 compiled, 228 + 108 bytes
Compile: s!:loadliteral
+++ s!:loadliteral compiled, 27 + 36 bytes
Compile: s!:make!-psetq!-assignments
+++ s!:make!-psetq!-assignments compiled, 21 + 16 bytes
Compile: s!:make!-psetq!-bindings
+++ s!:make!-psetq!-bindings compiled, 20 + 12 bytes
Compile: s!:make!-psetq!-vars
+++ s!:make!-psetq!-vars compiled, 24 + 24 bytes
Compile: s!:negate_jump
+++ s!:negate_jump compiled, 13 + 12 bytes
Compile: s!:newframe
+++ s!:newframe_ym6zjxmzdeo4 compiled, 12 + 16 bytes
Compile: s!:nilargs
+++ s!:nilargs compiled, 16 + 20 bytes
Compile: s!:oblist
+++ s!:oblist compiled, 52 + 20 bytes
Compile: s!:oblist1
+++ s!:oblist1 compiled, 17 + 12 bytes
Compile: s!:only_loadlit
+++ s!:only_loadlit compiled, 18 + 16 bytes
Compile: s!:outexit
+++ s!:outexit compiled, 46 + 36 bytes
Compile: s!:outlexref
+++ s!:outlexref compiled, 141 + 92 bytes
Compile: s!:outlose
+++ s!:outlose compiled, 136 + 68 bytes
Compile: s!:outopcode1
+++ s!:outopcode1 compiled, 34 + 40 bytes
Compile: s!:outopcode2
+++ s!:outopcode2 compiled, 38 + 40 bytes
Compile: s!:outopcode2lit
+++ s!:outopcode2lit compiled, 42 + 44 bytes
Compile: s!:outstack
+++ s!:outstack compiled, 136 + 68 bytes
Compile: s!:overflow
+++ s!:overflow compiled, 301 + 128 bytes
Compile: s!:plant_bytes
+++ s!:plant_bytes compiled, 149 + 68 bytes
Compile: s!:plant_exit_code
+++ s!:plant_exit_code compiled, 144 + 52 bytes
Compile: s!:prindent
+++ s!:prindent compiled, 326 + 148 bytes
Compile: s!:prinhex1
+++ s!:prinhex1 compiled, 9 + 20 bytes
Compile: s!:prinhex2
+++ s!:prinhex2 compiled, 7 + 20 bytes
Compile: s!:prinhex4
+++ s!:prinhex4 compiled, 7 + 20 bytes
Compile: s!:prinl0
+++ s!:prinl0 compiled, 30 + 44 bytes
Compile: s!:prinl1
+++ s!:prinl1 compiled, 123 + 48 bytes
Compile: s!:prinl2
+++ s!:prinl2 compiled, 312 + 136 bytes
Compile: s!:prvector
+++ s!:prvector compiled, 73 + 52 bytes
Compile: s!:putblank
+++ s!:putblank compiled, 32 + 24 bytes
Compile: s!:putch
+++ s!:putch compiled, 64 + 56 bytes
Compile: s!:quotep
+++ s!:quotep compiled, 26 + 20 bytes
Compile: s!:r2i
+++ s!:r2i compiled, 75 + 40 bytes
Compile: s!:r2i1
+++ s!:r2i1 compiled, 173 + 96 bytes
Compile: s!:r2i2
+++ s!:r2i2 compiled, 143 + 76 bytes
Compile: s!:r2i2cond
+++ s!:r2i2cond compiled, 94 + 28 bytes
Compile: s!:r2i2if
+++ s!:r2i2if compiled, 51 + 12 bytes
Compile: s!:r2i2progn
+++ s!:r2i2progn compiled, 29 + 12 bytes
Compile: s!:r2i2when
+++ s!:r2i2when compiled, 15 + 12 bytes
Compile: s!:r2i3
+++ s!:r2i3 compiled, 311 + 72 bytes
Compile: s!:r2i_dependson
+++ s!:r2i_dependson compiled, 49 + 36 bytes
Compile: s!:r2i_list_dependson
+++ s!:r2i_list_dependson compiled, 14 + 16 bytes
Compile: s!:r2i_safestep
+++ s!:r2i_safestep compiled, 18 + 16 bytes
Compile: s!:r2iand
+++ s!:r2iand compiled, 18 + 16 bytes
Compile: s!:r2icond
+++ s!:r2icond compiled, 102 + 32 bytes
Compile: s!:r2icons
+++ s!:r2icons compiled, 82 + 48 bytes
Compile: s!:r2icons2
+++ s!:r2icons2 compiled, 79 + 44 bytes
Compile: s!:r2iif
+++ s!:r2iif compiled, 51 + 12 bytes
Compile: s!:r2ior
+++ s!:r2ior compiled, 28 + 12 bytes
Compile: s!:r2iprogn
+++ s!:r2iprogn compiled, 29 + 12 bytes
Compile: s!:r2isteps
+++ s!:r2isteps compiled, 97 + 40 bytes
Compile: s!:r2iwhen
+++ s!:r2iwhen compiled, 15 + 12 bytes
Compile: s!:record_literal_for_jump
+++ s!:record_literal_for_jump compiled, 51 + 36 bytes
Compile: s!:remcall
+++ s!:remcall compiled, 207 + 88 bytes
Compile: s!:residual_local_decs
+++ s!:residual_local_decs compiled, 46 + 20 bytes
Compile: s!:restore_stack
+++ s!:restore_stack compiled, 126 + 84 bytes
Compile: s!:set_label
+++ s!:set_label compiled, 50 + 40 bytes
Compile: s!:setblankcount
+++ s!:setblankcount_3x1bxp1p2084 compiled, 12 + 16 bytes
Compile: s!:setblanklist
+++ s!:setblanklist_4636m2i0ikl compiled, 12 + 16 bytes
Compile: s!:setindenting
+++ s!:setindenting_2bxyxdemv8x8 compiled, 12 + 16 bytes
Compile: s!:should_be_fluid
+++ s!:should_be_fluid compiled, 33 + 36 bytes
Compile: s!:stamp
+++ s!:stamp compiled, 39 + 32 bytes
Compile: s!:start_procedure
+++ s!:start_procedure compiled, 53 + 56 bytes
Compile: s!:subargs
+++ s!:subargs compiled, 20 + 16 bytes
Compile: s!:testatom
+++ s!:testatom compiled, 41 + 44 bytes
Compile: s!:testconsp
+++ s!:testconsp compiled, 41 + 44 bytes
Compile: s!:testeq
+++ s!:testeq compiled, 219 + 104 bytes
Compile: s!:testeq1
+++ s!:testeq1 compiled, 167 + 72 bytes
Compile: s!:testeqcar
+++ s!:testeqcar compiled, 143 + 116 bytes
Compile: s!:testequal
+++ s!:testequal compiled, 115 + 52 bytes
Compile: s!:testflagp
+++ s!:testflagp compiled, 96 + 88 bytes
Compile: s!:testneq
+++ s!:testneq compiled, 11 + 20 bytes
Compile: s!:testnot
+++ s!:testnot compiled, 10 + 16 bytes
Compile: s!:tidy_exits
+++ s!:tidy_exits compiled, 22 + 12 bytes
Compile: s!:tidy_exits_1
+++ s!:tidy_exits_1 compiled, 128 + 56 bytes
Compile: s!:tidy_flowgraph
+++ s!:tidy_flowgraph compiled, 327 + 48 bytes
Compile: s!:too_many_literals
+++ s!:too_many_literals compiled, 206 + 60 bytes
Compile: s!:top
+++ s!:top_qlcxrhmrbv1c compiled, 4 + 12 bytes
Compile: s!:trim!.c
+++ s!:trim!.c compiled, 22 + 20 bytes
Compile: s!:try_tail_1
+++ s!:try_tail_1 compiled, 199 + 92 bytes
Compile: s!:try_tailcall
+++ s!:try_tailcall compiled, 22 + 12 bytes
Compile: s!:vecof
+++ s!:vecof compiled, 33 + 12 bytes
Compile: sassoc
+++ sassoc compiled, 16 + 8 bytes
Compile: save_source_database
+++ save_source_database compiled, 46 + 32 bytes
Compile: sort
+++ sort compiled, 7 + 12 bytes
Compile: sortip
+++ sortip compiled as link to stable-sortip
Compile: stable!-sort
+++ stable!-sort compiled, 7 + 12 bytes
Compile: superprinm
+++ superprinm compiled, 105 + 96 bytes
Compile: superprintm
+++ superprintm compiled, 12 + 20 bytes
Compile: symerr
+++ symerr compiled, 12 + 16 bytes
Compile: traceset
+++ traceset compiled, 12 + 12 bytes
Compile: traceset1
+++ traceset1 compiled, 43 + 48 bytes
Compile: unfluid
+++ unfluid compiled, 10 + 8 bytes
Compile: unglobal
+++ unglobal compiled, 10 + 8 bytes
Compile: untraceset
+++ untraceset compiled, 12 + 12 bytes
Compile: untraceset1
+++ untraceset1 compiled, 43 + 48 bytes

nil

FASLOUT compat: IN files;  or type in expressions
When all done, execute FASLEND;

Reading file "$cslbase/compat.lsp"
+++ rplacw compiled, 9 + 8 bytes
+++ expand compiled, 14 + 8 bytes
+++ plus_4lcok6r6bp3g compiled, 11 + 20 bytes
+++ times_z6u5f3t8dwo4 compiled, 11 + 20 bytes
+++ mapcar compiled, 17 + 8 bytes
+++ maplist compiled, 16 + 8 bytes
+++ mapcan compiled, 27 + 8 bytes
+++ mapcon compiled, 26 + 8 bytes
+++ mapc compiled, 10 + 8 bytes
+++ map compiled, 9 + 8 bytes
+++ copy compiled, 16 + 8 bytes
+++ sassoc compiled, 16 + 8 bytes
+++ rassoc compiled, 14 + 8 bytes
+++ lastcar compiled, 12 + 8 bytes
+++ open compiled, 35 + 48 bytes
+++ binopen compiled, 42 + 52 bytes
+++ pipe!-open compiled, 20 + 36 bytes
+++ putd compiled, 88 + 60 bytes
+++ putc compiled as link to put
+++ traceset1 compiled, 43 + 48 bytes
+++ untraceset1 compiled, 43 + 48 bytes
+++ traceset compiled, 12 + 12 bytes
+++ untraceset compiled, 12 + 12 bytes
+++ deflist compiled, 22 + 12 bytes
+++ global compiled, 18 + 8 bytes
+++ fluid compiled, 18 + 8 bytes
+++ unglobal compiled, 10 + 8 bytes
+++ unfluid compiled, 10 + 8 bytes
+++ printprompt compiled, 1 + 8 bytes
+++ carcheck compiled, 12 + 12 bytes
+++ symerr compiled, 12 + 16 bytes
+++ s!:oblist compiled, 52 + 20 bytes
+++ s!:oblist1 compiled, 17 + 12 bytes
+++ oblist compiled, 8 + 28 bytes
+++ s!:make!-psetq!-vars compiled, 24 + 24 bytes
+++ s!:make!-psetq!-bindings compiled, 20 + 12 bytes
+++ s!:make!-psetq!-assignments compiled, 21 + 16 bytes
+++ psetq_vg20v16gc5na compiled, 20 + 24 bytes
+++ s!:do!-bindings compiled, 42 + 12 bytes
+++ s!:do!-endtest compiled, 5 + 8 bytes
+++ s!:do!-result compiled, 5 + 8 bytes
+++ s!:do!-updates compiled, 25 + 8 bytes
+++ s!:expand!-do compiled, 116 + 48 bytes
+++ do_tys294e5sboe compiled, 8 + 20 bytes
+++ do!*_z2tw2evoft83 compiled, 8 + 20 bytes
+++ s!:expand!-dolist compiled, 90 + 48 bytes
+++ dolist_2oc4v2mwnrv2 compiled, 8 + 12 bytes
+++ s!:expand!-dotimes compiled, 94 + 52 bytes
+++ dotimes_cm3wu6zfgv79 compiled, 8 + 12 bytes
End of file "$cslbase/compat.lsp"

Reading file "$cslbase/extras.lsp"
+++ oem!-supervisor compiled, 7 + 8 bytes
+++ break!-loop compiled, 109 + 72 bytes
+++ s!:stamp compiled, 39 + 32 bytes
+++ dated!-name compiled, 28 + 28 bytes
+++ hashtagged!-name compiled, 16 + 24 bytes
+++ sort compiled, 7 + 12 bytes
+++ stable!-sort compiled, 7 + 12 bytes
+++ sortip compiled as link to stable-sortip
+++ stable!-sortip compiled, 129 + 8 bytes
+++ s!:prinl0 compiled, 30 + 44 bytes
+++ s!:prinl1 compiled, 123 + 48 bytes
+++ s!:prinl2 compiled, 313 + 96 bytes
+++ printl compiled, 5 + 12 bytes
+++ printcl compiled, 5 + 12 bytes
+++ princl compiled, 4 + 16 bytes
+++ prinl compiled, 4 + 16 bytes
+++ s!:format compiled, 221 + 48 bytes
+++ format_vqx39lgqssd1 compiled, 17 + 16 bytes
+++ prettyprint compiled, 8 + 12 bytes
+++ superprintm compiled, 12 + 20 bytes
+++ superprinm compiled, 105 + 96 bytes
+++ s!:top_su2dv6yphmp9 compiled, 4 + 12 bytes
+++ s!:depth_nywe93u7asd2 compiled, 7 + 12 bytes
+++ s!:indenting_uugpn161oe9g compiled, 7 + 12 bytes
+++ s!:blankcount_di4u8tiv3pra compiled, 7 + 12 bytes
+++ s!:blanklist_3grr8hhc8kse compiled, 7 + 12 bytes
+++ s!:setindenting_wlwn13x1f3y compiled, 12 + 16 bytes
+++ s!:setblankcount_wqtabtq2ayhf compiled, 12 + 16 bytes
+++ s!:setblanklist_yx45qh074fy7 compiled, 12 + 16 bytes
+++ s!:newframe_jj3e2mkec583 compiled, 12 + 16 bytes
+++ s!:blankp_q4md8q4t32hd compiled, 10 + 16 bytes
+++ s!:prindent compiled, 326 + 148 bytes
+++ s!:explodes compiled as link to explode
+++ s!:prvector compiled, 73 + 52 bytes
+++ s!:putblank compiled, 32 + 24 bytes
+++ s!:endlist compiled, 5 + 12 bytes
+++ s!:finishpending compiled, 46 + 28 bytes
+++ s!:quotep compiled, 26 + 20 bytes
+++ s!:putch compiled, 64 + 56 bytes
+++ s!:overflow compiled, 301 + 128 bytes
+++ fetch!-url compiled, 67 + 40 bytes
End of file "$cslbase/extras.lsp"
Completed FASL files for compat
+++ FASLEND: hits = 574, misses = 335

nil

nil

FASLOUT compiler: IN files;  or type in expressions
When all done, execute FASLEND;

Reading file "$cslbase/compiler.lsp"
+++ s!:vecof compiled, 33 + 12 bytes
+++ s!:prinhex1 compiled, 9 + 20 bytes
+++ s!:prinhex2 compiled, 7 + 20 bytes
+++ s!:prinhex4 compiled, 7 + 20 bytes
+++ s!:start_procedure compiled, 53 + 56 bytes
+++ s!:set_label compiled, 50 + 40 bytes
+++ s!:outjump compiled, 81 + 52 bytes
+++ s!:outexit compiled, 46 + 36 bytes
+++ s!:outopcode0 compiled, 29 + 36 bytes
+++ s!:outopcode1 compiled, 34 + 40 bytes
+++ s!:record_literal compiled, 48 + 36 bytes
+++ s!:record_literal_for_jump compiled, 51 + 36 bytes
+++ s!:outopcode1lit compiled, 36 + 44 bytes
+++ s!:outopcode2 compiled, 38 + 40 bytes
+++ s!:outopcode2lit compiled, 42 + 44 bytes
+++ s!:outlexref compiled, 141 + 92 bytes
+++ s!:literal_order compiled, 17 + 8 bytes
+++ s!:resolve_literals compiled, 240 + 64 bytes
+++ s!:only_loadlit compiled, 18 + 16 bytes
+++ s!:too_many_literals compiled, 206 + 60 bytes
+++ s!:endprocedure compiled, 218 + 112 bytes
+++ s!:add_pending compiled, 31 + 16 bytes
+++ s!:invent_exit compiled, 36 + 16 bytes
+++ s!:destination_label compiled, 49 + 20 bytes
+++ s!:remlose compiled, 59 + 36 bytes
+++ s!:remcall compiled, 207 + 88 bytes
+++ s!:is_lose_and_exit compiled, 52 + 24 bytes
+++ s!:try_tail_1 compiled, 199 + 92 bytes
+++ s!:try_tailcall compiled, 22 + 12 bytes
+++ s!:tidy_exits_1 compiled, 128 + 56 bytes
+++ s!:tidy_exits compiled, 22 + 12 bytes
+++ s!:tidy_flowgraph compiled, 327 + 48 bytes
+++ s!:negate_jump compiled, 13 + 12 bytes
+++ s!:resolve_labels compiled, 116 + 36 bytes
+++ s!:plant_basic_block compiled, 125 + 60 bytes
+++ s!:plant_bytes compiled, 147 + 64 bytes
+++ s!:plant_exit_code compiled, 144 + 52 bytes
+++ s!:expand_jump compiled, 225 + 100 bytes
+++ s!:comval compiled, 98 + 44 bytes
+++ s!:comspecform compiled, 7 + 20 bytes
+++ s!:improve compiled, 23 + 16 bytes
+++ s!:imp_minus compiled, 53 + 28 bytes
+++ s!:imp_times compiled, 69 + 32 bytes
+++ s!:imp_itimes compiled, 69 + 32 bytes
+++ s!:imp_difference compiled, 26 + 24 bytes
+++ s!:imp_idifference compiled, 26 + 24 bytes
+++ s!:alwayseasy compiled, 2 + 12 bytes
+++ s!:easyifarg compiled, 16 + 12 bytes
+++ s!:easygetv compiled, 25 + 24 bytes
+++ s!:easyqgetv compiled, 22 + 20 bytes
+++ s!:iseasy compiled, 18 + 16 bytes
+++ s!:instate_local_decs compiled, 40 + 20 bytes
+++ s!:residual_local_decs compiled, 46 + 20 bytes
+++ s!:cancel_local_decs compiled as link to unfluid
+++ s!:find_local_decs compiled, 45 + 12 bytes
+++ s!:comlambda compiled, 245 + 100 bytes
+++ s!:loadliteral compiled, 27 + 36 bytes
+++ s!:comquote compiled, 11 + 16 bytes
+++ s!:comfunction compiled, 159 + 120 bytes
+++ s!:should_be_fluid compiled, 33 + 36 bytes
+++ s!:find_lexical compiled, 34 + 12 bytes
+++ s!:comatom compiled, 189 + 124 bytes
+++ s!:islocal compiled, 36 + 20 bytes
+++ s!:load2 compiled, 228 + 100 bytes
+++ s!:comcall compiled, 539 + 268 bytes
+++ s!:ad_name compiled, 19 + 28 bytes
+++ s!:comcarcdr3 compiled, 29 + 28 bytes
+++ s!:comcarcdr4 compiled, 24 + 16 bytes
+++ s!:comgetv compiled, 14 + 24 bytes
+++ s!:comqgetv compiled, 37 + 36 bytes
+++ s!:comget compiled, 91 + 68 bytes
+++ s!:comflagp compiled, 52 + 44 bytes
+++ s!:complus compiled, 7 + 20 bytes
+++ s!:comtimes compiled, 7 + 20 bytes
+++ s!:comiplus compiled, 7 + 20 bytes
+++ s!:comitimes compiled, 7 + 20 bytes
+++ s!:complus2 compiled, 82 + 40 bytes
+++ s!:comdifference compiled, 74 + 44 bytes
+++ s!:comiplus2 compiled, 64 + 36 bytes
+++ s!:comidifference compiled, 53 + 36 bytes
+++ s!:comtimes2 compiled, 72 + 32 bytes
+++ s!:comminus compiled, 33 + 24 bytes
+++ s!:comminusp compiled, 20 + 28 bytes
+++ s!:comlessp compiled, 25 + 28 bytes
+++ s!:comiminusp compiled, 20 + 28 bytes
+++ s!:comilessp compiled, 25 + 28 bytes
+++ s!:comprogn compiled, 40 + 20 bytes
+++ s!:comprog1 compiled, 65 + 44 bytes
+++ s!:comprog2 compiled, 31 + 24 bytes
+++ s!:outstack compiled, 136 + 68 bytes
+++ s!:outlose compiled, 136 + 68 bytes
+++ s!:comprog compiled, 333 + 132 bytes
+++ s!:comtagbody compiled, 110 + 44 bytes
+++ s!:comblock compiled, 25 + 28 bytes
+++ s!:comcatch compiled, 49 + 56 bytes
+++ s!:comthrow compiled, 33 + 40 bytes
+++ s!:comunwind!-protect compiled, 68 + 68 bytes
+++ s!:comdeclare compiled, 14 + 20 bytes
+++ s!:expand_let compiled, 56 + 12 bytes
+++ s!:comlet compiled, 11 + 20 bytes
+++ s!:expand_let!* compiled, 102 + 24 bytes
+++ s!:comlet!* compiled, 16 + 20 bytes
+++ s!:restore_stack compiled, 126 + 84 bytes
+++ s!:comgo compiled, 63 + 44 bytes
+++ s!:comreturn!-from compiled, 58 + 48 bytes
+++ s!:comreturn compiled, 9 + 16 bytes
+++ s!:jumpif compiled, 310 + 148 bytes
+++ s!:testnot compiled, 10 + 16 bytes
+++ s!:testatom compiled, 41 + 44 bytes
+++ s!:testconsp compiled, 41 + 44 bytes
+++ s!:comcond compiled, 88 + 52 bytes
+++ s!:comif compiled, 55 + 40 bytes
+++ s!:comwhen compiled, 41 + 44 bytes
+++ s!:comunless compiled, 13 + 20 bytes
+++ s!:comicase compiled, 84 + 36 bytes
+++ s!:jumpliteql compiled, 55 + 72 bytes
+++ s!:casebranch compiled, 226 + 112 bytes
+++ s!:comcase compiled, 348 + 100 bytes
+++ s!:comeval!-when compiled, 53 + 36 bytes
+++ s!:comthe compiled, 6 + 12 bytes
+++ s!:comand compiled, 30 + 32 bytes
+++ s!:comor compiled, 30 + 32 bytes
+++ s!:combool compiled, 50 + 32 bytes
+++ s!:testeq compiled, 219 + 104 bytes
+++ s!:testeq1 compiled, 167 + 72 bytes
+++ s!:testequal compiled, 115 + 52 bytes
+++ s!:testneq compiled, 11 + 20 bytes
+++ s!:testeqcar compiled, 143 + 116 bytes
+++ s!:testflagp compiled, 96 + 88 bytes
+++ s!:comsetq compiled, 221 + 136 bytes
+++ s!:comlist compiled, 74 + 36 bytes
+++ s!:comlist!* compiled, 72 + 28 bytes
+++ s!:comcons compiled, 113 + 52 bytes
+++ s!:comapply compiled, 88 + 48 bytes
+++ s!:imp_funcall compiled, 56 + 52 bytes
+++ s!:eval_to_eq_safe compiled, 48 + 24 bytes
+++ s!:eval_to_eq_unsafe compiled, 53 + 24 bytes
+++ s!:list_all_eq_safe compiled, 18 + 12 bytes
+++ s!:eval_to_list_all_eq_safe compiled, 52 + 28 bytes
+++ s!:list_some_eq_unsafe compiled, 14 + 16 bytes
+++ s!:eval_to_list_some_eq_unsafe compiled, 44 + 28 bytes
+++ s!:eval_to_car_eq_safe compiled, 21 + 24 bytes
+++ s!:eval_to_car_eq_unsafe compiled, 21 + 24 bytes
+++ s!:alist_eq_safe compiled, 24 + 16 bytes
+++ s!:eval_to_alist_eq_safe compiled, 52 + 28 bytes
+++ s!:alist_eq_unsafe compiled, 33 + 16 bytes
+++ s!:eval_to_alist_eq_unsafe compiled, 44 + 32 bytes
+++ s!:comequal compiled, 22 + 20 bytes
+++ s!:comeq compiled, 49 + 40 bytes
+++ s!:comeqcar compiled, 36 + 36 bytes
+++ s!:comsublis compiled, 17 + 24 bytes
+++ s!:comsubla compiled, 36 + 40 bytes
+++ s!:comassoc compiled, 38 + 36 bytes
+++ s!:comatsoc compiled, 49 + 48 bytes
+++ s!:commember compiled, 27 + 32 bytes
+++ s!:commemq compiled, 49 + 48 bytes
+++ s!:comdelete compiled, 27 + 32 bytes
+++ s!:comdeleq compiled, 49 + 48 bytes
+++ s!:commap compiled, 279 + 128 bytes
+++ s!:nilargs compiled, 16 + 20 bytes
+++ s!:subargs compiled, 20 + 16 bytes
+++ clear_source_database compiled, 9 + 28 bytes
+++ load_source_database compiled, 31 + 28 bytes
+++ save_source_database compiled, 46 + 32 bytes
+++ display_source_database compiled, 39 + 28 bytes
+++ s!:r2i compiled, 75 + 40 bytes
+++ s!:r2i1 compiled, 173 + 96 bytes
+++ s!:r2iand compiled, 18 + 16 bytes
+++ s!:r2ior compiled, 28 + 12 bytes
+++ s!:r2icond compiled, 102 + 32 bytes
+++ s!:r2iif compiled, 51 + 12 bytes
+++ s!:r2iwhen compiled, 15 + 12 bytes
+++ s!:r2iprogn compiled, 29 + 12 bytes
+++ s!:r2icons compiled, 82 + 48 bytes
+++ s!:r2icons2 compiled, 79 + 44 bytes
+++ s!:r2isteps compiled, 97 + 40 bytes
+++ s!:r2i_safestep compiled, 18 + 16 bytes
+++ s!:r2i_dependson compiled, 49 + 36 bytes
+++ s!:r2i_list_dependson compiled, 14 + 16 bytes
+++ s!:r2i2 compiled, 143 + 76 bytes
+++ s!:r2i2cond compiled, 94 + 28 bytes
+++ s!:r2i2if compiled, 51 + 12 bytes
+++ s!:r2i2when compiled, 15 + 12 bytes
+++ s!:r2i2progn compiled, 29 + 12 bytes
+++ s!:r2i3 compiled, 311 + 72 bytes
+++ s!:any_fluid compiled, 13 + 16 bytes
+++ s!:compile1 compiled, 916 + 244 bytes
+++ s!:compile2 compiled, 505 + 172 bytes
+++ compile!-all compiled, 53 + 44 bytes
+++ s!:fasl_supervisor compiled, 103 + 60 bytes
+++ s!:fslout0 compiled, 4 + 12 bytes
+++ s!:fslout1 compiled, 510 + 228 bytes
+++ s!:fslout2 compiled, 61 + 48 bytes
+++ faslend compiled, 361 + 204 bytes
+++ s!:file compiled, 28 + 20 bytes
+++ s!:trim!.c compiled, 22 + 20 bytes
+++ s!:dir compiled, 33 + 24 bytes
+++ faslout compiled, 100 + 112 bytes
+++ s!:c_supervisor compiled, 103 + 60 bytes
+++ s!:cout0 compiled, 4 + 12 bytes
+++ s!:cout1 compiled, 402 + 164 bytes
+++ c_end compiled, 17 + 32 bytes
+++ c_out compiled, 68 + 72 bytes
+++ s!:compile!-file!* compiled, 123 + 68 bytes
+++ compile!-file!* compiled, 10 + 16 bytes
+++ compd compiled, 30 + 36 bytes
+++ s!:compile0 compiled, 222 + 92 bytes
+++ s!:fully_macroexpand_list compiled, 24 + 12 bytes
+++ s!:fully_macroexpand compiled, 58 + 28 bytes
+++ s!:expandfunction compiled, 1 + 8 bytes
+++ s!:expandflet compiled, 31 + 16 bytes
+++ s!:expandfletvars compiled, 10 + 12 bytes
+++ s!:expandlabels compiled as link to s:expandflet
+++ s!:expandmacrolet compiled as link to s:expandflet
+++ s!:expandprog compiled, 10 + 12 bytes
+++ s!:expandtagbody compiled as link to s:fully_macroexpand_list
+++ s!:expandprogv compiled, 14 + 12 bytes
+++ s!:expandblock compiled, 10 + 12 bytes
+++ s!:expanddeclare compiled, 1 + 8 bytes
+++ s!:expandlet compiled, 31 + 12 bytes
+++ s!:expandlet!* compiled as link to s:expandlet
+++ s!:expandgo compiled, 1 + 8 bytes
+++ s!:expandreturn!-from compiled, 10 + 12 bytes
+++ s!:expandcond compiled, 24 + 12 bytes
+++ s!:expandcase compiled, 34 + 16 bytes
+++ s!:expandeval!-when compiled, 10 + 12 bytes
+++ s!:expandthe compiled, 10 + 12 bytes
+++ s!:expandmv!-call compiled, 10 + 12 bytes
+++ compile compiled, 32 + 20 bytes
+++ c!:printf_w69wci2a15ld compiled, 13 + 16 bytes
+++ c!:printf1 compiled, 149 + 92 bytes
+++ c!:safeprin compiled, 28 + 20 bytes
+++ c!:valid_fndef compiled, 14 + 20 bytes
+++ c!:valid_list compiled, 16 + 16 bytes
+++ c!:valid_expr compiled, 53 + 36 bytes
+++ c!:cspecform compiled, 7 + 20 bytes
+++ c!:valid_specform compiled, 1 + 8 bytes
+++ c!:reset_gensyms compiled, 100 + 64 bytes
+++ c!:my_gensym compiled, 40 + 28 bytes
+++ c!:newreg compiled, 7 + 16 bytes
+++ c!:startblock compiled, 5 + 16 bytes
+++ c!:outop compiled, 15 + 16 bytes
+++ c!:endblock compiled, 31 + 36 bytes
+++ c!:cval_inner compiled, 69 + 48 bytes
+++ c!:cval compiled, 20 + 28 bytes
+++ c!:clambda compiled, 196 + 72 bytes
+++ c!:locally_bound compiled, 5 + 8 bytes
+++ c!:find_literal compiled, 27 + 16 bytes
+++ c!:catom compiled, 81 + 56 bytes
+++ c!:cjumpif compiled, 65 + 48 bytes
+++ c!:ccall compiled as link to c:ccall1
+++ c!:has_calls compiled, 7 + 16 bytes
+++ c!:has_calls_1 compiled, 70 + 36 bytes
+++ c!:can_reach compiled, 23 + 24 bytes
+++ c!:any_can_reach compiled, 14 + 16 bytes
+++ c!:pareval compiled, 117 + 28 bytes
+++ c!:ccall1 compiled, 64 + 36 bytes
+++ c!:cfndef compiled, 478 + 224 bytes
+++ c!:ccompilesupervisor compiled, 84 + 56 bytes
+++ c!:inv_name compiled, 102 + 36 bytes
+++ c!:ccmpout1 compiled, 20 + 20 bytes
+++ c!:ccmpout1a compiled, 170 + 92 bytes
+++ c!:concat compiled, 18 + 16 bytes
+++ c!:ccompilestart compiled, 252 + 176 bytes
+++ c!:print!-init compiled, 72 + 64 bytes
+++ c!-end compiled, 3 + 16 bytes
+++ c!-end1 compiled, 407 + 220 bytes
+++ c!-compile compiled, 47 + 56 bytes
+++ c!:print_opcode compiled, 42 + 16 bytes
+++ c!:print_exit_condition compiled, 549 + 184 bytes
+++ c!:pmovr compiled, 8 + 16 bytes
+++ c!:pmovk compiled, 9 + 16 bytes
+++ c!:pmovk1 compiled, 30 + 32 bytes
+++ c!:preloadenv compiled, 9 + 20 bytes
+++ c!:pldrglob compiled, 9 + 16 bytes
+++ c!:pstrglob compiled, 10 + 16 bytes
+++ c!:pnilglob compiled, 7 + 16 bytes
+++ c!:pnull compiled, 8 + 16 bytes
+++ c!:pfastget compiled, 74 + 60 bytes
+++ c!:pfastflag compiled, 82 + 64 bytes
+++ c!:pcar compiled, 26 + 36 bytes
+++ c!:pcdr compiled, 26 + 36 bytes
+++ c!:pqcar compiled, 8 + 16 bytes
+++ c!:pqcdr compiled, 8 + 16 bytes
+++ c!:patom compiled, 8 + 16 bytes
+++ c!:pnumberp compiled, 8 + 16 bytes
+++ c!:pfixp compiled, 8 + 16 bytes
+++ c!:piminusp compiled, 8 + 16 bytes
+++ c!:pilessp compiled, 9 + 16 bytes
+++ c!:pigreaterp compiled, 9 + 16 bytes
+++ c!:piminus compiled, 8 + 16 bytes
+++ c!:piadd1 compiled, 8 + 16 bytes
+++ c!:pisub1 compiled, 8 + 16 bytes
+++ c!:piplus2 compiled, 9 + 16 bytes
+++ c!:pidifference compiled, 9 + 16 bytes
+++ c!:pitimes2 compiled, 9 + 16 bytes
+++ c!:pmodular_plus compiled, 20 + 28 bytes
+++ c!:pmodular_difference compiled, 20 + 28 bytes
+++ c!:pmodular_minus compiled, 20 + 28 bytes
+++ c!:passoc compiled, 9 + 16 bytes
+++ c!:patsoc compiled, 9 + 16 bytes
+++ c!:pmember compiled, 9 + 16 bytes
+++ c!:pmemq compiled, 9 + 16 bytes
+++ c!:pget compiled, 9 + 16 bytes
+++ c!:pqgetv compiled, 12 + 20 bytes
+++ c!:pqputv compiled, 13 + 20 bytes
+++ c!:peq compiled, 9 + 16 bytes
+++ c!:pequal compiled, 15 + 16 bytes
+++ c!:pfluidbind compiled, 2 + 8 bytes
+++ c!:pcall compiled, 323 + 140 bytes
+++ c!:fix_nargs compiled, 28 + 12 bytes
+++ c!:pgoto compiled, 40 + 36 bytes
+++ c!:pifnull compiled, 6 + 16 bytes
+++ c!:pifatom compiled, 6 + 16 bytes
+++ c!:pifsymbol compiled, 6 + 16 bytes
+++ c!:pifnumber compiled, 6 + 16 bytes
+++ c!:pifizerop compiled, 6 + 16 bytes
+++ c!:pifeq compiled, 8 + 16 bytes
+++ c!:pifequal compiled, 14 + 16 bytes
+++ c!:pifilessp compiled, 8 + 16 bytes
+++ c!:pifigreaterp compiled, 8 + 16 bytes
+++ c!:display_flowgraph compiled, 97 + 64 bytes
+++ c!:branch_chain compiled, 143 + 44 bytes
+++ c!:one_operand compiled, 16 + 28 bytes
+++ c!:two_operands compiled, 21 + 32 bytes
+++ c!:live_variable_analysis compiled, 384 + 148 bytes
+++ c!:insert1 compiled, 8 + 8 bytes
+++ c!:clash compiled, 37 + 20 bytes
+++ c!:build_clash_matrix compiled, 219 + 88 bytes
+++ c!:allocate_registers compiled, 129 + 28 bytes
+++ c!:remove_nops compiled, 179 + 60 bytes
+++ c!:find_error_label compiled, 22 + 16 bytes
+++ c!:assign compiled, 28 + 24 bytes
+++ c!:insert_tailcall compiled, 171 + 72 bytes
+++ c!:does_return compiled, 67 + 32 bytes
+++ c!:pushpop compiled, 73 + 44 bytes
+++ c!:optimise_flowgraph compiled, 554 + 272 bytes
+++ c!:print_error_return compiled, 197 + 96 bytes
+++ c!:cand compiled, 46 + 24 bytes
+++ c!:ccatch compiled, 4 + 20 bytes
+++ c!:ccompile_let compiled, 4 + 20 bytes
+++ c!:ccond compiled, 105 + 56 bytes
+++ c!:valid_cond compiled, 13 + 16 bytes
+++ c!:cdeclare compiled, 4 + 20 bytes
+++ c!:cde compiled, 4 + 20 bytes
+++ c!:cdefun compiled, 4 + 20 bytes
+++ c!:ceval_when compiled, 4 + 20 bytes
+++ c!:cflet compiled, 4 + 20 bytes
+++ c!:cfunction compiled, 46 + 52 bytes
+++ c!:valid_function compiled, 33 + 24 bytes
+++ c!:cgo compiled, 32 + 32 bytes
+++ c!:cif compiled, 78 + 44 bytes
+++ c!:clabels compiled, 4 + 20 bytes
+++ c!:expand!-let compiled, 67 + 20 bytes
+++ c!:clet compiled, 8 + 16 bytes
+++ c!:valid_let compiled, 12 + 20 bytes
+++ c!:expand!-let!* compiled, 43 + 24 bytes
+++ c!:clet!* compiled, 8 + 16 bytes
+++ c!:clist compiled, 98 + 44 bytes
+++ c!:clist!* compiled, 30 + 16 bytes
+++ c!:ccons compiled, 89 + 48 bytes
+++ c!:cget compiled, 53 + 44 bytes
+++ c!:cflag compiled, 53 + 44 bytes
+++ c!:cgetv compiled, 14 + 24 bytes
+++ c!:cputv compiled, 14 + 24 bytes
+++ c!:cqputv compiled, 19 + 20 bytes
+++ c!:cmacrolet compiled, 4 + 20 bytes
+++ c!:cmultiple_value_call compiled, 4 + 20 bytes
+++ c!:cmultiple_value_prog1 compiled, 4 + 20 bytes
+++ c!:cor compiled, 63 + 44 bytes
+++ c!:cprog compiled, 316 + 108 bytes
+++ c!:valid_prog compiled, 3 + 12 bytes
+++ c!:cprog!* compiled, 4 + 20 bytes
+++ c!:cprog1 compiled, 31 + 32 bytes
+++ c!:cprog2 compiled, 39 + 32 bytes
+++ c!:cprogn compiled, 25 + 16 bytes
+++ c!:cprogv compiled, 4 + 20 bytes
+++ c!:cquote compiled, 39 + 36 bytes
+++ c!:valid_quote compiled, 2 + 12 bytes
+++ c!:creturn compiled, 34 + 44 bytes
+++ c!:csetq compiled, 63 + 56 bytes
+++ c!:cprivate_tagbody compiled, 47 + 28 bytes
+++ c!:cthe compiled, 5 + 12 bytes
+++ c!:cthrow compiled, 4 + 20 bytes
+++ c!:cunless compiled, 65 + 52 bytes
+++ c!:cunwind_protect compiled, 4 + 20 bytes
+++ c!:cwhen compiled, 65 + 52 bytes
+++ c!:expand_map compiled, 242 + 120 bytes
+++ c!:expand_carcdr compiled, 37 + 20 bytes
+++ c!:builtin_one compiled, 17 + 20 bytes
+++ c!:builtin_two compiled, 25 + 20 bytes
+++ c!:narg compiled, 9 + 20 bytes
+++ c!:cplus2 compiled, 69 + 40 bytes
+++ c!:ciplus2 compiled, 66 + 40 bytes
+++ c!:cdifference compiled, 63 + 44 bytes
+++ c!:cidifference compiled, 60 + 44 bytes
+++ c!:ctimes2 compiled, 71 + 36 bytes
+++ c!:citimes2 compiled, 68 + 36 bytes
+++ c!:cminus compiled, 29 + 24 bytes
+++ c!:ceq compiled, 45 + 36 bytes
+++ c!:cequal compiled, 56 + 44 bytes
+++ c!:is_fixnum compiled, 17 + 16 bytes
+++ c!:certainlyatom compiled, 30 + 20 bytes
+++ c!:atomlist1 compiled, 18 + 12 bytes
+++ c!:atomlist compiled, 52 + 28 bytes
+++ c!:atomcar compiled, 21 + 24 bytes
+++ c!:atomkeys1 compiled, 24 + 20 bytes
+++ c!:atomkeys compiled, 52 + 28 bytes
+++ c!:comsublis compiled, 10 + 16 bytes
+++ c!:comassoc compiled, 15 + 20 bytes
+++ c!:commember compiled, 15 + 20 bytes
+++ c!:comdelete compiled, 15 + 20 bytes
+++ c!:ctestif compiled, 33 + 20 bytes
+++ c!:ctestnull compiled, 9 + 12 bytes
+++ c!:ctestatom compiled, 15 + 20 bytes
+++ c!:ctestconsp compiled, 15 + 20 bytes
+++ c!:ctestsymbol compiled, 15 + 20 bytes
+++ c!:ctestnumberp compiled, 15 + 20 bytes
+++ c!:ctestizerop compiled, 15 + 20 bytes
+++ c!:ctesteq compiled, 44 + 24 bytes
+++ c!:ctesteqcar compiled, 48 + 40 bytes
+++ c!:small_number compiled, 17 + 16 bytes
+++ c!:eqvalid compiled, 26 + 28 bytes
+++ c!:ctestequal compiled, 59 + 36 bytes
+++ c!:ctestilessp compiled, 19 + 20 bytes
+++ c!:ctestigreaterp compiled, 19 + 20 bytes
+++ c!:ctestand compiled, 34 + 28 bytes
+++ c!:ctestor compiled, 34 + 28 bytes
End of file "$cslbase/compiler.lsp"
Completed FASL files for compiler
+++ FASLEND: hits = 5767, misses = 2693

nil
bytecode statistics not available

nil

The system is about to do a restart...
Memory allocation: 117433344 bytes
There are 24 processors available
Fast-loading "/usr/local/etc/reduce/cslbuild/x86_64-unknown-ubuntu12.04/csl/csl.img(compat)"
+++ Fastget size was 32, now 32
+++ Use fastget slot 0 for noncom
+++ Use fastget slot 1 for lose

nil

nil

nil

(compile compiler)

(compile!-all compiler)

(faslout compiler)

(c_out compiler)

t

t

!~indefinite!-value!~

The system will be preserved on file "/usr/local/etc/reduce/cslbuild/x86_64-unknown-ubuntu12.04/csl/csl.img(InitialImage)"
+++ Garbage collection 1 (preserve) after 0.26+0.00 seconds
At gc end about 12.0 Mbytes of 116.0 (10.3%) of heap is in use


End of Lisp run after 0.31+0.00 seconds
